<?xml version="1.0" encoding="UTF-8"?>
<!-- Generated by org.testng.reporters.JUnitXMLReporter -->
<testsuite ignored="0" hostname="DESKTOP-FOASM6G" failures="0" tests="3" name="Default test" time="0.155" errors="0" timestamp="2024-10-08T11:18:19 MESZ">
  <testcase classname="formsTesting.CircleTest" name="testCalculateArea" time="0.016"/>
  <testcase classname="formsTesting.CircleTest" name="testCalculateCircumference" time="0.005"/>
  <testcase classname="formsTesting.CircleTest" name="testToString" time="0.008"/>
</testsuite> <!-- Default test -->
