<?xml version="1.0" encoding="UTF-8"?>
<!-- Generated by org.testng.reporters.JUnitXMLReporter -->
<testsuite ignored="0" hostname="DESKTOP-FOASM6G" failures="3" tests="3" name="Default test" time="0.246" errors="0" timestamp="2024-10-13T19:29:05 MESZ">
  <testcase classname="formsTesting.SquareTest" name="testCalculateArea" time="0.019">
    <failure type="java.lang.StackOverflowError">
      <![CDATA[java.lang.StackOverflowError
at formsTesting.Square.<init>(Square.java:9)
at formsTesting.Square.<init>(Square.java:9)
at formsTesting.Square.<init>(Square.java:9)
at formsTesting.Square.<init>(Square.java:9)
at formsTesting.Square.<init>(Square.java:9)
at formsTesting.Square.<init>(Square.java:9)
at formsTesting.Square.<init>(Square.java:9)
at formsTesting.Square.<init>(Square.java:9)
at formsTesting.Square.<init>(Square.java:9)
at formsTesting.Square.<init>(Square.java:9)
at formsTesting.Square.<init>(Square.java:9)
at formsTesting.Square.<init>(Square.java:9)
at formsTesting.Square.<init>(Square.java:9)
at formsTesting.Square.<init>(Square.java:9)
at formsTesting.Square.<init>(Square.java:9)
at formsTesting.Square.<init>(Square.java:9)
at formsTesting.Square.<init>(Square.java:9)
at formsTesting.Square.<init>(Square.java:9)
at formsTesting.Square.<init>(Square.java:9)
at formsTesting.Square.<init>(Square.java:9)
at formsTesting.Square.<init>(Square.java:9)
at formsTesting.Square.<init>(Square.java:9)
at formsTesting.Square.<init>(Square.java:9)
at formsTesting.Square.<init>(Square.java:9)
at formsTesting.Square.<init>(Square.java:9)
at formsTesting.Square.<init>(Square.java:9)
at formsTesting.Square.<init>(Square.java:9)
at formsTesting.Square.<init>(Square.java:9)
at formsTesting.Square.<init>(Square.java:9)
at formsTesting.Square.<init>(Square.java:9)
at formsTesting.Square.<init>(Square.java:9)
at formsTesting.Square.<init>(Square.java:9)
at formsTesting.Square.<init>(Square.java:9)
at formsTesting.Square.<init>(Square.java:9)
at formsTesting.Square.<init>(Square.java:9)
at formsTesting.Square.<init>(Square.java:9)
at formsTesting.Square.<init>(Square.java:9)
at formsTesting.Square.<init>(Square.java:9)
at formsTesting.Square.<init>(Square.java:9)
at formsTesting.Square.<init>(Square.java:9)
at formsTesting.Square.<init>(Square.java:9)
at formsTesting.Square.<init>(Square.java:9)
at formsTesting.Square.<init>(Square.java:9)
at formsTesting.Square.<init>(Square.java:9)
at formsTesting.Square.<init>(Square.java:9)
at formsTesting.Square.<init>(Square.java:9)
at formsTesting.Square.<init>(Square.java:9)
at formsTesting.Square.<init>(Square.java:9)
at formsTesting.Square.<init>(Square.java:9)
at formsTesting.Square.<init>(Square.java:9)
at formsTesting.Square.<init>(Square.java:9)
at formsTesting.Square.<init>(Square.java:9)
at formsTesting.Square.<init>(Square.java:9)
at formsTesting.Square.<init>(Square.java:9)
at formsTesting.Square.<init>(Square.java:9)
at formsTesting.Square.<init>(Square.java:9)
at formsTesting.Square.<init>(Square.java:9)
at formsTesting.Square.<init>(Square.java:9)
at formsTesting.Square.<init>(Square.java:9)
at formsTesting.Square.<init>(Square.java:9)
at formsTesting.Square.<init>(Square.java:9)
at formsTesting.Square.<init>(Square.java:9)
at formsTesting.Square.<init>(Square.java:9)
at formsTesting.Square.<init>(Square.java:9)
at formsTesting.Square.<init>(Square.java:9)
at formsTesting.Square.<init>(Square.java:9)
at formsTesting.Square.<init>(Square.java:9)
at formsTesting.Square.<init>(Square.java:9)
at formsTesting.Square.<init>(Square.java:9)
at formsTesting.Square.<init>(Square.java:9)
at formsTesting.Square.<init>(Square.java:9)
at formsTesting.Square.<init>(Square.java:9)
at formsTesting.Square.<init>(Square.java:9)
at formsTesting.Square.<init>(Square.java:9)
at formsTesting.Square.<init>(Square.java:9)
at formsTesting.Square.<init>(Square.java:9)
at formsTesting.Square.<init>(Square.java:9)
at formsTesting.Square.<init>(Square.java:9)
at formsTesting.Square.<init>(Square.java:9)
at formsTesting.Square.<init>(Square.java:9)
at formsTesting.Square.<init>(Square.java:9)
at formsTesting.Square.<init>(Square.java:9)
at formsTesting.Square.<init>(Square.java:9)
at formsTesting.Square.<init>(Square.java:9)
at formsTesting.Square.<init>(Square.java:9)
at formsTesting.Square.<init>(Square.java:9)
at formsTesting.Square.<init>(Square.java:9)
at formsTesting.Square.<init>(Square.java:9)
at formsTesting.Square.<init>(Square.java:9)
at formsTesting.Square.<init>(Square.java:9)
at formsTesting.Square.<init>(Square.java:9)
at formsTesting.Square.<init>(Square.java:9)
at formsTesting.Square.<init>(Square.java:9)
at formsTesting.Square.<init>(Square.java:9)
at formsTesting.Square.<init>(Square.java:9)
at formsTesting.Square.<init>(Square.java:9)
at formsTesting.Square.<init>(Square.java:9)
at formsTesting.Square.<init>(Square.java:9)
at formsTesting.Square.<init>(Square.java:9)
at formsTesting.Square.<init>(Square.java:9)
at formsTesting.Square.<init>(Square.java:9)
at formsTesting.Square.<init>(Square.java:9)
at formsTesting.Square.<init>(Square.java:9)
at formsTesting.Square.<init>(Square.java:9)
at formsTesting.Square.<init>(Square.java:9)
at formsTesting.Square.<init>(Square.java:9)
at formsTesting.Square.<init>(Square.java:9)
at formsTesting.Square.<init>(Square.java:9)
at formsTesting.Square.<init>(Square.java:9)
at formsTesting.Square.<init>(Square.java:9)
at formsTesting.Square.<init>(Square.java:9)
at formsTesting.Square.<init>(Square.java:9)
at formsTesting.Square.<init>(Square.java:9)
at formsTesting.Square.<init>(Square.java:9)
at formsTesting.Square.<init>(Square.java:9)
at formsTesting.Square.<init>(Square.java:9)
at formsTesting.Square.<init>(Square.java:9)
at formsTesting.Square.<init>(Square.java:9)
at formsTesting.Square.<init>(Square.java:9)
at formsTesting.Square.<init>(Square.java:9)
at formsTesting.Square.<init>(Square.java:9)
at formsTesting.Square.<init>(Square.java:9)
at formsTesting.Square.<init>(Square.java:9)
at formsTesting.Square.<init>(Square.java:9)
at formsTesting.Square.<init>(Square.java:9)
at formsTesting.Square.<init>(Square.java:9)
at formsTesting.Square.<init>(Square.java:9)
at formsTesting.Square.<init>(Square.java:9)
at formsTesting.Square.<init>(Square.java:9)
at formsTesting.Square.<init>(Square.java:9)
at formsTesting.Square.<init>(Square.java:9)
at formsTesting.Square.<init>(Square.java:9)
at formsTesting.Square.<init>(Square.java:9)
at formsTesting.Square.<init>(Square.java:9)
at formsTesting.Square.<init>(Square.java:9)
at formsTesting.Square.<init>(Square.java:9)
at formsTesting.Square.<init>(Square.java:9)
at formsTesting.Square.<init>(Square.java:9)
at formsTesting.Square.<init>(Square.java:9)
at formsTesting.Square.<init>(Square.java:9)
at formsTesting.Square.<init>(Square.java:9)
at formsTesting.Square.<init>(Square.java:9)
at formsTesting.Square.<init>(Square.java:9)
at formsTesting.Square.<init>(Square.java:9)
at formsTesting.Square.<init>(Square.java:9)
at formsTesting.Square.<init>(Square.java:9)
at formsTesting.Square.<init>(Square.java:9)
at formsTesting.Square.<init>(Square.java:9)
at formsTesting.Square.<init>(Square.java:9)
at formsTesting.Square.<init>(Square.java:9)
at formsTesting.Square.<init>(Square.java:9)
at formsTesting.Square.<init>(Square.java:9)
at formsTesting.Square.<init>(Square.java:9)
at formsTesting.Square.<init>(Square.java:9)
at formsTesting.Square.<init>(Square.java:9)
at formsTesting.Square.<init>(Square.java:9)
at formsTesting.Square.<init>(Square.java:9)
at formsTesting.Square.<init>(Square.java:9)
at formsTesting.Square.<init>(Square.java:9)
at formsTesting.Square.<init>(Square.java:9)
at formsTesting.Square.<init>(Square.java:9)
at formsTesting.Square.<init>(Square.java:9)
at formsTesting.Square.<init>(Square.java:9)
at formsTesting.Square.<init>(Square.java:9)
at formsTesting.Square.<init>(Square.java:9)
at formsTesting.Square.<init>(Square.java:9)
at formsTesting.Square.<init>(Square.java:9)
at formsTesting.Square.<init>(Square.java:9)
at formsTesting.Square.<init>(Square.java:9)
at formsTesting.Square.<init>(Square.java:9)
at formsTesting.Square.<init>(Square.java:9)
at formsTesting.Square.<init>(Square.java:9)
at formsTesting.Square.<init>(Square.java:9)
at formsTesting.Square.<init>(Square.java:9)
at formsTesting.Square.<init>(Square.java:9)
at formsTesting.Square.<init>(Square.java:9)
at formsTesting.Square.<init>(Square.java:9)
at formsTesting.Square.<init>(Square.java:9)
at formsTesting.Square.<init>(Square.java:9)
at formsTesting.Square.<init>(Square.java:9)
at formsTesting.Square.<init>(Square.java:9)
at formsTesting.Square.<init>(Square.java:9)
at formsTesting.Square.<init>(Square.java:9)
at formsTesting.Square.<init>(Square.java:9)
at formsTesting.Square.<init>(Square.java:9)
at formsTesting.Square.<init>(Square.java:9)
at formsTesting.Square.<init>(Square.java:9)
at formsTesting.Square.<init>(Square.java:9)
at formsTesting.Square.<init>(Square.java:9)
at formsTesting.Square.<init>(Square.java:9)
at formsTesting.Square.<init>(Square.java:9)
at formsTesting.Square.<init>(Square.java:9)
at formsTesting.Square.<init>(Square.java:9)
at formsTesting.Square.<init>(Square.java:9)
at formsTesting.Square.<init>(Square.java:9)
at formsTesting.Square.<init>(Square.java:9)
at formsTesting.Square.<init>(Square.java:9)
at formsTesting.Square.<init>(Square.java:9)
at formsTesting.Square.<init>(Square.java:9)
at formsTesting.Square.<init>(Square.java:9)
at formsTesting.Square.<init>(Square.java:9)
at formsTesting.Square.<init>(Square.java:9)
at formsTesting.Square.<init>(Square.java:9)
at formsTesting.Square.<init>(Square.java:9)
at formsTesting.Square.<init>(Square.java:9)
at formsTesting.Square.<init>(Square.java:9)
at formsTesting.Square.<init>(Square.java:9)
at formsTesting.Square.<init>(Square.java:9)
at formsTesting.Square.<init>(Square.java:9)
at formsTesting.Square.<init>(Square.java:9)
at formsTesting.Square.<init>(Square.java:9)
at formsTesting.Square.<init>(Square.java:9)
at formsTesting.Square.<init>(Square.java:9)
at formsTesting.Square.<init>(Square.java:9)
at formsTesting.Square.<init>(Square.java:9)
at formsTesting.Square.<init>(Square.java:9)
at formsTesting.Square.<init>(Square.java:9)
at formsTesting.Square.<init>(Square.java:9)
at formsTesting.Square.<init>(Square.java:9)
at formsTesting.Square.<init>(Square.java:9)
at formsTesting.Square.<init>(Square.java:9)
at formsTesting.Square.<init>(Square.java:9)
at formsTesting.Square.<init>(Square.java:9)
at formsTesting.Square.<init>(Square.java:9)
at formsTesting.Square.<init>(Square.java:9)
at formsTesting.Square.<init>(Square.java:9)
at formsTesting.Square.<init>(Square.java:9)
at formsTesting.Square.<init>(Square.java:9)
at formsTesting.Square.<init>(Square.java:9)
at formsTesting.Square.<init>(Square.java:9)
at formsTesting.Square.<init>(Square.java:9)
at formsTesting.Square.<init>(Square.java:9)
at formsTesting.Square.<init>(Square.java:9)
at formsTesting.Square.<init>(Square.java:9)
at formsTesting.Square.<init>(Square.java:9)
at formsTesting.Square.<init>(Square.java:9)
at formsTesting.Square.<init>(Square.java:9)
at formsTesting.Square.<init>(Square.java:9)
at formsTesting.Square.<init>(Square.java:9)
at formsTesting.Square.<init>(Square.java:9)
at formsTesting.Square.<init>(Square.java:9)
at formsTesting.Square.<init>(Square.java:9)
at formsTesting.Square.<init>(Square.java:9)
at formsTesting.Square.<init>(Square.java:9)
at formsTesting.Square.<init>(Square.java:9)
at formsTesting.Square.<init>(Square.java:9)
at formsTesting.Square.<init>(Square.java:9)
at formsTesting.Square.<init>(Square.java:9)
at formsTesting.Square.<init>(Square.java:9)
at formsTesting.Square.<init>(Square.java:9)
at formsTesting.Square.<init>(Square.java:9)
at formsTesting.Square.<init>(Square.java:9)
at formsTesting.Square.<init>(Square.java:9)
at formsTesting.Square.<init>(Square.java:9)
at formsTesting.Square.<init>(Square.java:9)
at formsTesting.Square.<init>(Square.java:9)
at formsTesting.Square.<init>(Square.java:9)
at formsTesting.Square.<init>(Square.java:9)
at formsTesting.Square.<init>(Square.java:9)
at formsTesting.Square.<init>(Square.java:9)
at formsTesting.Square.<init>(Square.java:9)
at formsTesting.Square.<init>(Square.java:9)
at formsTesting.Square.<init>(Square.java:9)
at formsTesting.Square.<init>(Square.java:9)
at formsTesting.Square.<init>(Square.java:9)
at formsTesting.Square.<init>(Square.java:9)
at formsTesting.Square.<init>(Square.java:9)
at formsTesting.Square.<init>(Square.java:9)
at formsTesting.Square.<init>(Square.java:9)
at formsTesting.Square.<init>(Square.java:9)
at formsTesting.Square.<init>(Square.java:9)
at formsTesting.Square.<init>(Square.java:9)
at formsTesting.Square.<init>(Square.java:9)
at formsTesting.Square.<init>(Square.java:9)
at formsTesting.Square.<init>(Square.java:9)
at formsTesting.Square.<init>(Square.java:9)
at formsTesting.Square.<init>(Square.java:9)
at formsTesting.Square.<init>(Square.java:9)
at formsTesting.Square.<init>(Square.java:9)
at formsTesting.Square.<init>(Square.java:9)
at formsTesting.Square.<init>(Square.java:9)
at formsTesting.Square.<init>(Square.java:9)
at formsTesting.Square.<init>(Square.java:9)
at formsTesting.Square.<init>(Square.java:9)
at formsTesting.Square.<init>(Square.java:9)
at formsTesting.Square.<init>(Square.java:9)
at formsTesting.Square.<init>(Square.java:9)
at formsTesting.Square.<init>(Square.java:9)
at formsTesting.Square.<init>(Square.java:9)
at formsTesting.Square.<init>(Square.java:9)
at formsTesting.Square.<init>(Square.java:9)
at formsTesting.Square.<init>(Square.java:9)
at formsTesting.Square.<init>(Square.java:9)
at formsTesting.Square.<init>(Square.java:9)
at formsTesting.Square.<init>(Square.java:9)
at formsTesting.Square.<init>(Square.java:9)
at formsTesting.Square.<init>(Square.java:9)
at formsTesting.Square.<init>(Square.java:9)
at formsTesting.Square.<init>(Square.java:9)
at formsTesting.Square.<init>(Square.java:9)
at formsTesting.Square.<init>(Square.java:9)
at formsTesting.Square.<init>(Square.java:9)
at formsTesting.Square.<init>(Square.java:9)
at formsTesting.Square.<init>(Square.java:9)
at formsTesting.Square.<init>(Square.java:9)
at formsTesting.Square.<init>(Square.java:9)
at formsTesting.Square.<init>(Square.java:9)
at formsTesting.Square.<init>(Square.java:9)
at formsTesting.Square.<init>(Square.java:9)
at formsTesting.Square.<init>(Square.java:9)
at formsTesting.Square.<init>(Square.java:9)
at formsTesting.Square.<init>(Square.java:9)
at formsTesting.Square.<init>(Square.java:9)
at formsTesting.Square.<init>(Square.java:9)
at formsTesting.Square.<init>(Square.java:9)
at formsTesting.Square.<init>(Square.java:9)
at formsTesting.Square.<init>(Square.java:9)
at formsTesting.Square.<init>(Square.java:9)
at formsTesting.Square.<init>(Square.java:9)
at formsTesting.Square.<init>(Square.java:9)
at formsTesting.Square.<init>(Square.java:9)
at formsTesting.Square.<init>(Square.java:9)
at formsTesting.Square.<init>(Square.java:9)
at formsTesting.Square.<init>(Square.java:9)
at formsTesting.Square.<init>(Square.java:9)
at formsTesting.Square.<init>(Square.java:9)
at formsTesting.Square.<init>(Square.java:9)
at formsTesting.Square.<init>(Square.java:9)
at formsTesting.Square.<init>(Square.java:9)
at formsTesting.Square.<init>(Square.java:9)
at formsTesting.Square.<init>(Square.java:9)
at formsTesting.Square.<init>(Square.java:9)
at formsTesting.Square.<init>(Square.java:9)
at formsTesting.Square.<init>(Square.java:9)
at formsTesting.Square.<init>(Square.java:9)
at formsTesting.Square.<init>(Square.java:9)
at formsTesting.Square.<init>(Square.java:9)
at formsTesting.Square.<init>(Square.java:9)
at formsTesting.Square.<init>(Square.java:9)
at formsTesting.Square.<init>(Square.java:9)
at formsTesting.Square.<init>(Square.java:9)
at formsTesting.Square.<init>(Square.java:9)
at formsTesting.Square.<init>(Square.java:9)
at formsTesting.Square.<init>(Square.java:9)
at formsTesting.Square.<init>(Square.java:9)
at formsTesting.Square.<init>(Square.java:9)
at formsTesting.Square.<init>(Square.java:9)
at formsTesting.Square.<init>(Square.java:9)
at formsTesting.Square.<init>(Square.java:9)
at formsTesting.Square.<init>(Square.java:9)
at formsTesting.Square.<init>(Square.java:9)
at formsTesting.Square.<init>(Square.java:9)
at formsTesting.Square.<init>(Square.java:9)
at formsTesting.Square.<init>(Square.java:9)
at formsTesting.Square.<init>(Square.java:9)
at formsTesting.Square.<init>(Square.java:9)
at formsTesting.Square.<init>(Square.java:9)
at formsTesting.Square.<init>(Square.java:9)
at formsTesting.Square.<init>(Square.java:9)
at formsTesting.Square.<init>(Square.java:9)
at formsTesting.Square.<init>(Square.java:9)
at formsTesting.Square.<init>(Square.java:9)
at formsTesting.Square.<init>(Square.java:9)
at formsTesting.Square.<init>(Square.java:9)
at formsTesting.Square.<init>(Square.java:9)
at formsTesting.Square.<init>(Square.java:9)
at formsTesting.Square.<init>(Square.java:9)
at formsTesting.Square.<init>(Square.java:9)
at formsTesting.Square.<init>(Square.java:9)
at formsTesting.Square.<init>(Square.java:9)
at formsTesting.Square.<init>(Square.java:9)
at formsTesting.Square.<init>(Square.java:9)
at formsTesting.Square.<init>(Square.java:9)
at formsTesting.Square.<init>(Square.java:9)
at formsTesting.Square.<init>(Square.java:9)
at formsTesting.Square.<init>(Square.java:9)
at formsTesting.Square.<init>(Square.java:9)
at formsTesting.Square.<init>(Square.java:9)
at formsTesting.Square.<init>(Square.java:9)
at formsTesting.Square.<init>(Square.java:9)
at formsTesting.Square.<init>(Square.java:9)
at formsTesting.Square.<init>(Square.java:9)
at formsTesting.Square.<init>(Square.java:9)
at formsTesting.Square.<init>(Square.java:9)
at formsTesting.Square.<init>(Square.java:9)
at formsTesting.Square.<init>(Square.java:9)
at formsTesting.Square.<init>(Square.java:9)
at formsTesting.Square.<init>(Square.java:9)
at formsTesting.Square.<init>(Square.java:9)
at formsTesting.Square.<init>(Square.java:9)
at formsTesting.Square.<init>(Square.java:9)
at formsTesting.Square.<init>(Square.java:9)
at formsTesting.Square.<init>(Square.java:9)
at formsTesting.Square.<init>(Square.java:9)
at formsTesting.Square.<init>(Square.java:9)
at formsTesting.Square.<init>(Square.java:9)
at formsTesting.Square.<init>(Square.java:9)
at formsTesting.Square.<init>(Square.java:9)
at formsTesting.Square.<init>(Square.java:9)
at formsTesting.Square.<init>(Square.java:9)
at formsTesting.Square.<init>(Square.java:9)
at formsTesting.Square.<init>(Square.java:9)
at formsTesting.Square.<init>(Square.java:9)
at formsTesting.Square.<init>(Square.java:9)
at formsTesting.Square.<init>(Square.java:9)
at formsTesting.Square.<init>(Square.java:9)
at formsTesting.Square.<init>(Square.java:9)
at formsTesting.Square.<init>(Square.java:9)
at formsTesting.Square.<init>(Square.java:9)
at formsTesting.Square.<init>(Square.java:9)
at formsTesting.Square.<init>(Square.java:9)
at formsTesting.Square.<init>(Square.java:9)
at formsTesting.Square.<init>(Square.java:9)
at formsTesting.Square.<init>(Square.java:9)
at formsTesting.Square.<init>(Square.java:9)
at formsTesting.Square.<init>(Square.java:9)
at formsTesting.Square.<init>(Square.java:9)
at formsTesting.Square.<init>(Square.java:9)
at formsTesting.Square.<init>(Square.java:9)
at formsTesting.Square.<init>(Square.java:9)
at formsTesting.Square.<init>(Square.java:9)
at formsTesting.Square.<init>(Square.java:9)
at formsTesting.Square.<init>(Square.java:9)
at formsTesting.Square.<init>(Square.java:9)
at formsTesting.Square.<init>(Square.java:9)
at formsTesting.Square.<init>(Square.java:9)
at formsTesting.Square.<init>(Square.java:9)
at formsTesting.Square.<init>(Square.java:9)
at formsTesting.Square.<init>(Square.java:9)
at formsTesting.Square.<init>(Square.java:9)
at formsTesting.Square.<init>(Square.java:9)
at formsTesting.Square.<init>(Square.java:9)
at formsTesting.Square.<init>(Square.java:9)
at formsTesting.Square.<init>(Square.java:9)
at formsTesting.Square.<init>(Square.java:9)
at formsTesting.Square.<init>(Square.java:9)
at formsTesting.Square.<init>(Square.java:9)
at formsTesting.Square.<init>(Square.java:9)
at formsTesting.Square.<init>(Square.java:9)
at formsTesting.Square.<init>(Square.java:9)
at formsTesting.Square.<init>(Square.java:9)
at formsTesting.Square.<init>(Square.java:9)
at formsTesting.Square.<init>(Square.java:9)
at formsTesting.Square.<init>(Square.java:9)
at formsTesting.Square.<init>(Square.java:9)
at formsTesting.Square.<init>(Square.java:9)
at formsTesting.Square.<init>(Square.java:9)
at formsTesting.Square.<init>(Square.java:9)
at formsTesting.Square.<init>(Square.java:9)
at formsTesting.Square.<init>(Square.java:9)
at formsTesting.Square.<init>(Square.java:9)
at formsTesting.Square.<init>(Square.java:9)
at formsTesting.Square.<init>(Square.java:9)
at formsTesting.Square.<init>(Square.java:9)
at formsTesting.Square.<init>(Square.java:9)
at formsTesting.Square.<init>(Square.java:9)
at formsTesting.Square.<init>(Square.java:9)
at formsTesting.Square.<init>(Square.java:9)
at formsTesting.Square.<init>(Square.java:9)
at formsTesting.Square.<init>(Square.java:9)
at formsTesting.Square.<init>(Square.java:9)
at formsTesting.Square.<init>(Square.java:9)
at formsTesting.Square.<init>(Square.java:9)
at formsTesting.Square.<init>(Square.java:9)
at formsTesting.Square.<init>(Square.java:9)
at formsTesting.Square.<init>(Square.java:9)
at formsTesting.Square.<init>(Square.java:9)
at formsTesting.Square.<init>(Square.java:9)
at formsTesting.Square.<init>(Square.java:9)
at formsTesting.Square.<init>(Square.java:9)
at formsTesting.Square.<init>(Square.java:9)
at formsTesting.Square.<init>(Square.java:9)
at formsTesting.Square.<init>(Square.java:9)
at formsTesting.Square.<init>(Square.java:9)
at formsTesting.Square.<init>(Square.java:9)
at formsTesting.Square.<init>(Square.java:9)
at formsTesting.Square.<init>(Square.java:9)
at formsTesting.Square.<init>(Square.java:9)
at formsTesting.Square.<init>(Square.java:9)
at formsTesting.Square.<init>(Square.java:9)
at formsTesting.Square.<init>(Square.java:9)
at formsTesting.Square.<init>(Square.java:9)
at formsTesting.Square.<init>(Square.java:9)
at formsTesting.Square.<init>(Square.java:9)
at formsTesting.Square.<init>(Square.java:9)
at formsTesting.Square.<init>(Square.java:9)
at formsTesting.Square.<init>(Square.java:9)
at formsTesting.Square.<init>(Square.java:9)
at formsTesting.Square.<init>(Square.java:9)
at formsTesting.Square.<init>(Square.java:9)
at formsTesting.Square.<init>(Square.java:9)
at formsTesting.Square.<init>(Square.java:9)
at formsTesting.Square.<init>(Square.java:9)
at formsTesting.Square.<init>(Square.java:9)
at formsTesting.Square.<init>(Square.java:9)
at formsTesting.Square.<init>(Square.java:9)
at formsTesting.Square.<init>(Square.java:9)
at formsTesting.Square.<init>(Square.java:9)
at formsTesting.Square.<init>(Square.java:9)
at formsTesting.Square.<init>(Square.java:9)
at formsTesting.Square.<init>(Square.java:9)
at formsTesting.Square.<init>(Square.java:9)
at formsTesting.Square.<init>(Square.java:9)
at formsTesting.Square.<init>(Square.java:9)
at formsTesting.Square.<init>(Square.java:9)
at formsTesting.Square.<init>(Square.java:9)
at formsTesting.Square.<init>(Square.java:9)
at formsTesting.Square.<init>(Square.java:9)
at formsTesting.Square.<init>(Square.java:9)
at formsTesting.Square.<init>(Square.java:9)
at formsTesting.Square.<init>(Square.java:9)
at formsTesting.Square.<init>(Square.java:9)
at formsTesting.Square.<init>(Square.java:9)
at formsTesting.Square.<init>(Square.java:9)
at formsTesting.Square.<init>(Square.java:9)
at formsTesting.Square.<init>(Square.java:9)
at formsTesting.Square.<init>(Square.java:9)
at formsTesting.Square.<init>(Square.java:9)
at formsTesting.Square.<init>(Square.java:9)
at formsTesting.Square.<init>(Square.java:9)
at formsTesting.Square.<init>(Square.java:9)
at formsTesting.Square.<init>(Square.java:9)
at formsTesting.Square.<init>(Square.java:9)
at formsTesting.Square.<init>(Square.java:9)
at formsTesting.Square.<init>(Square.java:9)
at formsTesting.Square.<init>(Square.java:9)
at formsTesting.Square.<init>(Square.java:9)
at formsTesting.Square.<init>(Square.java:9)
at formsTesting.Square.<init>(Square.java:9)
at formsTesting.Square.<init>(Square.java:9)
at formsTesting.Square.<init>(Square.java:9)
at formsTesting.Square.<init>(Square.java:9)
at formsTesting.Square.<init>(Square.java:9)
at formsTesting.Square.<init>(Square.java:9)
at formsTesting.Square.<init>(Square.java:9)
at formsTesting.Square.<init>(Square.java:9)
at formsTesting.Square.<init>(Square.java:9)
at formsTesting.Square.<init>(Square.java:9)
at formsTesting.Square.<init>(Square.java:9)
at formsTesting.Square.<init>(Square.java:9)
at formsTesting.Square.<init>(Square.java:9)
at formsTesting.Square.<init>(Square.java:9)
at formsTesting.Square.<init>(Square.java:9)
at formsTesting.Square.<init>(Square.java:9)
at formsTesting.Square.<init>(Square.java:9)
at formsTesting.Square.<init>(Square.java:9)
at formsTesting.Square.<init>(Square.java:9)
at formsTesting.Square.<init>(Square.java:9)
at formsTesting.Square.<init>(Square.java:9)
at formsTesting.Square.<init>(Square.java:9)
at formsTesting.Square.<init>(Square.java:9)
at formsTesting.Square.<init>(Square.java:9)
at formsTesting.Square.<init>(Square.java:9)
at formsTesting.Square.<init>(Square.java:9)
at formsTesting.Square.<init>(Square.java:9)
at formsTesting.Square.<init>(Square.java:9)
at formsTesting.Square.<init>(Square.java:9)
at formsTesting.Square.<init>(Square.java:9)
at formsTesting.Square.<init>(Square.java:9)
at formsTesting.Square.<init>(Square.java:9)
at formsTesting.Square.<init>(Square.java:9)
at formsTesting.Square.<init>(Square.java:9)
at formsTesting.Square.<init>(Square.java:9)
at formsTesting.Square.<init>(Square.java:9)
at formsTesting.Square.<init>(Square.java:9)
at formsTesting.Square.<init>(Square.java:9)
at formsTesting.Square.<init>(Square.java:9)
at formsTesting.Square.<init>(Square.java:9)
at formsTesting.Square.<init>(Square.java:9)
at formsTesting.Square.<init>(Square.java:9)
at formsTesting.Square.<init>(Square.java:9)
at formsTesting.Square.<init>(Square.java:9)
at formsTesting.Square.<init>(Square.java:9)
at formsTesting.Square.<init>(Square.java:9)
at formsTesting.Square.<init>(Square.java:9)
at formsTesting.Square.<init>(Square.java:9)
at formsTesting.Square.<init>(Square.java:9)
at formsTesting.Square.<init>(Square.java:9)
at formsTesting.Square.<init>(Square.java:9)
at formsTesting.Square.<init>(Square.java:9)
at formsTesting.Square.<init>(Square.java:9)
at formsTesting.Square.<init>(Square.java:9)
at formsTesting.Square.<init>(Square.java:9)
at formsTesting.Square.<init>(Square.java:9)
at formsTesting.Square.<init>(Square.java:9)
at formsTesting.Square.<init>(Square.java:9)
at formsTesting.Square.<init>(Square.java:9)
at formsTesting.Square.<init>(Square.java:9)
at formsTesting.Square.<init>(Square.java:9)
at formsTesting.Square.<init>(Square.java:9)
at formsTesting.Square.<init>(Square.java:9)
at formsTesting.Square.<init>(Square.java:9)
at formsTesting.Square.<init>(Square.java:9)
at formsTesting.Square.<init>(Square.java:9)
at formsTesting.Square.<init>(Square.java:9)
at formsTesting.Square.<init>(Square.java:9)
at formsTesting.Square.<init>(Square.java:9)
at formsTesting.Square.<init>(Square.java:9)
at formsTesting.Square.<init>(Square.java:9)
at formsTesting.Square.<init>(Square.java:9)
at formsTesting.Square.<init>(Square.java:9)
at formsTesting.Square.<init>(Square.java:9)
at formsTesting.Square.<init>(Square.java:9)
at formsTesting.Square.<init>(Square.java:9)
at formsTesting.Square.<init>(Square.java:9)
at formsTesting.Square.<init>(Square.java:9)
at formsTesting.Square.<init>(Square.java:9)
at formsTesting.Square.<init>(Square.java:9)
at formsTesting.Square.<init>(Square.java:9)
at formsTesting.Square.<init>(Square.java:9)
at formsTesting.Square.<init>(Square.java:9)
at formsTesting.Square.<init>(Square.java:9)
at formsTesting.Square.<init>(Square.java:9)
at formsTesting.Square.<init>(Square.java:9)
at formsTesting.Square.<init>(Square.java:9)
at formsTesting.Square.<init>(Square.java:9)
at formsTesting.Square.<init>(Square.java:9)
at formsTesting.Square.<init>(Square.java:9)
at formsTesting.Square.<init>(Square.java:9)
at formsTesting.Square.<init>(Square.java:9)
at formsTesting.Square.<init>(Square.java:9)
at formsTesting.Square.<init>(Square.java:9)
at formsTesting.Square.<init>(Square.java:9)
at formsTesting.Square.<init>(Square.java:9)
at formsTesting.Square.<init>(Square.java:9)
at formsTesting.Square.<init>(Square.java:9)
at formsTesting.Square.<init>(Square.java:9)
at formsTesting.Square.<init>(Square.java:9)
at formsTesting.Square.<init>(Square.java:9)
at formsTesting.Square.<init>(Square.java:9)
at formsTesting.Square.<init>(Square.java:9)
at formsTesting.Square.<init>(Square.java:9)
at formsTesting.Square.<init>(Square.java:9)
at formsTesting.Square.<init>(Square.java:9)
at formsTesting.Square.<init>(Square.java:9)
at formsTesting.Square.<init>(Square.java:9)
at formsTesting.Square.<init>(Square.java:9)
at formsTesting.Square.<init>(Square.java:9)
at formsTesting.Square.<init>(Square.java:9)
at formsTesting.Square.<init>(Square.java:9)
at formsTesting.Square.<init>(Square.java:9)
at formsTesting.Square.<init>(Square.java:9)
at formsTesting.Square.<init>(Square.java:9)
at formsTesting.Square.<init>(Square.java:9)
at formsTesting.Square.<init>(Square.java:9)
at formsTesting.Square.<init>(Square.java:9)
at formsTesting.Square.<init>(Square.java:9)
at formsTesting.Square.<init>(Square.java:9)
at formsTesting.Square.<init>(Square.java:9)
at formsTesting.Square.<init>(Square.java:9)
at formsTesting.Square.<init>(Square.java:9)
at formsTesting.Square.<init>(Square.java:9)
at formsTesting.Square.<init>(Square.java:9)
at formsTesting.Square.<init>(Square.java:9)
at formsTesting.Square.<init>(Square.java:9)
at formsTesting.Square.<init>(Square.java:9)
at formsTesting.Square.<init>(Square.java:9)
at formsTesting.Square.<init>(Square.java:9)
at formsTesting.Square.<init>(Square.java:9)
at formsTesting.Square.<init>(Square.java:9)
at formsTesting.Square.<init>(Square.java:9)
at formsTesting.Square.<init>(Square.java:9)
at formsTesting.Square.<init>(Square.java:9)
at formsTesting.Square.<init>(Square.java:9)
at formsTesting.Square.<init>(Square.java:9)
at formsTesting.Square.<init>(Square.java:9)
at formsTesting.Square.<init>(Square.java:9)
at formsTesting.Square.<init>(Square.java:9)
at formsTesting.Square.<init>(Square.java:9)
at formsTesting.Square.<init>(Square.java:9)
at formsTesting.Square.<init>(Square.java:9)
at formsTesting.Square.<init>(Square.java:9)
at formsTesting.Square.<init>(Square.java:9)
at formsTesting.Square.<init>(Square.java:9)
at formsTesting.Square.<init>(Square.java:9)
at formsTesting.Square.<init>(Square.java:9)
at formsTesting.Square.<init>(Square.java:9)
at formsTesting.Square.<init>(Square.java:9)
at formsTesting.Square.<init>(Square.java:9)
at formsTesting.Square.<init>(Square.java:9)
at formsTesting.Square.<init>(Square.java:9)
at formsTesting.Square.<init>(Square.java:9)
at formsTesting.Square.<init>(Square.java:9)
at formsTesting.Square.<init>(Square.java:9)
at formsTesting.Square.<init>(Square.java:9)
at formsTesting.Square.<init>(Square.java:9)
at formsTesting.Square.<init>(Square.java:9)
at formsTesting.Square.<init>(Square.java:9)
at formsTesting.Square.<init>(Square.java:9)
at formsTesting.Square.<init>(Square.java:9)
at formsTesting.Square.<init>(Square.java:9)
at formsTesting.Square.<init>(Square.java:9)
at formsTesting.Square.<init>(Square.java:9)
at formsTesting.Square.<init>(Square.java:9)
at formsTesting.Square.<init>(Square.java:9)
at formsTesting.Square.<init>(Square.java:9)
at formsTesting.Square.<init>(Square.java:9)
at formsTesting.Square.<init>(Square.java:9)
at formsTesting.Square.<init>(Square.java:9)
at formsTesting.Square.<init>(Square.java:9)
at formsTesting.Square.<init>(Square.java:9)
at formsTesting.Square.<init>(Square.java:9)
at formsTesting.Square.<init>(Square.java:9)
at formsTesting.Square.<init>(Square.java:9)
at formsTesting.Square.<init>(Square.java:9)
at formsTesting.Square.<init>(Square.java:9)
at formsTesting.Square.<init>(Square.java:9)
at formsTesting.Square.<init>(Square.java:9)
at formsTesting.Square.<init>(Square.java:9)
at formsTesting.Square.<init>(Square.java:9)
at formsTesting.Square.<init>(Square.java:9)
at formsTesting.Square.<init>(Square.java:9)
at formsTesting.Square.<init>(Square.java:9)
at formsTesting.Square.<init>(Square.java:9)
at formsTesting.Square.<init>(Square.java:9)
at formsTesting.Square.<init>(Square.java:9)
at formsTesting.Square.<init>(Square.java:9)
at formsTesting.Square.<init>(Square.java:9)
at formsTesting.Square.<init>(Square.java:9)
at formsTesting.Square.<init>(Square.java:9)
at formsTesting.Square.<init>(Square.java:9)
at formsTesting.Square.<init>(Square.java:9)
at formsTesting.Square.<init>(Square.java:9)
at formsTesting.Square.<init>(Square.java:9)
at formsTesting.Square.<init>(Square.java:9)
at formsTesting.Square.<init>(Square.java:9)
at formsTesting.Square.<init>(Square.java:9)
at formsTesting.Square.<init>(Square.java:9)
at formsTesting.Square.<init>(Square.java:9)
at formsTesting.Square.<init>(Square.java:9)
at formsTesting.Square.<init>(Square.java:9)
at formsTesting.Square.<init>(Square.java:9)
at formsTesting.Square.<init>(Square.java:9)
at formsTesting.Square.<init>(Square.java:9)
at formsTesting.Square.<init>(Square.java:9)
at formsTesting.Square.<init>(Square.java:9)
at formsTesting.Square.<init>(Square.java:9)
at formsTesting.Square.<init>(Square.java:9)
at formsTesting.Square.<init>(Square.java:9)
at formsTesting.Square.<init>(Square.java:9)
at formsTesting.Square.<init>(Square.java:9)
at formsTesting.Square.<init>(Square.java:9)
at formsTesting.Square.<init>(Square.java:9)
at formsTesting.Square.<init>(Square.java:9)
at formsTesting.Square.<init>(Square.java:9)
at formsTesting.Square.<init>(Square.java:9)
at formsTesting.Square.<init>(Square.java:9)
at formsTesting.Square.<init>(Square.java:9)
at formsTesting.Square.<init>(Square.java:9)
at formsTesting.Square.<init>(Square.java:9)
at formsTesting.Square.<init>(Square.java:9)
at formsTesting.Square.<init>(Square.java:9)
at formsTesting.Square.<init>(Square.java:9)
at formsTesting.Square.<init>(Square.java:9)
at formsTesting.Square.<init>(Square.java:9)
at formsTesting.Square.<init>(Square.java:9)
at formsTesting.Square.<init>(Square.java:9)
at formsTesting.Square.<init>(Square.java:9)
at formsTesting.Square.<init>(Square.java:9)
at formsTesting.Square.<init>(Square.java:9)
at formsTesting.Square.<init>(Square.java:9)
at formsTesting.Square.<init>(Square.java:9)
at formsTesting.Square.<init>(Square.java:9)
at formsTesting.Square.<init>(Square.java:9)
at formsTesting.Square.<init>(Square.java:9)
at formsTesting.Square.<init>(Square.java:9)
at formsTesting.Square.<init>(Square.java:9)
at formsTesting.Square.<init>(Square.java:9)
at formsTesting.Square.<init>(Square.java:9)
at formsTesting.Square.<init>(Square.java:9)
at formsTesting.Square.<init>(Square.java:9)
at formsTesting.Square.<init>(Square.java:9)
at formsTesting.Square.<init>(Square.java:9)
at formsTesting.Square.<init>(Square.java:9)
at formsTesting.Square.<init>(Square.java:9)
at formsTesting.Square.<init>(Square.java:9)
at formsTesting.Square.<init>(Square.java:9)
at formsTesting.Square.<init>(Square.java:9)
at formsTesting.Square.<init>(Square.java:9)
at formsTesting.Square.<init>(Square.java:9)
at formsTesting.Square.<init>(Square.java:9)
at formsTesting.Square.<init>(Square.java:9)
at formsTesting.Square.<init>(Square.java:9)
at formsTesting.Square.<init>(Square.java:9)
at formsTesting.Square.<init>(Square.java:9)
at formsTesting.Square.<init>(Square.java:9)
at formsTesting.Square.<init>(Square.java:9)
at formsTesting.Square.<init>(Square.java:9)
at formsTesting.Square.<init>(Square.java:9)
at formsTesting.Square.<init>(Square.java:9)
at formsTesting.Square.<init>(Square.java:9)
at formsTesting.Square.<init>(Square.java:9)
at formsTesting.Square.<init>(Square.java:9)
at formsTesting.Square.<init>(Square.java:9)
at formsTesting.Square.<init>(Square.java:9)
at formsTesting.Square.<init>(Square.java:9)
at formsTesting.Square.<init>(Square.java:9)
at formsTesting.Square.<init>(Square.java:9)
at formsTesting.Square.<init>(Square.java:9)
at formsTesting.Square.<init>(Square.java:9)
at formsTesting.Square.<init>(Square.java:9)
at formsTesting.Square.<init>(Square.java:9)
at formsTesting.Square.<init>(Square.java:9)
at formsTesting.Square.<init>(Square.java:9)
at formsTesting.Square.<init>(Square.java:9)
at formsTesting.Square.<init>(Square.java:9)
at formsTesting.Square.<init>(Square.java:9)
at formsTesting.Square.<init>(Square.java:9)
at formsTesting.Square.<init>(Square.java:9)
at formsTesting.Square.<init>(Square.java:9)
at formsTesting.Square.<init>(Square.java:9)
at formsTesting.Square.<init>(Square.java:9)
at formsTesting.Square.<init>(Square.java:9)
at formsTesting.Square.<init>(Square.java:9)
at formsTesting.Square.<init>(Square.java:9)
at formsTesting.Square.<init>(Square.java:9)
at formsTesting.Square.<init>(Square.java:9)
at formsTesting.Square.<init>(Square.java:9)
at formsTesting.Square.<init>(Square.java:9)
at formsTesting.Square.<init>(Square.java:9)
at formsTesting.Square.<init>(Square.java:9)
at formsTesting.Square.<init>(Square.java:9)
at formsTesting.Square.<init>(Square.java:9)
at formsTesting.Square.<init>(Square.java:9)
at formsTesting.Square.<init>(Square.java:9)
at formsTesting.Square.<init>(Square.java:9)
at formsTesting.Square.<init>(Square.java:9)
at formsTesting.Square.<init>(Square.java:9)
at formsTesting.Square.<init>(Square.java:9)
at formsTesting.Square.<init>(Square.java:9)
at formsTesting.Square.<init>(Square.java:9)
at formsTesting.Square.<init>(Square.java:9)
at formsTesting.Square.<init>(Square.java:9)
at formsTesting.Square.<init>(Square.java:9)
at formsTesting.Square.<init>(Square.java:9)
at formsTesting.Square.<init>(Square.java:9)
at formsTesting.Square.<init>(Square.java:9)
at formsTesting.Square.<init>(Square.java:9)
at formsTesting.Square.<init>(Square.java:9)
at formsTesting.Square.<init>(Square.java:9)
at formsTesting.Square.<init>(Square.java:9)
at formsTesting.Square.<init>(Square.java:9)
at formsTesting.Square.<init>(Square.java:9)
at formsTesting.Square.<init>(Square.java:9)
at formsTesting.Square.<init>(Square.java:9)
at formsTesting.Square.<init>(Square.java:9)
at formsTesting.Square.<init>(Square.java:9)
at formsTesting.Square.<init>(Square.java:9)
at formsTesting.Square.<init>(Square.java:9)
at formsTesting.Square.<init>(Square.java:9)
at formsTesting.Square.<init>(Square.java:9)
at formsTesting.Square.<init>(Square.java:9)
at formsTesting.Square.<init>(Square.java:9)
at formsTesting.Square.<init>(Square.java:9)
at formsTesting.Square.<init>(Square.java:9)
at formsTesting.Square.<init>(Square.java:9)
at formsTesting.Square.<init>(Square.java:9)
at formsTesting.Square.<init>(Square.java:9)
at formsTesting.Square.<init>(Square.java:9)
at formsTesting.Square.<init>(Square.java:9)
at formsTesting.Square.<init>(Square.java:9)
at formsTesting.Square.<init>(Square.java:9)
at formsTesting.Square.<init>(Square.java:9)
at formsTesting.Square.<init>(Square.java:9)
at formsTesting.Square.<init>(Square.java:9)
at formsTesting.Square.<init>(Square.java:9)
at formsTesting.Square.<init>(Square.java:9)
at formsTesting.Square.<init>(Square.java:9)
at formsTesting.Square.<init>(Square.java:9)
at formsTesting.Square.<init>(Square.java:9)
at formsTesting.Square.<init>(Square.java:9)
at formsTesting.Square.<init>(Square.java:9)
at formsTesting.Square.<init>(Square.java:9)
at formsTesting.Square.<init>(Square.java:9)
at formsTesting.Square.<init>(Square.java:9)
at formsTesting.Square.<init>(Square.java:9)
at formsTesting.Square.<init>(Square.java:9)
at formsTesting.Square.<init>(Square.java:9)
at formsTesting.Square.<init>(Square.java:9)
at formsTesting.Square.<init>(Square.java:9)
at formsTesting.Square.<init>(Square.java:9)
at formsTesting.Square.<init>(Square.java:9)
at formsTesting.Square.<init>(Square.java:9)
at formsTesting.Square.<init>(Square.java:9)
at formsTesting.Square.<init>(Square.java:9)
at formsTesting.Square.<init>(Square.java:9)
at formsTesting.Square.<init>(Square.java:9)
at formsTesting.Square.<init>(Square.java:9)
at formsTesting.Square.<init>(Square.java:9)
at formsTesting.Square.<init>(Square.java:9)
at formsTesting.Square.<init>(Square.java:9)
at formsTesting.Square.<init>(Square.java:9)
at formsTesting.Square.<init>(Square.java:9)
at formsTesting.Square.<init>(Square.java:9)
at formsTesting.Square.<init>(Square.java:9)
at formsTesting.Square.<init>(Square.java:9)
at formsTesting.Square.<init>(Square.java:9)
at formsTesting.Square.<init>(Square.java:9)
at formsTesting.Square.<init>(Square.java:9)
at formsTesting.Square.<init>(Square.java:9)
at formsTesting.Square.<init>(Square.java:9)
at formsTesting.Square.<init>(Square.java:9)
at formsTesting.Square.<init>(Square.java:9)
at formsTesting.Square.<init>(Square.java:9)
at formsTesting.Square.<init>(Square.java:9)
at formsTesting.Square.<init>(Square.java:9)
at formsTesting.Square.<init>(Square.java:9)
at formsTesting.Square.<init>(Square.java:9)
at formsTesting.Square.<init>(Square.java:9)
at formsTesting.Square.<init>(Square.java:9)
at formsTesting.Square.<init>(Square.java:9)
at formsTesting.Square.<init>(Square.java:9)
at formsTesting.Square.<init>(Square.java:9)
at formsTesting.Square.<init>(Square.java:9)
at formsTesting.Square.<init>(Square.java:9)
at formsTesting.Square.<init>(Square.java:9)
at formsTesting.Square.<init>(Square.java:9)
at formsTesting.Square.<init>(Square.java:9)
at formsTesting.Square.<init>(Square.java:9)
at formsTesting.Square.<init>(Square.java:9)
at formsTesting.Square.<init>(Square.java:9)
at formsTesting.Square.<init>(Square.java:9)
at formsTesting.Square.<init>(Square.java:9)
at formsTesting.Square.<init>(Square.java:9)
at formsTesting.Square.<init>(Square.java:9)
at formsTesting.Square.<init>(Square.java:9)
at formsTesting.Square.<init>(Square.java:9)
at formsTesting.Square.<init>(Square.java:9)
at formsTesting.Square.<init>(Square.java:9)
at formsTesting.Square.<init>(Square.java:9)
at formsTesting.Square.<init>(Square.java:9)
at formsTesting.Square.<init>(Square.java:9)
at formsTesting.Square.<init>(Square.java:9)
at formsTesting.Square.<init>(Square.java:9)
at formsTesting.Square.<init>(Square.java:9)
at formsTesting.Square.<init>(Square.java:9)
at formsTesting.Square.<init>(Square.java:9)
at formsTesting.Square.<init>(Square.java:9)
at formsTesting.Square.<init>(Square.java:9)
at formsTesting.Square.<init>(Square.java:9)
at formsTesting.Square.<init>(Square.java:9)
at formsTesting.Square.<init>(Square.java:9)
at formsTesting.Square.<init>(Square.java:9)
at formsTesting.Square.<init>(Square.java:9)
at formsTesting.Square.<init>(Square.java:9)
at formsTesting.Square.<init>(Square.java:9)
at formsTesting.Square.<init>(Square.java:9)
at formsTesting.Square.<init>(Square.java:9)
at formsTesting.Square.<init>(Square.java:9)
at formsTesting.Square.<init>(Square.java:9)
at formsTesting.Square.<init>(Square.java:9)
at formsTesting.Square.<init>(Square.java:9)
at formsTesting.Square.<init>(Square.java:9)
at formsTesting.Square.<init>(Square.java:9)
at formsTesting.Square.<init>(Square.java:9)
at formsTesting.Square.<init>(Square.java:9)
at formsTesting.Square.<init>(Square.java:9)
at formsTesting.Square.<init>(Square.java:9)
at formsTesting.Square.<init>(Square.java:9)
at formsTesting.Square.<init>(Square.java:9)
at formsTesting.Square.<init>(Square.java:9)
at formsTesting.Square.<init>(Square.java:9)
at formsTesting.Square.<init>(Square.java:9)
at formsTesting.Square.<init>(Square.java:9)
at formsTesting.Square.<init>(Square.java:9)
at formsTesting.Square.<init>(Square.java:9)
at formsTesting.Square.<init>(Square.java:9)
at formsTesting.Square.<init>(Square.java:9)
at formsTesting.Square.<init>(Square.java:9)
at formsTesting.Square.<init>(Square.java:9)
at formsTesting.Square.<init>(Square.java:9)
at formsTesting.Square.<init>(Square.java:9)
at formsTesting.Square.<init>(Square.java:9)
at formsTesting.Square.<init>(Square.java:9)
at formsTesting.Square.<init>(Square.java:9)
at formsTesting.Square.<init>(Square.java:9)
at formsTesting.Square.<init>(Square.java:9)
at formsTesting.Square.<init>(Square.java:9)
at formsTesting.Square.<init>(Square.java:9)
at formsTesting.Square.<init>(Square.java:9)
at formsTesting.Square.<init>(Square.java:9)
at formsTesting.Square.<init>(Square.java:9)
at formsTesting.Square.<init>(Square.java:9)
at formsTesting.Square.<init>(Square.java:9)
at formsTesting.Square.<init>(Square.java:9)
at formsTesting.Square.<init>(Square.java:9)
at formsTesting.Square.<init>(Square.java:9)
at formsTesting.Square.<init>(Square.java:9)
at formsTesting.Square.<init>(Square.java:9)
at formsTesting.Square.<init>(Square.java:9)
at formsTesting.Square.<init>(Square.java:9)
at formsTesting.Square.<init>(Square.java:9)
at formsTesting.Square.<init>(Square.java:9)
at formsTesting.Square.<init>(Square.java:9)
at formsTesting.Square.<init>(Square.java:9)
at formsTesting.Square.<init>(Square.java:9)
at formsTesting.Square.<init>(Square.java:9)
at formsTesting.Square.<init>(Square.java:9)
at formsTesting.Square.<init>(Square.java:9)
at formsTesting.Square.<init>(Square.java:9)
at formsTesting.Square.<init>(Square.java:9)
at formsTesting.Square.<init>(Square.java:9)
at formsTesting.Square.<init>(Square.java:9)
at formsTesting.Square.<init>(Square.java:9)
at formsTesting.Square.<init>(Square.java:9)
at formsTesting.Square.<init>(Square.java:9)
at formsTesting.Square.<init>(Square.java:9)
at formsTesting.Square.<init>(Square.java:9)
at formsTesting.Square.<init>(Square.java:9)
at formsTesting.Square.<init>(Square.java:9)
at formsTesting.Square.<init>(Square.java:9)
at formsTesting.Square.<init>(Square.java:9)
at formsTesting.Square.<init>(Square.java:9)
at formsTesting.Square.<init>(Square.java:9)
at formsTesting.Square.<init>(Square.java:9)
at formsTesting.Square.<init>(Square.java:9)
at formsTesting.Square.<init>(Square.java:9)
at formsTesting.Square.<init>(Square.java:9)
at formsTesting.Square.<init>(Square.java:9)
at formsTesting.Square.<init>(Square.java:9)
at formsTesting.Square.<init>(Square.java:9)
at formsTesting.Square.<init>(Square.java:9)
at formsTesting.Square.<init>(Square.java:9)
at formsTesting.Square.<init>(Square.java:9)
]]>
    </failure>
  </testcase> <!-- testCalculateArea -->
  <testcase classname="formsTesting.SquareTest" name="testCalculateCircumference" time="0.004">
    <failure type="java.lang.StackOverflowError">
      <![CDATA[java.lang.StackOverflowError
at formsTesting.Square.<init>(Square.java:9)
at formsTesting.Square.<init>(Square.java:9)
at formsTesting.Square.<init>(Square.java:9)
at formsTesting.Square.<init>(Square.java:9)
at formsTesting.Square.<init>(Square.java:9)
at formsTesting.Square.<init>(Square.java:9)
at formsTesting.Square.<init>(Square.java:9)
at formsTesting.Square.<init>(Square.java:9)
at formsTesting.Square.<init>(Square.java:9)
at formsTesting.Square.<init>(Square.java:9)
at formsTesting.Square.<init>(Square.java:9)
at formsTesting.Square.<init>(Square.java:9)
at formsTesting.Square.<init>(Square.java:9)
at formsTesting.Square.<init>(Square.java:9)
at formsTesting.Square.<init>(Square.java:9)
at formsTesting.Square.<init>(Square.java:9)
at formsTesting.Square.<init>(Square.java:9)
at formsTesting.Square.<init>(Square.java:9)
at formsTesting.Square.<init>(Square.java:9)
at formsTesting.Square.<init>(Square.java:9)
at formsTesting.Square.<init>(Square.java:9)
at formsTesting.Square.<init>(Square.java:9)
at formsTesting.Square.<init>(Square.java:9)
at formsTesting.Square.<init>(Square.java:9)
at formsTesting.Square.<init>(Square.java:9)
at formsTesting.Square.<init>(Square.java:9)
at formsTesting.Square.<init>(Square.java:9)
at formsTesting.Square.<init>(Square.java:9)
at formsTesting.Square.<init>(Square.java:9)
at formsTesting.Square.<init>(Square.java:9)
at formsTesting.Square.<init>(Square.java:9)
at formsTesting.Square.<init>(Square.java:9)
at formsTesting.Square.<init>(Square.java:9)
at formsTesting.Square.<init>(Square.java:9)
at formsTesting.Square.<init>(Square.java:9)
at formsTesting.Square.<init>(Square.java:9)
at formsTesting.Square.<init>(Square.java:9)
at formsTesting.Square.<init>(Square.java:9)
at formsTesting.Square.<init>(Square.java:9)
at formsTesting.Square.<init>(Square.java:9)
at formsTesting.Square.<init>(Square.java:9)
at formsTesting.Square.<init>(Square.java:9)
at formsTesting.Square.<init>(Square.java:9)
at formsTesting.Square.<init>(Square.java:9)
at formsTesting.Square.<init>(Square.java:9)
at formsTesting.Square.<init>(Square.java:9)
at formsTesting.Square.<init>(Square.java:9)
at formsTesting.Square.<init>(Square.java:9)
at formsTesting.Square.<init>(Square.java:9)
at formsTesting.Square.<init>(Square.java:9)
at formsTesting.Square.<init>(Square.java:9)
at formsTesting.Square.<init>(Square.java:9)
at formsTesting.Square.<init>(Square.java:9)
at formsTesting.Square.<init>(Square.java:9)
at formsTesting.Square.<init>(Square.java:9)
at formsTesting.Square.<init>(Square.java:9)
at formsTesting.Square.<init>(Square.java:9)
at formsTesting.Square.<init>(Square.java:9)
at formsTesting.Square.<init>(Square.java:9)
at formsTesting.Square.<init>(Square.java:9)
at formsTesting.Square.<init>(Square.java:9)
at formsTesting.Square.<init>(Square.java:9)
at formsTesting.Square.<init>(Square.java:9)
at formsTesting.Square.<init>(Square.java:9)
at formsTesting.Square.<init>(Square.java:9)
at formsTesting.Square.<init>(Square.java:9)
at formsTesting.Square.<init>(Square.java:9)
at formsTesting.Square.<init>(Square.java:9)
at formsTesting.Square.<init>(Square.java:9)
at formsTesting.Square.<init>(Square.java:9)
at formsTesting.Square.<init>(Square.java:9)
at formsTesting.Square.<init>(Square.java:9)
at formsTesting.Square.<init>(Square.java:9)
at formsTesting.Square.<init>(Square.java:9)
at formsTesting.Square.<init>(Square.java:9)
at formsTesting.Square.<init>(Square.java:9)
at formsTesting.Square.<init>(Square.java:9)
at formsTesting.Square.<init>(Square.java:9)
at formsTesting.Square.<init>(Square.java:9)
at formsTesting.Square.<init>(Square.java:9)
at formsTesting.Square.<init>(Square.java:9)
at formsTesting.Square.<init>(Square.java:9)
at formsTesting.Square.<init>(Square.java:9)
at formsTesting.Square.<init>(Square.java:9)
at formsTesting.Square.<init>(Square.java:9)
at formsTesting.Square.<init>(Square.java:9)
at formsTesting.Square.<init>(Square.java:9)
at formsTesting.Square.<init>(Square.java:9)
at formsTesting.Square.<init>(Square.java:9)
at formsTesting.Square.<init>(Square.java:9)
at formsTesting.Square.<init>(Square.java:9)
at formsTesting.Square.<init>(Square.java:9)
at formsTesting.Square.<init>(Square.java:9)
at formsTesting.Square.<init>(Square.java:9)
at formsTesting.Square.<init>(Square.java:9)
at formsTesting.Square.<init>(Square.java:9)
at formsTesting.Square.<init>(Square.java:9)
at formsTesting.Square.<init>(Square.java:9)
at formsTesting.Square.<init>(Square.java:9)
at formsTesting.Square.<init>(Square.java:9)
at formsTesting.Square.<init>(Square.java:9)
at formsTesting.Square.<init>(Square.java:9)
at formsTesting.Square.<init>(Square.java:9)
at formsTesting.Square.<init>(Square.java:9)
at formsTesting.Square.<init>(Square.java:9)
at formsTesting.Square.<init>(Square.java:9)
at formsTesting.Square.<init>(Square.java:9)
at formsTesting.Square.<init>(Square.java:9)
at formsTesting.Square.<init>(Square.java:9)
at formsTesting.Square.<init>(Square.java:9)
at formsTesting.Square.<init>(Square.java:9)
at formsTesting.Square.<init>(Square.java:9)
at formsTesting.Square.<init>(Square.java:9)
at formsTesting.Square.<init>(Square.java:9)
at formsTesting.Square.<init>(Square.java:9)
at formsTesting.Square.<init>(Square.java:9)
at formsTesting.Square.<init>(Square.java:9)
at formsTesting.Square.<init>(Square.java:9)
at formsTesting.Square.<init>(Square.java:9)
at formsTesting.Square.<init>(Square.java:9)
at formsTesting.Square.<init>(Square.java:9)
at formsTesting.Square.<init>(Square.java:9)
at formsTesting.Square.<init>(Square.java:9)
at formsTesting.Square.<init>(Square.java:9)
at formsTesting.Square.<init>(Square.java:9)
at formsTesting.Square.<init>(Square.java:9)
at formsTesting.Square.<init>(Square.java:9)
at formsTesting.Square.<init>(Square.java:9)
at formsTesting.Square.<init>(Square.java:9)
at formsTesting.Square.<init>(Square.java:9)
at formsTesting.Square.<init>(Square.java:9)
at formsTesting.Square.<init>(Square.java:9)
at formsTesting.Square.<init>(Square.java:9)
at formsTesting.Square.<init>(Square.java:9)
at formsTesting.Square.<init>(Square.java:9)
at formsTesting.Square.<init>(Square.java:9)
at formsTesting.Square.<init>(Square.java:9)
at formsTesting.Square.<init>(Square.java:9)
at formsTesting.Square.<init>(Square.java:9)
at formsTesting.Square.<init>(Square.java:9)
at formsTesting.Square.<init>(Square.java:9)
at formsTesting.Square.<init>(Square.java:9)
at formsTesting.Square.<init>(Square.java:9)
at formsTesting.Square.<init>(Square.java:9)
at formsTesting.Square.<init>(Square.java:9)
at formsTesting.Square.<init>(Square.java:9)
at formsTesting.Square.<init>(Square.java:9)
at formsTesting.Square.<init>(Square.java:9)
at formsTesting.Square.<init>(Square.java:9)
at formsTesting.Square.<init>(Square.java:9)
at formsTesting.Square.<init>(Square.java:9)
at formsTesting.Square.<init>(Square.java:9)
at formsTesting.Square.<init>(Square.java:9)
at formsTesting.Square.<init>(Square.java:9)
at formsTesting.Square.<init>(Square.java:9)
at formsTesting.Square.<init>(Square.java:9)
at formsTesting.Square.<init>(Square.java:9)
at formsTesting.Square.<init>(Square.java:9)
at formsTesting.Square.<init>(Square.java:9)
at formsTesting.Square.<init>(Square.java:9)
at formsTesting.Square.<init>(Square.java:9)
at formsTesting.Square.<init>(Square.java:9)
at formsTesting.Square.<init>(Square.java:9)
at formsTesting.Square.<init>(Square.java:9)
at formsTesting.Square.<init>(Square.java:9)
at formsTesting.Square.<init>(Square.java:9)
at formsTesting.Square.<init>(Square.java:9)
at formsTesting.Square.<init>(Square.java:9)
at formsTesting.Square.<init>(Square.java:9)
at formsTesting.Square.<init>(Square.java:9)
at formsTesting.Square.<init>(Square.java:9)
at formsTesting.Square.<init>(Square.java:9)
at formsTesting.Square.<init>(Square.java:9)
at formsTesting.Square.<init>(Square.java:9)
at formsTesting.Square.<init>(Square.java:9)
at formsTesting.Square.<init>(Square.java:9)
at formsTesting.Square.<init>(Square.java:9)
at formsTesting.Square.<init>(Square.java:9)
at formsTesting.Square.<init>(Square.java:9)
at formsTesting.Square.<init>(Square.java:9)
at formsTesting.Square.<init>(Square.java:9)
at formsTesting.Square.<init>(Square.java:9)
at formsTesting.Square.<init>(Square.java:9)
at formsTesting.Square.<init>(Square.java:9)
at formsTesting.Square.<init>(Square.java:9)
at formsTesting.Square.<init>(Square.java:9)
at formsTesting.Square.<init>(Square.java:9)
at formsTesting.Square.<init>(Square.java:9)
at formsTesting.Square.<init>(Square.java:9)
at formsTesting.Square.<init>(Square.java:9)
at formsTesting.Square.<init>(Square.java:9)
at formsTesting.Square.<init>(Square.java:9)
at formsTesting.Square.<init>(Square.java:9)
at formsTesting.Square.<init>(Square.java:9)
at formsTesting.Square.<init>(Square.java:9)
at formsTesting.Square.<init>(Square.java:9)
at formsTesting.Square.<init>(Square.java:9)
at formsTesting.Square.<init>(Square.java:9)
at formsTesting.Square.<init>(Square.java:9)
at formsTesting.Square.<init>(Square.java:9)
at formsTesting.Square.<init>(Square.java:9)
at formsTesting.Square.<init>(Square.java:9)
at formsTesting.Square.<init>(Square.java:9)
at formsTesting.Square.<init>(Square.java:9)
at formsTesting.Square.<init>(Square.java:9)
at formsTesting.Square.<init>(Square.java:9)
at formsTesting.Square.<init>(Square.java:9)
at formsTesting.Square.<init>(Square.java:9)
at formsTesting.Square.<init>(Square.java:9)
at formsTesting.Square.<init>(Square.java:9)
at formsTesting.Square.<init>(Square.java:9)
at formsTesting.Square.<init>(Square.java:9)
at formsTesting.Square.<init>(Square.java:9)
at formsTesting.Square.<init>(Square.java:9)
at formsTesting.Square.<init>(Square.java:9)
at formsTesting.Square.<init>(Square.java:9)
at formsTesting.Square.<init>(Square.java:9)
at formsTesting.Square.<init>(Square.java:9)
at formsTesting.Square.<init>(Square.java:9)
at formsTesting.Square.<init>(Square.java:9)
at formsTesting.Square.<init>(Square.java:9)
at formsTesting.Square.<init>(Square.java:9)
at formsTesting.Square.<init>(Square.java:9)
at formsTesting.Square.<init>(Square.java:9)
at formsTesting.Square.<init>(Square.java:9)
at formsTesting.Square.<init>(Square.java:9)
at formsTesting.Square.<init>(Square.java:9)
at formsTesting.Square.<init>(Square.java:9)
at formsTesting.Square.<init>(Square.java:9)
at formsTesting.Square.<init>(Square.java:9)
at formsTesting.Square.<init>(Square.java:9)
at formsTesting.Square.<init>(Square.java:9)
at formsTesting.Square.<init>(Square.java:9)
at formsTesting.Square.<init>(Square.java:9)
at formsTesting.Square.<init>(Square.java:9)
at formsTesting.Square.<init>(Square.java:9)
at formsTesting.Square.<init>(Square.java:9)
at formsTesting.Square.<init>(Square.java:9)
at formsTesting.Square.<init>(Square.java:9)
at formsTesting.Square.<init>(Square.java:9)
at formsTesting.Square.<init>(Square.java:9)
at formsTesting.Square.<init>(Square.java:9)
at formsTesting.Square.<init>(Square.java:9)
at formsTesting.Square.<init>(Square.java:9)
at formsTesting.Square.<init>(Square.java:9)
at formsTesting.Square.<init>(Square.java:9)
at formsTesting.Square.<init>(Square.java:9)
at formsTesting.Square.<init>(Square.java:9)
at formsTesting.Square.<init>(Square.java:9)
at formsTesting.Square.<init>(Square.java:9)
at formsTesting.Square.<init>(Square.java:9)
at formsTesting.Square.<init>(Square.java:9)
at formsTesting.Square.<init>(Square.java:9)
at formsTesting.Square.<init>(Square.java:9)
at formsTesting.Square.<init>(Square.java:9)
at formsTesting.Square.<init>(Square.java:9)
at formsTesting.Square.<init>(Square.java:9)
at formsTesting.Square.<init>(Square.java:9)
at formsTesting.Square.<init>(Square.java:9)
at formsTesting.Square.<init>(Square.java:9)
at formsTesting.Square.<init>(Square.java:9)
at formsTesting.Square.<init>(Square.java:9)
at formsTesting.Square.<init>(Square.java:9)
at formsTesting.Square.<init>(Square.java:9)
at formsTesting.Square.<init>(Square.java:9)
at formsTesting.Square.<init>(Square.java:9)
at formsTesting.Square.<init>(Square.java:9)
at formsTesting.Square.<init>(Square.java:9)
at formsTesting.Square.<init>(Square.java:9)
at formsTesting.Square.<init>(Square.java:9)
at formsTesting.Square.<init>(Square.java:9)
at formsTesting.Square.<init>(Square.java:9)
at formsTesting.Square.<init>(Square.java:9)
at formsTesting.Square.<init>(Square.java:9)
at formsTesting.Square.<init>(Square.java:9)
at formsTesting.Square.<init>(Square.java:9)
at formsTesting.Square.<init>(Square.java:9)
at formsTesting.Square.<init>(Square.java:9)
at formsTesting.Square.<init>(Square.java:9)
at formsTesting.Square.<init>(Square.java:9)
at formsTesting.Square.<init>(Square.java:9)
at formsTesting.Square.<init>(Square.java:9)
at formsTesting.Square.<init>(Square.java:9)
at formsTesting.Square.<init>(Square.java:9)
at formsTesting.Square.<init>(Square.java:9)
at formsTesting.Square.<init>(Square.java:9)
at formsTesting.Square.<init>(Square.java:9)
at formsTesting.Square.<init>(Square.java:9)
at formsTesting.Square.<init>(Square.java:9)
at formsTesting.Square.<init>(Square.java:9)
at formsTesting.Square.<init>(Square.java:9)
at formsTesting.Square.<init>(Square.java:9)
at formsTesting.Square.<init>(Square.java:9)
at formsTesting.Square.<init>(Square.java:9)
at formsTesting.Square.<init>(Square.java:9)
at formsTesting.Square.<init>(Square.java:9)
at formsTesting.Square.<init>(Square.java:9)
at formsTesting.Square.<init>(Square.java:9)
at formsTesting.Square.<init>(Square.java:9)
at formsTesting.Square.<init>(Square.java:9)
at formsTesting.Square.<init>(Square.java:9)
at formsTesting.Square.<init>(Square.java:9)
at formsTesting.Square.<init>(Square.java:9)
at formsTesting.Square.<init>(Square.java:9)
at formsTesting.Square.<init>(Square.java:9)
at formsTesting.Square.<init>(Square.java:9)
at formsTesting.Square.<init>(Square.java:9)
at formsTesting.Square.<init>(Square.java:9)
at formsTesting.Square.<init>(Square.java:9)
at formsTesting.Square.<init>(Square.java:9)
at formsTesting.Square.<init>(Square.java:9)
at formsTesting.Square.<init>(Square.java:9)
at formsTesting.Square.<init>(Square.java:9)
at formsTesting.Square.<init>(Square.java:9)
at formsTesting.Square.<init>(Square.java:9)
at formsTesting.Square.<init>(Square.java:9)
at formsTesting.Square.<init>(Square.java:9)
at formsTesting.Square.<init>(Square.java:9)
at formsTesting.Square.<init>(Square.java:9)
at formsTesting.Square.<init>(Square.java:9)
at formsTesting.Square.<init>(Square.java:9)
at formsTesting.Square.<init>(Square.java:9)
at formsTesting.Square.<init>(Square.java:9)
at formsTesting.Square.<init>(Square.java:9)
at formsTesting.Square.<init>(Square.java:9)
at formsTesting.Square.<init>(Square.java:9)
at formsTesting.Square.<init>(Square.java:9)
at formsTesting.Square.<init>(Square.java:9)
at formsTesting.Square.<init>(Square.java:9)
at formsTesting.Square.<init>(Square.java:9)
at formsTesting.Square.<init>(Square.java:9)
at formsTesting.Square.<init>(Square.java:9)
at formsTesting.Square.<init>(Square.java:9)
at formsTesting.Square.<init>(Square.java:9)
at formsTesting.Square.<init>(Square.java:9)
at formsTesting.Square.<init>(Square.java:9)
at formsTesting.Square.<init>(Square.java:9)
at formsTesting.Square.<init>(Square.java:9)
at formsTesting.Square.<init>(Square.java:9)
at formsTesting.Square.<init>(Square.java:9)
at formsTesting.Square.<init>(Square.java:9)
at formsTesting.Square.<init>(Square.java:9)
at formsTesting.Square.<init>(Square.java:9)
at formsTesting.Square.<init>(Square.java:9)
at formsTesting.Square.<init>(Square.java:9)
at formsTesting.Square.<init>(Square.java:9)
at formsTesting.Square.<init>(Square.java:9)
at formsTesting.Square.<init>(Square.java:9)
at formsTesting.Square.<init>(Square.java:9)
at formsTesting.Square.<init>(Square.java:9)
at formsTesting.Square.<init>(Square.java:9)
at formsTesting.Square.<init>(Square.java:9)
at formsTesting.Square.<init>(Square.java:9)
at formsTesting.Square.<init>(Square.java:9)
at formsTesting.Square.<init>(Square.java:9)
at formsTesting.Square.<init>(Square.java:9)
at formsTesting.Square.<init>(Square.java:9)
at formsTesting.Square.<init>(Square.java:9)
at formsTesting.Square.<init>(Square.java:9)
at formsTesting.Square.<init>(Square.java:9)
at formsTesting.Square.<init>(Square.java:9)
at formsTesting.Square.<init>(Square.java:9)
at formsTesting.Square.<init>(Square.java:9)
at formsTesting.Square.<init>(Square.java:9)
at formsTesting.Square.<init>(Square.java:9)
at formsTesting.Square.<init>(Square.java:9)
at formsTesting.Square.<init>(Square.java:9)
at formsTesting.Square.<init>(Square.java:9)
at formsTesting.Square.<init>(Square.java:9)
at formsTesting.Square.<init>(Square.java:9)
at formsTesting.Square.<init>(Square.java:9)
at formsTesting.Square.<init>(Square.java:9)
at formsTesting.Square.<init>(Square.java:9)
at formsTesting.Square.<init>(Square.java:9)
at formsTesting.Square.<init>(Square.java:9)
at formsTesting.Square.<init>(Square.java:9)
at formsTesting.Square.<init>(Square.java:9)
at formsTesting.Square.<init>(Square.java:9)
at formsTesting.Square.<init>(Square.java:9)
at formsTesting.Square.<init>(Square.java:9)
at formsTesting.Square.<init>(Square.java:9)
at formsTesting.Square.<init>(Square.java:9)
at formsTesting.Square.<init>(Square.java:9)
at formsTesting.Square.<init>(Square.java:9)
at formsTesting.Square.<init>(Square.java:9)
at formsTesting.Square.<init>(Square.java:9)
at formsTesting.Square.<init>(Square.java:9)
at formsTesting.Square.<init>(Square.java:9)
at formsTesting.Square.<init>(Square.java:9)
at formsTesting.Square.<init>(Square.java:9)
at formsTesting.Square.<init>(Square.java:9)
at formsTesting.Square.<init>(Square.java:9)
at formsTesting.Square.<init>(Square.java:9)
at formsTesting.Square.<init>(Square.java:9)
at formsTesting.Square.<init>(Square.java:9)
at formsTesting.Square.<init>(Square.java:9)
at formsTesting.Square.<init>(Square.java:9)
at formsTesting.Square.<init>(Square.java:9)
at formsTesting.Square.<init>(Square.java:9)
at formsTesting.Square.<init>(Square.java:9)
at formsTesting.Square.<init>(Square.java:9)
at formsTesting.Square.<init>(Square.java:9)
at formsTesting.Square.<init>(Square.java:9)
at formsTesting.Square.<init>(Square.java:9)
at formsTesting.Square.<init>(Square.java:9)
at formsTesting.Square.<init>(Square.java:9)
at formsTesting.Square.<init>(Square.java:9)
at formsTesting.Square.<init>(Square.java:9)
at formsTesting.Square.<init>(Square.java:9)
at formsTesting.Square.<init>(Square.java:9)
at formsTesting.Square.<init>(Square.java:9)
at formsTesting.Square.<init>(Square.java:9)
at formsTesting.Square.<init>(Square.java:9)
at formsTesting.Square.<init>(Square.java:9)
at formsTesting.Square.<init>(Square.java:9)
at formsTesting.Square.<init>(Square.java:9)
at formsTesting.Square.<init>(Square.java:9)
at formsTesting.Square.<init>(Square.java:9)
at formsTesting.Square.<init>(Square.java:9)
at formsTesting.Square.<init>(Square.java:9)
at formsTesting.Square.<init>(Square.java:9)
at formsTesting.Square.<init>(Square.java:9)
at formsTesting.Square.<init>(Square.java:9)
at formsTesting.Square.<init>(Square.java:9)
at formsTesting.Square.<init>(Square.java:9)
at formsTesting.Square.<init>(Square.java:9)
at formsTesting.Square.<init>(Square.java:9)
at formsTesting.Square.<init>(Square.java:9)
at formsTesting.Square.<init>(Square.java:9)
at formsTesting.Square.<init>(Square.java:9)
at formsTesting.Square.<init>(Square.java:9)
at formsTesting.Square.<init>(Square.java:9)
at formsTesting.Square.<init>(Square.java:9)
at formsTesting.Square.<init>(Square.java:9)
at formsTesting.Square.<init>(Square.java:9)
at formsTesting.Square.<init>(Square.java:9)
at formsTesting.Square.<init>(Square.java:9)
at formsTesting.Square.<init>(Square.java:9)
at formsTesting.Square.<init>(Square.java:9)
at formsTesting.Square.<init>(Square.java:9)
at formsTesting.Square.<init>(Square.java:9)
at formsTesting.Square.<init>(Square.java:9)
at formsTesting.Square.<init>(Square.java:9)
at formsTesting.Square.<init>(Square.java:9)
at formsTesting.Square.<init>(Square.java:9)
at formsTesting.Square.<init>(Square.java:9)
at formsTesting.Square.<init>(Square.java:9)
at formsTesting.Square.<init>(Square.java:9)
at formsTesting.Square.<init>(Square.java:9)
at formsTesting.Square.<init>(Square.java:9)
at formsTesting.Square.<init>(Square.java:9)
at formsTesting.Square.<init>(Square.java:9)
at formsTesting.Square.<init>(Square.java:9)
at formsTesting.Square.<init>(Square.java:9)
at formsTesting.Square.<init>(Square.java:9)
at formsTesting.Square.<init>(Square.java:9)
at formsTesting.Square.<init>(Square.java:9)
at formsTesting.Square.<init>(Square.java:9)
at formsTesting.Square.<init>(Square.java:9)
at formsTesting.Square.<init>(Square.java:9)
at formsTesting.Square.<init>(Square.java:9)
at formsTesting.Square.<init>(Square.java:9)
at formsTesting.Square.<init>(Square.java:9)
at formsTesting.Square.<init>(Square.java:9)
at formsTesting.Square.<init>(Square.java:9)
at formsTesting.Square.<init>(Square.java:9)
at formsTesting.Square.<init>(Square.java:9)
at formsTesting.Square.<init>(Square.java:9)
at formsTesting.Square.<init>(Square.java:9)
at formsTesting.Square.<init>(Square.java:9)
at formsTesting.Square.<init>(Square.java:9)
at formsTesting.Square.<init>(Square.java:9)
at formsTesting.Square.<init>(Square.java:9)
at formsTesting.Square.<init>(Square.java:9)
at formsTesting.Square.<init>(Square.java:9)
at formsTesting.Square.<init>(Square.java:9)
at formsTesting.Square.<init>(Square.java:9)
at formsTesting.Square.<init>(Square.java:9)
at formsTesting.Square.<init>(Square.java:9)
at formsTesting.Square.<init>(Square.java:9)
at formsTesting.Square.<init>(Square.java:9)
at formsTesting.Square.<init>(Square.java:9)
at formsTesting.Square.<init>(Square.java:9)
at formsTesting.Square.<init>(Square.java:9)
at formsTesting.Square.<init>(Square.java:9)
at formsTesting.Square.<init>(Square.java:9)
at formsTesting.Square.<init>(Square.java:9)
at formsTesting.Square.<init>(Square.java:9)
at formsTesting.Square.<init>(Square.java:9)
at formsTesting.Square.<init>(Square.java:9)
at formsTesting.Square.<init>(Square.java:9)
at formsTesting.Square.<init>(Square.java:9)
at formsTesting.Square.<init>(Square.java:9)
at formsTesting.Square.<init>(Square.java:9)
at formsTesting.Square.<init>(Square.java:9)
at formsTesting.Square.<init>(Square.java:9)
at formsTesting.Square.<init>(Square.java:9)
at formsTesting.Square.<init>(Square.java:9)
at formsTesting.Square.<init>(Square.java:9)
at formsTesting.Square.<init>(Square.java:9)
at formsTesting.Square.<init>(Square.java:9)
at formsTesting.Square.<init>(Square.java:9)
at formsTesting.Square.<init>(Square.java:9)
at formsTesting.Square.<init>(Square.java:9)
at formsTesting.Square.<init>(Square.java:9)
at formsTesting.Square.<init>(Square.java:9)
at formsTesting.Square.<init>(Square.java:9)
at formsTesting.Square.<init>(Square.java:9)
at formsTesting.Square.<init>(Square.java:9)
at formsTesting.Square.<init>(Square.java:9)
at formsTesting.Square.<init>(Square.java:9)
at formsTesting.Square.<init>(Square.java:9)
at formsTesting.Square.<init>(Square.java:9)
at formsTesting.Square.<init>(Square.java:9)
at formsTesting.Square.<init>(Square.java:9)
at formsTesting.Square.<init>(Square.java:9)
at formsTesting.Square.<init>(Square.java:9)
at formsTesting.Square.<init>(Square.java:9)
at formsTesting.Square.<init>(Square.java:9)
at formsTesting.Square.<init>(Square.java:9)
at formsTesting.Square.<init>(Square.java:9)
at formsTesting.Square.<init>(Square.java:9)
at formsTesting.Square.<init>(Square.java:9)
at formsTesting.Square.<init>(Square.java:9)
at formsTesting.Square.<init>(Square.java:9)
at formsTesting.Square.<init>(Square.java:9)
at formsTesting.Square.<init>(Square.java:9)
at formsTesting.Square.<init>(Square.java:9)
at formsTesting.Square.<init>(Square.java:9)
at formsTesting.Square.<init>(Square.java:9)
at formsTesting.Square.<init>(Square.java:9)
at formsTesting.Square.<init>(Square.java:9)
at formsTesting.Square.<init>(Square.java:9)
at formsTesting.Square.<init>(Square.java:9)
at formsTesting.Square.<init>(Square.java:9)
at formsTesting.Square.<init>(Square.java:9)
at formsTesting.Square.<init>(Square.java:9)
at formsTesting.Square.<init>(Square.java:9)
at formsTesting.Square.<init>(Square.java:9)
at formsTesting.Square.<init>(Square.java:9)
at formsTesting.Square.<init>(Square.java:9)
at formsTesting.Square.<init>(Square.java:9)
at formsTesting.Square.<init>(Square.java:9)
at formsTesting.Square.<init>(Square.java:9)
at formsTesting.Square.<init>(Square.java:9)
at formsTesting.Square.<init>(Square.java:9)
at formsTesting.Square.<init>(Square.java:9)
at formsTesting.Square.<init>(Square.java:9)
at formsTesting.Square.<init>(Square.java:9)
at formsTesting.Square.<init>(Square.java:9)
at formsTesting.Square.<init>(Square.java:9)
at formsTesting.Square.<init>(Square.java:9)
at formsTesting.Square.<init>(Square.java:9)
at formsTesting.Square.<init>(Square.java:9)
at formsTesting.Square.<init>(Square.java:9)
at formsTesting.Square.<init>(Square.java:9)
at formsTesting.Square.<init>(Square.java:9)
at formsTesting.Square.<init>(Square.java:9)
at formsTesting.Square.<init>(Square.java:9)
at formsTesting.Square.<init>(Square.java:9)
at formsTesting.Square.<init>(Square.java:9)
at formsTesting.Square.<init>(Square.java:9)
at formsTesting.Square.<init>(Square.java:9)
at formsTesting.Square.<init>(Square.java:9)
at formsTesting.Square.<init>(Square.java:9)
at formsTesting.Square.<init>(Square.java:9)
at formsTesting.Square.<init>(Square.java:9)
at formsTesting.Square.<init>(Square.java:9)
at formsTesting.Square.<init>(Square.java:9)
at formsTesting.Square.<init>(Square.java:9)
at formsTesting.Square.<init>(Square.java:9)
at formsTesting.Square.<init>(Square.java:9)
at formsTesting.Square.<init>(Square.java:9)
at formsTesting.Square.<init>(Square.java:9)
at formsTesting.Square.<init>(Square.java:9)
at formsTesting.Square.<init>(Square.java:9)
at formsTesting.Square.<init>(Square.java:9)
at formsTesting.Square.<init>(Square.java:9)
at formsTesting.Square.<init>(Square.java:9)
at formsTesting.Square.<init>(Square.java:9)
at formsTesting.Square.<init>(Square.java:9)
at formsTesting.Square.<init>(Square.java:9)
at formsTesting.Square.<init>(Square.java:9)
at formsTesting.Square.<init>(Square.java:9)
at formsTesting.Square.<init>(Square.java:9)
at formsTesting.Square.<init>(Square.java:9)
at formsTesting.Square.<init>(Square.java:9)
at formsTesting.Square.<init>(Square.java:9)
at formsTesting.Square.<init>(Square.java:9)
at formsTesting.Square.<init>(Square.java:9)
at formsTesting.Square.<init>(Square.java:9)
at formsTesting.Square.<init>(Square.java:9)
at formsTesting.Square.<init>(Square.java:9)
at formsTesting.Square.<init>(Square.java:9)
at formsTesting.Square.<init>(Square.java:9)
at formsTesting.Square.<init>(Square.java:9)
at formsTesting.Square.<init>(Square.java:9)
at formsTesting.Square.<init>(Square.java:9)
at formsTesting.Square.<init>(Square.java:9)
at formsTesting.Square.<init>(Square.java:9)
at formsTesting.Square.<init>(Square.java:9)
at formsTesting.Square.<init>(Square.java:9)
at formsTesting.Square.<init>(Square.java:9)
at formsTesting.Square.<init>(Square.java:9)
at formsTesting.Square.<init>(Square.java:9)
at formsTesting.Square.<init>(Square.java:9)
at formsTesting.Square.<init>(Square.java:9)
at formsTesting.Square.<init>(Square.java:9)
at formsTesting.Square.<init>(Square.java:9)
at formsTesting.Square.<init>(Square.java:9)
at formsTesting.Square.<init>(Square.java:9)
at formsTesting.Square.<init>(Square.java:9)
at formsTesting.Square.<init>(Square.java:9)
at formsTesting.Square.<init>(Square.java:9)
at formsTesting.Square.<init>(Square.java:9)
at formsTesting.Square.<init>(Square.java:9)
at formsTesting.Square.<init>(Square.java:9)
at formsTesting.Square.<init>(Square.java:9)
at formsTesting.Square.<init>(Square.java:9)
at formsTesting.Square.<init>(Square.java:9)
at formsTesting.Square.<init>(Square.java:9)
at formsTesting.Square.<init>(Square.java:9)
at formsTesting.Square.<init>(Square.java:9)
at formsTesting.Square.<init>(Square.java:9)
at formsTesting.Square.<init>(Square.java:9)
at formsTesting.Square.<init>(Square.java:9)
at formsTesting.Square.<init>(Square.java:9)
at formsTesting.Square.<init>(Square.java:9)
at formsTesting.Square.<init>(Square.java:9)
at formsTesting.Square.<init>(Square.java:9)
at formsTesting.Square.<init>(Square.java:9)
at formsTesting.Square.<init>(Square.java:9)
at formsTesting.Square.<init>(Square.java:9)
at formsTesting.Square.<init>(Square.java:9)
at formsTesting.Square.<init>(Square.java:9)
at formsTesting.Square.<init>(Square.java:9)
at formsTesting.Square.<init>(Square.java:9)
at formsTesting.Square.<init>(Square.java:9)
at formsTesting.Square.<init>(Square.java:9)
at formsTesting.Square.<init>(Square.java:9)
at formsTesting.Square.<init>(Square.java:9)
at formsTesting.Square.<init>(Square.java:9)
at formsTesting.Square.<init>(Square.java:9)
at formsTesting.Square.<init>(Square.java:9)
at formsTesting.Square.<init>(Square.java:9)
at formsTesting.Square.<init>(Square.java:9)
at formsTesting.Square.<init>(Square.java:9)
at formsTesting.Square.<init>(Square.java:9)
at formsTesting.Square.<init>(Square.java:9)
at formsTesting.Square.<init>(Square.java:9)
at formsTesting.Square.<init>(Square.java:9)
at formsTesting.Square.<init>(Square.java:9)
at formsTesting.Square.<init>(Square.java:9)
at formsTesting.Square.<init>(Square.java:9)
at formsTesting.Square.<init>(Square.java:9)
at formsTesting.Square.<init>(Square.java:9)
at formsTesting.Square.<init>(Square.java:9)
at formsTesting.Square.<init>(Square.java:9)
at formsTesting.Square.<init>(Square.java:9)
at formsTesting.Square.<init>(Square.java:9)
at formsTesting.Square.<init>(Square.java:9)
at formsTesting.Square.<init>(Square.java:9)
at formsTesting.Square.<init>(Square.java:9)
at formsTesting.Square.<init>(Square.java:9)
at formsTesting.Square.<init>(Square.java:9)
at formsTesting.Square.<init>(Square.java:9)
at formsTesting.Square.<init>(Square.java:9)
at formsTesting.Square.<init>(Square.java:9)
at formsTesting.Square.<init>(Square.java:9)
at formsTesting.Square.<init>(Square.java:9)
at formsTesting.Square.<init>(Square.java:9)
at formsTesting.Square.<init>(Square.java:9)
at formsTesting.Square.<init>(Square.java:9)
at formsTesting.Square.<init>(Square.java:9)
at formsTesting.Square.<init>(Square.java:9)
at formsTesting.Square.<init>(Square.java:9)
at formsTesting.Square.<init>(Square.java:9)
at formsTesting.Square.<init>(Square.java:9)
at formsTesting.Square.<init>(Square.java:9)
at formsTesting.Square.<init>(Square.java:9)
at formsTesting.Square.<init>(Square.java:9)
at formsTesting.Square.<init>(Square.java:9)
at formsTesting.Square.<init>(Square.java:9)
at formsTesting.Square.<init>(Square.java:9)
at formsTesting.Square.<init>(Square.java:9)
at formsTesting.Square.<init>(Square.java:9)
at formsTesting.Square.<init>(Square.java:9)
at formsTesting.Square.<init>(Square.java:9)
at formsTesting.Square.<init>(Square.java:9)
at formsTesting.Square.<init>(Square.java:9)
at formsTesting.Square.<init>(Square.java:9)
at formsTesting.Square.<init>(Square.java:9)
at formsTesting.Square.<init>(Square.java:9)
at formsTesting.Square.<init>(Square.java:9)
at formsTesting.Square.<init>(Square.java:9)
at formsTesting.Square.<init>(Square.java:9)
at formsTesting.Square.<init>(Square.java:9)
at formsTesting.Square.<init>(Square.java:9)
at formsTesting.Square.<init>(Square.java:9)
at formsTesting.Square.<init>(Square.java:9)
at formsTesting.Square.<init>(Square.java:9)
at formsTesting.Square.<init>(Square.java:9)
at formsTesting.Square.<init>(Square.java:9)
at formsTesting.Square.<init>(Square.java:9)
at formsTesting.Square.<init>(Square.java:9)
at formsTesting.Square.<init>(Square.java:9)
at formsTesting.Square.<init>(Square.java:9)
at formsTesting.Square.<init>(Square.java:9)
at formsTesting.Square.<init>(Square.java:9)
at formsTesting.Square.<init>(Square.java:9)
at formsTesting.Square.<init>(Square.java:9)
at formsTesting.Square.<init>(Square.java:9)
at formsTesting.Square.<init>(Square.java:9)
at formsTesting.Square.<init>(Square.java:9)
at formsTesting.Square.<init>(Square.java:9)
at formsTesting.Square.<init>(Square.java:9)
at formsTesting.Square.<init>(Square.java:9)
at formsTesting.Square.<init>(Square.java:9)
at formsTesting.Square.<init>(Square.java:9)
at formsTesting.Square.<init>(Square.java:9)
at formsTesting.Square.<init>(Square.java:9)
at formsTesting.Square.<init>(Square.java:9)
at formsTesting.Square.<init>(Square.java:9)
at formsTesting.Square.<init>(Square.java:9)
at formsTesting.Square.<init>(Square.java:9)
at formsTesting.Square.<init>(Square.java:9)
at formsTesting.Square.<init>(Square.java:9)
at formsTesting.Square.<init>(Square.java:9)
at formsTesting.Square.<init>(Square.java:9)
at formsTesting.Square.<init>(Square.java:9)
at formsTesting.Square.<init>(Square.java:9)
at formsTesting.Square.<init>(Square.java:9)
at formsTesting.Square.<init>(Square.java:9)
at formsTesting.Square.<init>(Square.java:9)
at formsTesting.Square.<init>(Square.java:9)
at formsTesting.Square.<init>(Square.java:9)
at formsTesting.Square.<init>(Square.java:9)
at formsTesting.Square.<init>(Square.java:9)
[...]
at formsTesting.Square.<init>(Square.java:9)
at formsTesting.Square.<init>(Square.java:9)
at formsTesting.Square.<init>(Square.java:9)
at formsTesting.Square.<init>(Square.java:9)
at formsTesting.Square.<init>(Square.java:9)
at formsTesting.Square.<init>(Square.java:9)
at formsTesting.Square.<init>(Square.java:9)
at formsTesting.Square.<init>(Square.java:9)
at formsTesting.Square.<init>(Square.java:9)
at formsTesting.Square.<init>(Square.java:9)
at formsTesting.Square.<init>(Square.java:9)
at formsTesting.Square.<init>(Square.java:9)
at formsTesting.Square.<init>(Square.java:9)
at formsTesting.Square.<init>(Square.java:9)
at formsTesting.Square.<init>(Square.java:9)
at formsTesting.Square.<init>(Square.java:9)
at formsTesting.Square.<init>(Square.java:9)
at formsTesting.Square.<init>(Square.java:9)
at formsTesting.Square.<init>(Square.java:9)
at formsTesting.Square.<init>(Square.java:9)
at formsTesting.Square.<init>(Square.java:9)
at formsTesting.Square.<init>(Square.java:9)
at formsTesting.Square.<init>(Square.java:9)
at formsTesting.Square.<init>(Square.java:9)
at formsTesting.Square.<init>(Square.java:9)
at formsTesting.Square.<init>(Square.java:9)
at formsTesting.Square.<init>(Square.java:9)
at formsTesting.Square.<init>(Square.java:9)
at formsTesting.Square.<init>(Square.java:9)
at formsTesting.Square.<init>(Square.java:9)
at formsTesting.Square.<init>(Square.java:9)
at formsTesting.Square.<init>(Square.java:9)
at formsTesting.Square.<init>(Square.java:9)
at formsTesting.Square.<init>(Square.java:9)
at formsTesting.Square.<init>(Square.java:9)
at formsTesting.Square.<init>(Square.java:9)
at formsTesting.Square.<init>(Square.java:9)
at formsTesting.Square.<init>(Square.java:9)
at formsTesting.Square.<init>(Square.java:9)
at formsTesting.Square.<init>(Square.java:9)
at formsTesting.Square.<init>(Square.java:9)
at formsTesting.Square.<init>(Square.java:9)
at formsTesting.Square.<init>(Square.java:9)
at formsTesting.Square.<init>(Square.java:9)
at formsTesting.Square.<init>(Square.java:9)
at formsTesting.Square.<init>(Square.java:9)
at formsTesting.Square.<init>(Square.java:9)
at formsTesting.Square.<init>(Square.java:9)
at formsTesting.Square.<init>(Square.java:9)
at formsTesting.Square.<init>(Square.java:9)
at formsTesting.Square.<init>(Square.java:9)
at formsTesting.Square.<init>(Square.java:9)
at formsTesting.Square.<init>(Square.java:9)
at formsTesting.Square.<init>(Square.java:9)
at formsTesting.Square.<init>(Square.java:9)
at formsTesting.Square.<init>(Square.java:9)
at formsTesting.Square.<init>(Square.java:9)
at formsTesting.Square.<init>(Square.java:9)
at formsTesting.Square.<init>(Square.java:9)
at formsTesting.Square.<init>(Square.java:9)
at formsTesting.Square.<init>(Square.java:9)
at formsTesting.Square.<init>(Square.java:9)
at formsTesting.Square.<init>(Square.java:9)
at formsTesting.Square.<init>(Square.java:9)
at formsTesting.Square.<init>(Square.java:9)
at formsTesting.Square.<init>(Square.java:9)
at formsTesting.Square.<init>(Square.java:9)
at formsTesting.Square.<init>(Square.java:9)
at formsTesting.Square.<init>(Square.java:9)
at formsTesting.Square.<init>(Square.java:9)
at formsTesting.Square.<init>(Square.java:9)
at formsTesting.Square.<init>(Square.java:9)
at formsTesting.Square.<init>(Square.java:9)
at formsTesting.Square.<init>(Square.java:9)
at formsTesting.Square.<init>(Square.java:9)
at formsTesting.Square.<init>(Square.java:9)
at formsTesting.Square.<init>(Square.java:9)
at formsTesting.Square.<init>(Square.java:9)
at formsTesting.Square.<init>(Square.java:9)
at formsTesting.Square.<init>(Square.java:9)
at formsTesting.Square.<init>(Square.java:9)
at formsTesting.Square.<init>(Square.java:9)
at formsTesting.Square.<init>(Square.java:9)
at formsTesting.Square.<init>(Square.java:9)
at formsTesting.Square.<init>(Square.java:9)
at formsTesting.Square.<init>(Square.java:9)
at formsTesting.Square.<init>(Square.java:9)
at formsTesting.Square.<init>(Square.java:9)
at formsTesting.Square.<init>(Square.java:9)
at formsTesting.Square.<init>(Square.java:9)
at formsTesting.Square.<init>(Square.java:9)
at formsTesting.Square.<init>(Square.java:9)
at formsTesting.Square.<init>(Square.java:9)
at formsTesting.Square.<init>(Square.java:9)
at formsTesting.Square.<init>(Square.java:9)
at formsTesting.Square.<init>(Square.java:9)
at formsTesting.Square.<init>(Square.java:9)
at formsTesting.Square.<init>(Square.java:9)
at formsTesting.Square.<init>(Square.java:9)
at formsTesting.Square.<init>(Square.java:9)
at formsTesting.Square.<init>(Square.java:9)
at formsTesting.Square.<init>(Square.java:9)
at formsTesting.Square.<init>(Square.java:9)
at formsTesting.Square.<init>(Square.java:9)
at formsTesting.Square.<init>(Square.java:9)
at formsTesting.Square.<init>(Square.java:9)
at formsTesting.Square.<init>(Square.java:9)
at formsTesting.Square.<init>(Square.java:9)
at formsTesting.Square.<init>(Square.java:9)
at formsTesting.Square.<init>(Square.java:9)
at formsTesting.Square.<init>(Square.java:9)
at formsTesting.Square.<init>(Square.java:9)
at formsTesting.Square.<init>(Square.java:9)
at formsTesting.Square.<init>(Square.java:9)
at formsTesting.Square.<init>(Square.java:9)
at formsTesting.Square.<init>(Square.java:9)
at formsTesting.Square.<init>(Square.java:9)
at formsTesting.Square.<init>(Square.java:9)
at formsTesting.Square.<init>(Square.java:9)
at formsTesting.Square.<init>(Square.java:9)
at formsTesting.Square.<init>(Square.java:9)
at formsTesting.Square.<init>(Square.java:9)
at formsTesting.Square.<init>(Square.java:9)
at formsTesting.Square.<init>(Square.java:9)
at formsTesting.Square.<init>(Square.java:9)
at formsTesting.Square.<init>(Square.java:9)
at formsTesting.Square.<init>(Square.java:9)
at formsTesting.Square.<init>(Square.java:9)
at formsTesting.Square.<init>(Square.java:9)
at formsTesting.Square.<init>(Square.java:9)
at formsTesting.Square.<init>(Square.java:9)
at formsTesting.Square.<init>(Square.java:9)
at formsTesting.Square.<init>(Square.java:9)
at formsTesting.Square.<init>(Square.java:9)
at formsTesting.Square.<init>(Square.java:9)
at formsTesting.Square.<init>(Square.java:9)
at formsTesting.Square.<init>(Square.java:9)
at formsTesting.Square.<init>(Square.java:9)
at formsTesting.Square.<init>(Square.java:9)
at formsTesting.Square.<init>(Square.java:9)
at formsTesting.Square.<init>(Square.java:9)
at formsTesting.Square.<init>(Square.java:9)
at formsTesting.Square.<init>(Square.java:9)
at formsTesting.Square.<init>(Square.java:9)
at formsTesting.Square.<init>(Square.java:9)
at formsTesting.Square.<init>(Square.java:9)
at formsTesting.Square.<init>(Square.java:9)
at formsTesting.Square.<init>(Square.java:9)
at formsTesting.Square.<init>(Square.java:9)
at formsTesting.Square.<init>(Square.java:9)
at formsTesting.Square.<init>(Square.java:9)
at formsTesting.Square.<init>(Square.java:9)
at formsTesting.Square.<init>(Square.java:9)
at formsTesting.Square.<init>(Square.java:9)
at formsTesting.Square.<init>(Square.java:9)
at formsTesting.Square.<init>(Square.java:9)
at formsTesting.Square.<init>(Square.java:9)
at formsTesting.Square.<init>(Square.java:9)
at formsTesting.Square.<init>(Square.java:9)
at formsTesting.Square.<init>(Square.java:9)
at formsTesting.Square.<init>(Square.java:9)
at formsTesting.Square.<init>(Square.java:9)
at formsTesting.Square.<init>(Square.java:9)
at formsTesting.Square.<init>(Square.java:9)
at formsTesting.Square.<init>(Square.java:9)
at formsTesting.Square.<init>(Square.java:9)
at formsTesting.Square.<init>(Square.java:9)
at formsTesting.Square.<init>(Square.java:9)
at formsTesting.Square.<init>(Square.java:9)
at formsTesting.Square.<init>(Square.java:9)
at formsTesting.Square.<init>(Square.java:9)
at formsTesting.Square.<init>(Square.java:9)
at formsTesting.Square.<init>(Square.java:9)
at formsTesting.Square.<init>(Square.java:9)
at formsTesting.Square.<init>(Square.java:9)
at formsTesting.Square.<init>(Square.java:9)
at formsTesting.Square.<init>(Square.java:9)
at formsTesting.Square.<init>(Square.java:9)
at formsTesting.Square.<init>(Square.java:9)
at formsTesting.Square.<init>(Square.java:9)
at formsTesting.Square.<init>(Square.java:9)
at formsTesting.Square.<init>(Square.java:9)
at formsTesting.Square.<init>(Square.java:9)
at formsTesting.Square.<init>(Square.java:9)
at formsTesting.Square.<init>(Square.java:9)
at formsTesting.Square.<init>(Square.java:9)
at formsTesting.Square.<init>(Square.java:9)
at formsTesting.Square.<init>(Square.java:9)
at formsTesting.Square.<init>(Square.java:9)
at formsTesting.Square.<init>(Square.java:9)
at formsTesting.Square.<init>(Square.java:9)
at formsTesting.Square.<init>(Square.java:9)
at formsTesting.Square.<init>(Square.java:9)
at formsTesting.Square.<init>(Square.java:9)
at formsTesting.Square.<init>(Square.java:9)
at formsTesting.Square.<init>(Square.java:9)
at formsTesting.Square.<init>(Square.java:9)
at formsTesting.Square.<init>(Square.java:9)
at formsTesting.Square.<init>(Square.java:9)
at formsTesting.Square.<init>(Square.java:9)
at formsTesting.Square.<init>(Square.java:9)
at formsTesting.Square.<init>(Square.java:9)
at formsTesting.Square.<init>(Square.java:9)
at formsTesting.Square.<init>(Square.java:9)
at formsTesting.Square.<init>(Square.java:9)
at formsTesting.Square.<init>(Square.java:9)
at formsTesting.Square.<init>(Square.java:9)
at formsTesting.Square.<init>(Square.java:9)
at formsTesting.Square.<init>(Square.java:9)
at formsTesting.Square.<init>(Square.java:9)
at formsTesting.Square.<init>(Square.java:9)
at formsTesting.Square.<init>(Square.java:9)
at formsTesting.Square.<init>(Square.java:9)
at formsTesting.Square.<init>(Square.java:9)
at formsTesting.Square.<init>(Square.java:9)
at formsTesting.Square.<init>(Square.java:9)
at formsTesting.Square.<init>(Square.java:9)
at formsTesting.Square.<init>(Square.java:9)
at formsTesting.Square.<init>(Square.java:9)
at formsTesting.Square.<init>(Square.java:9)
at formsTesting.Square.<init>(Square.java:9)
at formsTesting.Square.<init>(Square.java:9)
at formsTesting.Square.<init>(Square.java:9)
at formsTesting.Square.<init>(Square.java:9)
at formsTesting.Square.<init>(Square.java:9)
at formsTesting.Square.<init>(Square.java:9)
at formsTesting.Square.<init>(Square.java:9)
at formsTesting.Square.<init>(Square.java:9)
at formsTesting.Square.<init>(Square.java:9)
at formsTesting.Square.<init>(Square.java:9)
at formsTesting.Square.<init>(Square.java:9)
at formsTesting.Square.<init>(Square.java:9)
at formsTesting.Square.<init>(Square.java:9)
at formsTesting.Square.<init>(Square.java:9)
at formsTesting.Square.<init>(Square.java:9)
at formsTesting.Square.<init>(Square.java:9)
at formsTesting.Square.<init>(Square.java:9)
at formsTesting.Square.<init>(Square.java:9)
at formsTesting.Square.<init>(Square.java:9)
at formsTesting.Square.<init>(Square.java:9)
at formsTesting.Square.<init>(Square.java:9)
at formsTesting.Square.<init>(Square.java:9)
at formsTesting.Square.<init>(Square.java:9)
at formsTesting.Square.<init>(Square.java:9)
at formsTesting.Square.<init>(Square.java:9)
at formsTesting.Square.<init>(Square.java:9)
at formsTesting.Square.<init>(Square.java:9)
at formsTesting.Square.<init>(Square.java:9)
at formsTesting.Square.<init>(Square.java:9)
at formsTesting.Square.<init>(Square.java:9)
at formsTesting.Square.<init>(Square.java:9)
at formsTesting.Square.<init>(Square.java:9)
at formsTesting.Square.<init>(Square.java:9)
at formsTesting.Square.<init>(Square.java:9)
at formsTesting.Square.<init>(Square.java:9)
at formsTesting.Square.<init>(Square.java:9)
at formsTesting.Square.<init>(Square.java:9)
at formsTesting.Square.<init>(Square.java:9)
at formsTesting.Square.<init>(Square.java:9)
at formsTesting.Square.<init>(Square.java:9)
at formsTesting.Square.<init>(Square.java:9)
at formsTesting.Square.<init>(Square.java:9)
at formsTesting.Square.<init>(Square.java:9)
at formsTesting.Square.<init>(Square.java:9)
at formsTesting.Square.<init>(Square.java:9)
at formsTesting.Square.<init>(Square.java:9)
at formsTesting.Square.<init>(Square.java:9)
at formsTesting.Square.<init>(Square.java:9)
at formsTesting.Square.<init>(Square.java:9)
at formsTesting.Square.<init>(Square.java:9)
at formsTesting.Square.<init>(Square.java:9)
at formsTesting.Square.<init>(Square.java:9)
at formsTesting.Square.<init>(Square.java:9)
at formsTesting.Square.<init>(Square.java:9)
at formsTesting.Square.<init>(Square.java:9)
at formsTesting.Square.<init>(Square.java:9)
at formsTesting.Square.<init>(Square.java:9)
at formsTesting.Square.<init>(Square.java:9)
at formsTesting.Square.<init>(Square.java:9)
at formsTesting.Square.<init>(Square.java:9)
at formsTesting.Square.<init>(Square.java:9)
at formsTesting.Square.<init>(Square.java:9)
at formsTesting.Square.<init>(Square.java:9)
at formsTesting.Square.<init>(Square.java:9)
at formsTesting.Square.<init>(Square.java:9)
at formsTesting.Square.<init>(Square.java:9)
at formsTesting.Square.<init>(Square.java:9)
at formsTesting.Square.<init>(Square.java:9)
at formsTesting.Square.<init>(Square.java:9)
at formsTesting.Square.<init>(Square.java:9)
at formsTesting.Square.<init>(Square.java:9)
at formsTesting.Square.<init>(Square.java:9)
at formsTesting.Square.<init>(Square.java:9)
at formsTesting.Square.<init>(Square.java:9)
at formsTesting.Square.<init>(Square.java:9)
at formsTesting.Square.<init>(Square.java:9)
at formsTesting.Square.<init>(Square.java:9)
at formsTesting.Square.<init>(Square.java:9)
at formsTesting.Square.<init>(Square.java:9)
at formsTesting.Square.<init>(Square.java:9)
at formsTesting.Square.<init>(Square.java:9)
at formsTesting.Square.<init>(Square.java:9)
at formsTesting.Square.<init>(Square.java:9)
at formsTesting.Square.<init>(Square.java:9)
at formsTesting.Square.<init>(Square.java:9)
at formsTesting.Square.<init>(Square.java:9)
at formsTesting.Square.<init>(Square.java:9)
at formsTesting.Square.<init>(Square.java:9)
at formsTesting.Square.<init>(Square.java:9)
at formsTesting.Square.<init>(Square.java:9)
at formsTesting.Square.<init>(Square.java:9)
at formsTesting.Square.<init>(Square.java:9)
at formsTesting.Square.<init>(Square.java:9)
at formsTesting.Square.<init>(Square.java:9)
at formsTesting.Square.<init>(Square.java:9)
at formsTesting.Square.<init>(Square.java:9)
at formsTesting.Square.<init>(Square.java:9)
at formsTesting.Square.<init>(Square.java:9)
at formsTesting.Square.<init>(Square.java:9)
at formsTesting.Square.<init>(Square.java:9)
at formsTesting.Square.<init>(Square.java:9)
at formsTesting.Square.<init>(Square.java:9)
at formsTesting.Square.<init>(Square.java:9)
at formsTesting.Square.<init>(Square.java:9)
at formsTesting.Square.<init>(Square.java:9)
at formsTesting.Square.<init>(Square.java:9)
at formsTesting.Square.<init>(Square.java:9)
at formsTesting.Square.<init>(Square.java:9)
at formsTesting.Square.<init>(Square.java:9)
at formsTesting.Square.<init>(Square.java:9)
at formsTesting.Square.<init>(Square.java:9)
at formsTesting.Square.<init>(Square.java:9)
at formsTesting.Square.<init>(Square.java:9)
at formsTesting.Square.<init>(Square.java:9)
at formsTesting.Square.<init>(Square.java:9)
at formsTesting.Square.<init>(Square.java:9)
at formsTesting.Square.<init>(Square.java:9)
at formsTesting.Square.<init>(Square.java:9)
at formsTesting.Square.<init>(Square.java:9)
at formsTesting.Square.<init>(Square.java:9)
at formsTesting.Square.<init>(Square.java:9)
at formsTesting.Square.<init>(Square.java:9)
at formsTesting.Square.<init>(Square.java:9)
at formsTesting.Square.<init>(Square.java:9)
at formsTesting.Square.<init>(Square.java:9)
at formsTesting.Square.<init>(Square.java:9)
at formsTesting.Square.<init>(Square.java:9)
at formsTesting.Square.<init>(Square.java:9)
at formsTesting.Square.<init>(Square.java:9)
at formsTesting.Square.<init>(Square.java:9)
at formsTesting.Square.<init>(Square.java:9)
at formsTesting.Square.<init>(Square.java:9)
at formsTesting.Square.<init>(Square.java:9)
at formsTesting.Square.<init>(Square.java:9)
at formsTesting.Square.<init>(Square.java:9)
at formsTesting.Square.<init>(Square.java:9)
at formsTesting.Square.<init>(Square.java:9)
at formsTesting.Square.<init>(Square.java:9)
at formsTesting.Square.<init>(Square.java:9)
at formsTesting.Square.<init>(Square.java:9)
at formsTesting.Square.<init>(Square.java:9)
at formsTesting.Square.<init>(Square.java:9)
at formsTesting.Square.<init>(Square.java:9)
at formsTesting.Square.<init>(Square.java:9)
at formsTesting.Square.<init>(Square.java:9)
at formsTesting.Square.<init>(Square.java:9)
at formsTesting.Square.<init>(Square.java:9)
at formsTesting.Square.<init>(Square.java:9)
at formsTesting.Square.<init>(Square.java:9)
at formsTesting.Square.<init>(Square.java:9)
at formsTesting.Square.<init>(Square.java:9)
at formsTesting.Square.<init>(Square.java:9)
at formsTesting.Square.<init>(Square.java:9)
at formsTesting.Square.<init>(Square.java:9)
at formsTesting.Square.<init>(Square.java:9)
at formsTesting.Square.<init>(Square.java:9)
at formsTesting.Square.<init>(Square.java:9)
at formsTesting.Square.<init>(Square.java:9)
at formsTesting.Square.<init>(Square.java:9)
at formsTesting.Square.<init>(Square.java:9)
at formsTesting.Square.<init>(Square.java:9)
at formsTesting.Square.<init>(Square.java:9)
at formsTesting.Square.<init>(Square.java:9)
at formsTesting.Square.<init>(Square.java:9)
at formsTesting.Square.<init>(Square.java:9)
at formsTesting.Square.<init>(Square.java:9)
at formsTesting.Square.<init>(Square.java:9)
at formsTesting.Square.<init>(Square.java:9)
at formsTesting.Square.<init>(Square.java:9)
at formsTesting.Square.<init>(Square.java:9)
at formsTesting.Square.<init>(Square.java:9)
at formsTesting.Square.<init>(Square.java:9)
at formsTesting.Square.<init>(Square.java:9)
at formsTesting.Square.<init>(Square.java:9)
at formsTesting.Square.<init>(Square.java:9)
at formsTesting.Square.<init>(Square.java:9)
at formsTesting.Square.<init>(Square.java:9)
at formsTesting.Square.<init>(Square.java:9)
at formsTesting.Square.<init>(Square.java:9)
at formsTesting.Square.<init>(Square.java:9)
at formsTesting.Square.<init>(Square.java:9)
at formsTesting.Square.<init>(Square.java:9)
at formsTesting.Square.<init>(Square.java:9)
at formsTesting.Square.<init>(Square.java:9)
at formsTesting.Square.<init>(Square.java:9)
at formsTesting.Square.<init>(Square.java:9)
at formsTesting.Square.<init>(Square.java:9)
at formsTesting.Square.<init>(Square.java:9)
at formsTesting.Square.<init>(Square.java:9)
at formsTesting.Square.<init>(Square.java:9)
at formsTesting.Square.<init>(Square.java:9)
at formsTesting.Square.<init>(Square.java:9)
at formsTesting.Square.<init>(Square.java:9)
at formsTesting.Square.<init>(Square.java:9)
at formsTesting.Square.<init>(Square.java:9)
at formsTesting.Square.<init>(Square.java:9)
at formsTesting.Square.<init>(Square.java:9)
at formsTesting.Square.<init>(Square.java:9)
at formsTesting.Square.<init>(Square.java:9)
at formsTesting.Square.<init>(Square.java:9)
at formsTesting.Square.<init>(Square.java:9)
at formsTesting.Square.<init>(Square.java:9)
at formsTesting.Square.<init>(Square.java:9)
at formsTesting.Square.<init>(Square.java:9)
at formsTesting.Square.<init>(Square.java:9)
at formsTesting.Square.<init>(Square.java:9)
at formsTesting.Square.<init>(Square.java:9)
at formsTesting.Square.<init>(Square.java:9)
at formsTesting.Square.<init>(Square.java:9)
at formsTesting.Square.<init>(Square.java:9)
at formsTesting.Square.<init>(Square.java:9)
at formsTesting.Square.<init>(Square.java:9)
at formsTesting.Square.<init>(Square.java:9)
at formsTesting.Square.<init>(Square.java:9)
at formsTesting.Square.<init>(Square.java:9)
at formsTesting.Square.<init>(Square.java:9)
at formsTesting.Square.<init>(Square.java:9)
at formsTesting.Square.<init>(Square.java:9)
at formsTesting.Square.<init>(Square.java:9)
at formsTesting.Square.<init>(Square.java:9)
at formsTesting.Square.<init>(Square.java:9)
at formsTesting.Square.<init>(Square.java:9)
]]>
    </failure>
  </testcase> <!-- testToString -->
</testsuite> <!-- Default test -->
