<?xml version="1.0" encoding="UTF-8"?>
<testng-results ignored="0" total="3" passed="3" failed="0" skipped="0">
  <reporter-output>
  </reporter-output>
  <suite started-at="2024-10-22T10:13:58 MESZ" name="Default suite" finished-at="2024-10-22T10:13:58 MESZ" duration-ms="113">
    <groups>
    </groups>
    <test started-at="2024-10-22T10:13:58 MESZ" name="Default test" finished-at="2024-10-22T10:13:58 MESZ" duration-ms="113">
      <class name="formsTesting.SquareTest">
        <test-method signature="testCalculateArea()[pri:0, instance:formsTesting.SquareTest@2f8dad04]" started-at="2024-10-22T10:13:58 MESZ" name="testCalculateArea" finished-at="2024-10-22T10:13:58 MESZ" duration-ms="17" status="PASS">
          <reporter-output>
          </reporter-output>
        </test-method> <!-- testCalculateArea -->
        <test-method signature="testCalculateCircumference()[pri:0, instance:formsTesting.SquareTest@2f8dad04]" started-at="2024-10-22T10:13:58 MESZ" name="testCalculateCircumference" finished-at="2024-10-22T10:13:58 MESZ" duration-ms="6" status="PASS">
          <reporter-output>
          </reporter-output>
        </test-method> <!-- testCalculateCircumference -->
        <test-method signature="testToString()[pri:0, instance:formsTesting.SquareTest@2f8dad04]" started-at="2024-10-22T10:13:58 MESZ" name="testToString" finished-at="2024-10-22T10:13:58 MESZ" duration-ms="21" status="PASS">
          <reporter-output>
          </reporter-output>
        </test-method> <!-- testToString -->
      </class> <!-- formsTesting.SquareTest -->
    </test> <!-- Default test -->
  </suite> <!-- Default suite -->
</testng-results>
