<?xml version="1.0" encoding="UTF-8"?>
<testng-results ignored="0" total="4" passed="4" failed="0" skipped="0">
  <reporter-output>
  </reporter-output>
  <suite started-at="2024-10-22T11:24:48 MESZ" name="Default suite" finished-at="2024-10-22T11:24:48 MESZ" duration-ms="81">
    <groups>
    </groups>
    <test started-at="2024-10-22T11:24:48 MESZ" name="Default test" finished-at="2024-10-22T11:24:48 MESZ" duration-ms="81">
      <class name="testNG.CalculationTest">
        <test-method signature="testCube()[pri:0, instance:testNG.CalculationTest@29e495ff]" started-at="2024-10-22T11:24:48 MESZ" name="testCube" finished-at="2024-10-22T11:24:48 MESZ" duration-ms="14" status="PASS">
          <reporter-output>
          </reporter-output>
        </test-method> <!-- testCube -->
        <test-method signature="testFindMax()[pri:0, instance:testNG.CalculationTest@29e495ff]" started-at="2024-10-22T11:24:48 MESZ" name="testFindMax" finished-at="2024-10-22T11:24:48 MESZ" duration-ms="3" status="PASS">
          <reporter-output>
          </reporter-output>
        </test-method> <!-- testFindMax -->
        <test-method signature="testReverseWord()[pri:0, instance:testNG.CalculationTest@29e495ff]" started-at="2024-10-22T11:24:48 MESZ" name="testReverseWord" finished-at="2024-10-22T11:24:48 MESZ" duration-ms="3" status="PASS">
          <reporter-output>
          </reporter-output>
        </test-method> <!-- testReverseWord -->
        <test-method signature="testToThePowerOf()[pri:0, instance:testNG.CalculationTest@29e495ff]" started-at="2024-10-22T11:24:48 MESZ" name="testToThePowerOf" finished-at="2024-10-22T11:24:48 MESZ" duration-ms="1" status="PASS">
          <reporter-output>
          </reporter-output>
        </test-method> <!-- testToThePowerOf -->
      </class> <!-- testNG.CalculationTest -->
    </test> <!-- Default test -->
  </suite> <!-- Default suite -->
</testng-results>
