<?xml version="1.0" encoding="UTF-8"?>
<!-- Generated by org.testng.reporters.JUnitReportReporter -->
<testsuite hostname="DESKTOP-FOASM6G" failures="0" tests="3" name="formsTesting.SquareTest" time="0.028" errors="3" timestamp="2024-10-13T19:29:06 MESZ" skipped="0">
  <testcase classname="formsTesting.SquareTest" name="testCalculateArea" time="0.019">
    <error type="java.lang.StackOverflowError">
      <![CDATA[java.lang.StackOverflowError
at formsTesting.Square.<init>(Square.java:9)
at formsTesting.Square.<init>(Square.java:9)
at formsTesting.Square.<init>(Square.java:9)
at formsTesting.Square.<init>(Square.java:9)
at formsTesting.Square.<init>(Square.java:9)
at formsTesting.Square.<init>(Square.java:9)
at formsTesting.Square.<init>(Square.java:9)
at formsTesting.Square.<init>(Square.java:9)
at formsTesting.Square.<init>(Square.java:9)
at formsTesting.Square.<init>(Square.java:9)
at formsTesting.Square.<init>(Square.java:9)
at formsTesting.Square.<init>(Square.java:9)
at formsTesting.Square.<init>(Square.java:9)
at formsTesting.Square.<init>(Square.java:9)
at formsTesting.Square.<init>(Square.java:9)
at formsTesting.Square.<init>(Square.java:9)
at formsTesting.Square.<init>(Square.java:9)
at formsTesting.Square.<init>(Square.java:9)
at formsTesting.Square.<init>(Square.java:9)
at formsTesting.Square.<init>(Square.java:9)
at formsTesting.Square.<init>(Square.java:9)
at formsTesting.Square.<init>(Square.java:9)
at formsTesting.Square.<init>(Square.java:9)
at formsTesting.Square.<init>(Square.java:9)
at formsTesting.Square.<init>(Square.java:9)
at formsTesting.Square.<init>(Square.java:9)
at formsTesting.Square.<init>(Square.java:9)
at formsTesting.Square.<init>(Square.java:9)
at formsTesting.Square.<init>(Square.java:9)
at formsTesting.Square.<init>(Square.java:9)
at formsTesting.Square.<init>(Square.java:9)
at formsTesting.Square.<init>(Square.java:9)
at formsTesting.Square.<init>(Square.java:9)
at formsTesting.Square.<init>(Square.java:9)
at formsTesting.Square.<init>(Square.java:9)
at formsTesting.Square.<init>(Square.java:9)
at formsTesting.Square.<init>(Square.java:9)
at formsTesting.Square.<init>(Square.java:9)
at formsTesting.Square.<init>(Square.java:9)
at formsTesting.Square.<init>(Square.java:9)
at formsTesting.Square.<init>(Square.java:9)
at formsTesting.Square.<init>(Square.java:9)
at formsTesting.Square.<init>(Square.java:9)
at formsTesting.Square.<init>(Square.java:9)
at formsTesting.Square.<init>(Square.java:9)
at formsTesting.Square.<init>(Square.java:9)
at formsTesting.Square.<init>(Square.java:9)
at formsTesting.Square.<init>(Square.java:9)
at formsTesting.Square.<init>(Square.java:9)
at formsTesting.Square.<init>(Square.java:9)
at formsTesting.Square.<init>(Square.java:9)
at formsTesting.Square.<init>(Square.java:9)
at formsTesting.Square.<init>(Square.java:9)
at formsTesting.Square.<init>(Square.java:9)
at formsTesting.Square.<init>(Square.java:9)
at formsTesting.Square.<init>(Square.java:9)
at formsTesting.Square.<init>(Square.java:9)
at formsTesting.Square.<init>(Square.java:9)
at formsTesting.Square.<init>(Square.java:9)
at formsTesting.Square.<init>(Square.java:9)
at formsTesting.Square.<init>(Square.java:9)
at formsTesting.Square.<init>(Square.java:9)
at formsTesting.Square.<init>(Square.java:9)
at formsTesting.Square.<init>(Square.java:9)
at formsTesting.Square.<init>(Square.java:9)
at formsTesting.Square.<init>(Square.java:9)
at formsTesting.Square.<init>(Square.java:9)
at formsTesting.Square.<init>(Square.java:9)
at formsTesting.Square.<init>(Square.java:9)
at formsTesting.Square.<init>(Square.java:9)
at formsTesting.Square.<init>(Square.java:9)
at formsTesting.Square.<init>(Square.java:9)
at formsTesting.Square.<init>(Square.java:9)
at formsTesting.Square.<init>(Square.java:9)
at formsTesting.Square.<init>(Square.java:9)
at formsTesting.Square.<init>(Square.java:9)
at formsTesting.Square.<init>(Square.java:9)
at formsTesting.Square.<init>(Square.java:9)
at formsTesting.Square.<init>(Square.java:9)
at formsTesting.Square.<init>(Square.java:9)
at formsTesting.Square.<init>(Square.java:9)
at formsTesting.Square.<init>(Square.java:9)
at formsTesting.Square.<init>(Square.java:9)
at formsTesting.Square.<init>(Square.java:9)
at formsTesting.Square.<init>(Square.java:9)
at formsTesting.Square.<init>(Square.java:9)
at formsTesting.Square.<init>(Square.java:9)
at formsTesting.Square.<init>(Square.java:9)
at formsTesting.Square.<init>(Square.java:9)
at formsTesting.Square.<init>(Square.java:9)
at formsTesting.Square.<init>(Square.java:9)
at formsTesting.Square.<init>(Square.java:9)
at formsTesting.Square.<init>(Square.java:9)
at formsTesting.Square.<init>(Square.java:9)
at formsTesting.Square.<init>(Square.java:9)
at formsTesting.Square.<init>(Square.java:9)
at formsTesting.Square.<init>(Square.java:9)
at formsTesting.Square.<init>(Square.java:9)
at formsTesting.Square.<init>(Square.java:9)
at formsTesting.Square.<init>(Square.java:9)
at formsTesting.Square.<init>(Square.java:9)
at formsTesting.Square.<init>(Square.java:9)
at formsTesting.Square.<init>(Square.java:9)
at formsTesting.Square.<init>(Square.java:9)
at formsTesting.Square.<init>(Square.java:9)
at formsTesting.Square.<init>(Square.java:9)
at formsTesting.Square.<init>(Square.java:9)
at formsTesting.Square.<init>(Square.java:9)
at formsTesting.Square.<init>(Square.java:9)
at formsTesting.Square.<init>(Square.java:9)
at formsTesting.Square.<init>(Square.java:9)
at formsTesting.Square.<init>(Square.java:9)
at formsTesting.Square.<init>(Square.java:9)
at formsTesting.Square.<init>(Square.java:9)
at formsTesting.Square.<init>(Square.java:9)
at formsTesting.Square.<init>(Square.java:9)
at formsTesting.Square.<init>(Square.java:9)
at formsTesting.Square.<init>(Square.java:9)
at formsTesting.Square.<init>(Square.java:9)
at formsTesting.Square.<init>(Square.java:9)
at formsTesting.Square.<init>(Square.java:9)
at formsTesting.Square.<init>(Square.java:9)
at formsTesting.Square.<init>(Square.java:9)
at formsTesting.Square.<init>(Square.java:9)
at formsTesting.Square.<init>(Square.java:9)
at formsTesting.Square.<init>(Square.java:9)
at formsTesting.Square.<init>(Square.java:9)
at formsTesting.Square.<init>(Square.java:9)
at formsTesting.Square.<init>(Square.java:9)
at formsTesting.Square.<init>(Square.java:9)
at formsTesting.Square.<init>(Square.java:9)
at formsTesting.Square.<init>(Square.java:9)
at formsTesting.Square.<init>(Square.java:9)
at formsTesting.Square.<init>(Square.java:9)
at formsTesting.Square.<init>(Square.java:9)
at formsTesting.Square.<init>(Square.java:9)
at formsTesting.Square.<init>(Square.java:9)
at formsTesting.Square.<init>(Square.java:9)
at formsTesting.Square.<init>(Square.java:9)
at formsTesting.Square.<init>(Square.java:9)
at formsTesting.Square.<init>(Square.java:9)
at formsTesting.Square.<init>(Square.java:9)
at formsTesting.Square.<init>(Square.java:9)
at formsTesting.Square.<init>(Square.java:9)
at formsTesting.Square.<init>(Square.java:9)
at formsTesting.Square.<init>(Square.java:9)
at formsTesting.Square.<init>(Square.java:9)
at formsTesting.Square.<init>(Square.java:9)
at formsTesting.Square.<init>(Square.java:9)
at formsTesting.Square.<init>(Square.java:9)
at formsTesting.Square.<init>(Square.java:9)
at formsTesting.Square.<init>(Square.java:9)
at formsTesting.Square.<init>(Square.java:9)
at formsTesting.Square.<init>(Square.java:9)
at formsTesting.Square.<init>(Square.java:9)
at formsTesting.Square.<init>(Square.java:9)
at formsTesting.Square.<init>(Square.java:9)
at formsTesting.Square.<init>(Square.java:9)
at formsTesting.Square.<init>(Square.java:9)
at formsTesting.Square.<init>(Square.java:9)
at formsTesting.Square.<init>(Square.java:9)
at formsTesting.Square.<init>(Square.java:9)
at formsTesting.Square.<init>(Square.java:9)
at formsTesting.Square.<init>(Square.java:9)
at formsTesting.Square.<init>(Square.java:9)
at formsTesting.Square.<init>(Square.java:9)
at formsTesting.Square.<init>(Square.java:9)
at formsTesting.Square.<init>(Square.java:9)
at formsTesting.Square.<init>(Square.java:9)
at formsTesting.Square.<init>(Square.java:9)
at formsTesting.Square.<init>(Square.java:9)
at formsTesting.Square.<init>(Square.java:9)
at formsTesting.Square.<init>(Square.java:9)
at formsTesting.Square.<init>(Square.java:9)
at formsTesting.Square.<init>(Square.java:9)
at formsTesting.Square.<init>(Square.java:9)
at formsTesting.Square.<init>(Square.java:9)
at formsTesting.Square.<init>(Square.java:9)
at formsTesting.Square.<init>(Square.java:9)
at formsTesting.Square.<init>(Square.java:9)
at formsTesting.Square.<init>(Square.java:9)
at formsTesting.Square.<init>(Square.java:9)
at formsTesting.Square.<init>(Square.java:9)
at formsTesting.Square.<init>(Square.java:9)
at formsTesting.Square.<init>(Square.java:9)
at formsTesting.Square.<init>(Square.java:9)
at formsTesting.Square.<init>(Square.java:9)
at formsTesting.Square.<init>(Square.java:9)
at formsTesting.Square.<init>(Square.java:9)
at formsTesting.Square.<init>(Square.java:9)
at formsTesting.Square.<init>(Square.java:9)
at formsTesting.Square.<init>(Square.java:9)
at formsTesting.Square.<init>(Square.java:9)
at formsTesting.Square.<init>(Square.java:9)
at formsTesting.Square.<init>(Square.java:9)
at formsTesting.Square.<init>(Square.java:9)
at formsTesting.Square.<init>(Square.java:9)
at formsTesting.Square.<init>(Square.java:9)
at formsTesting.Square.<init>(Square.java:9)
at formsTesting.Square.<init>(Square.java:9)
at formsTesting.Square.<init>(Square.java:9)
at formsTesting.Square.<init>(Square.java:9)
at formsTesting.Square.<init>(Square.java:9)
at formsTesting.Square.<init>(Square.java:9)
at formsTesting.Square.<init>(Square.java:9)
at formsTesting.Square.<init>(Square.java:9)
at formsTesting.Square.<init>(Square.java:9)
at formsTesting.Square.<init>(Square.java:9)
at formsTesting.Square.<init>(Square.java:9)
at formsTesting.Square.<init>(Square.java:9)
at formsTesting.Square.<init>(Square.java:9)
at formsTesting.Square.<init>(Square.java:9)
at formsTesting.Square.<init>(Square.java:9)
at formsTesting.Square.<init>(Square.java:9)
at formsTesting.Square.<init>(Square.java:9)
at formsTesting.Square.<init>(Square.java:9)
at formsTesting.Square.<init>(Square.java:9)
at formsTesting.Square.<init>(Square.java:9)
at formsTesting.Square.<init>(Square.java:9)
at formsTesting.Square.<init>(Square.java:9)
at formsTesting.Square.<init>(Square.java:9)
at formsTesting.Square.<init>(Square.java:9)
at formsTesting.Square.<init>(Square.java:9)
at formsTesting.Square.<init>(Square.java:9)
at formsTesting.Square.<init>(Square.java:9)
at formsTesting.Square.<init>(Square.java:9)
at formsTesting.Square.<init>(Square.java:9)
at formsTesting.Square.<init>(Square.java:9)
at formsTesting.Square.<init>(Square.java:9)
at formsTesting.Square.<init>(Square.java:9)
at formsTesting.Square.<init>(Square.java:9)
at formsTesting.Square.<init>(Square.java:9)
at formsTesting.Square.<init>(Square.java:9)
at formsTesting.Square.<init>(Square.java:9)
at formsTesting.Square.<init>(Square.java:9)
at formsTesting.Square.<init>(Square.java:9)
at formsTesting.Square.<init>(Square.java:9)
at formsTesting.Square.<init>(Square.java:9)
at formsTesting.Square.<init>(Square.java:9)
at formsTesting.Square.<init>(Square.java:9)
at formsTesting.Square.<init>(Square.java:9)
at formsTesting.Square.<init>(Square.java:9)
at formsTesting.Square.<init>(Square.java:9)
at formsTesting.Square.<init>(Square.java:9)
at formsTesting.Square.<init>(Square.java:9)
at formsTesting.Square.<init>(Square.java:9)
at formsTesting.Square.<init>(Square.java:9)
at formsTesting.Square.<init>(Square.java:9)
at formsTesting.Square.<init>(Square.java:9)
at formsTesting.Square.<init>(Square.java:9)
at formsTesting.Square.<init>(Square.java:9)
at formsTesting.Square.<init>(Square.java:9)
at formsTesting.Square.<init>(Square.java:9)
at formsTesting.Square.<init>(Square.java:9)
at formsTesting.Square.<init>(Square.java:9)
at formsTesting.Square.<init>(Square.java:9)
at formsTesting.Square.<init>(Square.java:9)
at formsTesting.Square.<init>(Square.java:9)
at formsTesting.Square.<init>(Square.java:9)
at formsTesting.Square.<init>(Square.java:9)
at formsTesting.Square.<init>(Square.java:9)
at formsTesting.Square.<init>(Square.java:9)
at formsTesting.Square.<init>(Square.java:9)
at formsTesting.Square.<init>(Square.java:9)
at formsTesting.Square.<init>(Square.java:9)
at formsTesting.Square.<init>(Square.java:9)
at formsTesting.Square.<init>(Square.java:9)
at formsTesting.Square.<init>(Square.java:9)
at formsTesting.Square.<init>(Square.java:9)
at formsTesting.Square.<init>(Square.java:9)
at formsTesting.Square.<init>(Square.java:9)
at formsTesting.Square.<init>(Square.java:9)
at formsTesting.Square.<init>(Square.java:9)
at formsTesting.Square.<init>(Square.java:9)
at formsTesting.Square.<init>(Square.java:9)
at formsTesting.Square.<init>(Square.java:9)
at formsTesting.Square.<init>(Square.java:9)
at formsTesting.Square.<init>(Square.java:9)
at formsTesting.Square.<init>(Square.java:9)
at formsTesting.Square.<init>(Square.java:9)
at formsTesting.Square.<init>(Square.java:9)
at formsTesting.Square.<init>(Square.java:9)
at formsTesting.Square.<init>(Square.java:9)
at formsTesting.Square.<init>(Square.java:9)
at formsTesting.Square.<init>(Square.java:9)
at formsTesting.Square.<init>(Square.java:9)
at formsTesting.Square.<init>(Square.java:9)
at formsTesting.Square.<init>(Square.java:9)
at formsTesting.Square.<init>(Square.java:9)
at formsTesting.Square.<init>(Square.java:9)
at formsTesting.Square.<init>(Square.java:9)
at formsTesting.Square.<init>(Square.java:9)
at formsTesting.Square.<init>(Square.java:9)
at formsTesting.Square.<init>(Square.java:9)
at formsTesting.Square.<init>(Square.java:9)
at formsTesting.Square.<init>(Square.java:9)
at formsTesting.Square.<init>(Square.java:9)
at formsTesting.Square.<init>(Square.java:9)
at formsTesting.Square.<init>(Square.java:9)
at formsTesting.Square.<init>(Square.java:9)
at formsTesting.Square.<init>(Square.java:9)
at formsTesting.Square.<init>(Square.java:9)
at formsTesting.Square.<init>(Square.java:9)
at formsTesting.Square.<init>(Square.java:9)
at formsTesting.Square.<init>(Square.java:9)
at formsTesting.Square.<init>(Square.java:9)
at formsTesting.Square.<init>(Square.java:9)
at formsTesting.Square.<init>(Square.java:9)
at formsTesting.Square.<init>(Square.java:9)
at formsTesting.Square.<init>(Square.java:9)
at formsTesting.Square.<init>(Square.java:9)
at formsTesting.Square.<init>(Square.java:9)
at formsTesting.Square.<init>(Square.java:9)
at formsTesting.Square.<init>(Square.java:9)
at formsTesting.Square.<init>(Square.java:9)
at formsTesting.Square.<init>(Square.java:9)
at formsTesting.Square.<init>(Square.java:9)
at formsTesting.Square.<init>(Square.java:9)
at formsTesting.Square.<init>(Square.java:9)
at formsTesting.Square.<init>(Square.java:9)
at formsTesting.Square.<init>(Square.java:9)
at formsTesting.Square.<init>(Square.java:9)
at formsTesting.Square.<init>(Square.java:9)
at formsTesting.Square.<init>(Square.java:9)
at formsTesting.Square.<init>(Square.java:9)
at formsTesting.Square.<init>(Square.java:9)
at formsTesting.Square.<init>(Square.java:9)
at formsTesting.Square.<init>(Square.java:9)
at formsTesting.Square.<init>(Square.java:9)
at formsTesting.Square.<init>(Square.java:9)
at formsTesting.Square.<init>(Square.java:9)
at formsTesting.Square.<init>(Square.java:9)
at formsTesting.Square.<init>(Square.java:9)
at formsTesting.Square.<init>(Square.java:9)
at formsTesting.Square.<init>(Square.java:9)
at formsTesting.Square.<init>(Square.java:9)
at formsTesting.Square.<init>(Square.java:9)
at formsTesting.Square.<init>(Square.java:9)
at formsTesting.Square.<init>(Square.java:9)
at formsTesting.Square.<init>(Square.java:9)
at formsTesting.Square.<init>(Square.java:9)
at formsTesting.Square.<init>(Square.java:9)
at formsTesting.Square.<init>(Square.java:9)
at formsTesting.Square.<init>(Square.java:9)
at formsTesting.Square.<init>(Square.java:9)
at formsTesting.Square.<init>(Square.java:9)
at formsTesting.Square.<init>(Square.java:9)
at formsTesting.Square.<init>(Square.java:9)
at formsTesting.Square.<init>(Square.java:9)
at formsTesting.Square.<init>(Square.java:9)
at formsTesting.Square.<init>(Square.java:9)
at formsTesting.Square.<init>(Square.java:9)
at formsTesting.Square.<init>(Square.java:9)
at formsTesting.Square.<init>(Square.java:9)
at formsTesting.Square.<init>(Square.java:9)
at formsTesting.Square.<init>(Square.java:9)
at formsTesting.Square.<init>(Square.java:9)
at formsTesting.Square.<init>(Square.java:9)
at formsTesting.Square.<init>(Square.java:9)
at formsTesting.Square.<init>(Square.java:9)
at formsTesting.Square.<init>(Square.java:9)
at formsTesting.Square.<init>(Square.java:9)
at formsTesting.Square.<init>(Square.java:9)
at formsTesting.Square.<init>(Square.java:9)
at formsTesting.Square.<init>(Square.java:9)
at formsTesting.Square.<init>(Square.java:9)
at formsTesting.Square.<init>(Square.java:9)
at formsTesting.Square.<init>(Square.java:9)
at formsTesting.Square.<init>(Square.java:9)
at formsTesting.Square.<init>(Square.java:9)
at formsTesting.Square.<init>(Square.java:9)
at formsTesting.Square.<init>(Square.java:9)
at formsTesting.Square.<init>(Square.java:9)
at formsTesting.Square.<init>(Square.java:9)
at formsTesting.Square.<init>(Square.java:9)
at formsTesting.Square.<init>(Square.java:9)
at formsTesting.Square.<init>(Square.java:9)
at formsTesting.Square.<init>(Square.java:9)
at formsTesting.Square.<init>(Square.java:9)
at formsTesting.Square.<init>(Square.java:9)
at formsTesting.Square.<init>(Square.java:9)
at formsTesting.Square.<init>(Square.java:9)
at formsTesting.Square.<init>(Square.java:9)
at formsTesting.Square.<init>(Square.java:9)
at formsTesting.Square.<init>(Square.java:9)
at formsTesting.Square.<init>(Square.java:9)
at formsTesting.Square.<init>(Square.java:9)
at formsTesting.Square.<init>(Square.java:9)
at formsTesting.Square.<init>(Square.java:9)
at formsTesting.Square.<init>(Square.java:9)
at formsTesting.Square.<init>(Square.java:9)
at formsTesting.Square.<init>(Square.java:9)
at formsTesting.Square.<init>(Square.java:9)
at formsTesting.Square.<init>(Square.java:9)
at formsTesting.Square.<init>(Square.java:9)
at formsTesting.Square.<init>(Square.java:9)
at formsTesting.Square.<init>(Square.java:9)
at formsTesting.Square.<init>(Square.java:9)
at formsTesting.Square.<init>(Square.java:9)
at formsTesting.Square.<init>(Square.java:9)
at formsTesting.Square.<init>(Square.java:9)
at formsTesting.Square.<init>(Square.java:9)
at formsTesting.Square.<init>(Square.java:9)
at formsTesting.Square.<init>(Square.java:9)
at formsTesting.Square.<init>(Square.java:9)
at formsTesting.Square.<init>(Square.java:9)
at formsTesting.Square.<init>(Square.java:9)
at formsTesting.Square.<init>(Square.java:9)
at formsTesting.Square.<init>(Square.java:9)
at formsTesting.Square.<init>(Square.java:9)
at formsTesting.Square.<init>(Square.java:9)
at formsTesting.Square.<init>(Square.java:9)
at formsTesting.Square.<init>(Square.java:9)
at formsTesting.Square.<init>(Square.java:9)
at formsTesting.Square.<init>(Square.java:9)
at formsTesting.Square.<init>(Square.java:9)
at formsTesting.Square.<init>(Square.java:9)
at formsTesting.Square.<init>(Square.java:9)
at formsTesting.Square.<init>(Square.java:9)
at formsTesting.Square.<init>(Square.java:9)
at formsTesting.Square.<init>(Square.java:9)
at formsTesting.Square.<init>(Square.java:9)
at formsTesting.Square.<init>(Square.java:9)
at formsTesting.Square.<init>(Square.java:9)
at formsTesting.Square.<init>(Square.java:9)
at formsTesting.Square.<init>(Square.java:9)
at formsTesting.Square.<init>(Square.java:9)
at formsTesting.Square.<init>(Square.java:9)
at formsTesting.Square.<init>(Square.java:9)
at formsTesting.Square.<init>(Square.java:9)
at formsTesting.Square.<init>(Square.java:9)
at formsTesting.Square.<init>(Square.java:9)
at formsTesting.Square.<init>(Square.java:9)
at formsTesting.Square.<init>(Square.java:9)
at formsTesting.Square.<init>(Square.java:9)
at formsTesting.Square.<init>(Square.java:9)
at formsTesting.Square.<init>(Square.java:9)
at formsTesting.Square.<init>(Square.java:9)
at formsTesting.Square.<init>(Square.java:9)
at formsTesting.Square.<init>(Square.java:9)
at formsTesting.Square.<init>(Square.java:9)
at formsTesting.Square.<init>(Square.java:9)
at formsTesting.Square.<init>(Square.java:9)
at formsTesting.Square.<init>(Square.java:9)
at formsTesting.Square.<init>(Square.java:9)
at formsTesting.Square.<init>(Square.java:9)
at formsTesting.Square.<init>(Square.java:9)
at formsTesting.Square.<init>(Square.java:9)
at formsTesting.Square.<init>(Square.java:9)
at formsTesting.Square.<init>(Square.java:9)
at formsTesting.Square.<init>(Square.java:9)
at formsTesting.Square.<init>(Square.java:9)
at formsTesting.Square.<init>(Square.java:9)
at formsTesting.Square.<init>(Square.java:9)
at formsTesting.Square.<init>(Square.java:9)
at formsTesting.Square.<init>(Square.java:9)
at formsTesting.Square.<init>(Square.java:9)
at formsTesting.Square.<init>(Square.java:9)
at formsTesting.Square.<init>(Square.java:9)
at formsTesting.Square.<init>(Square.java:9)
at formsTesting.Square.<init>(Square.java:9)
at formsTesting.Square.<init>(Square.java:9)
at formsTesting.Square.<init>(Square.java:9)
at formsTesting.Square.<init>(Square.java:9)
at formsTesting.Square.<init>(Square.java:9)
at formsTesting.Square.<init>(Square.java:9)
at formsTesting.Square.<init>(Square.java:9)
at formsTesting.Square.<init>(Square.java:9)
at formsTesting.Square.<init>(Square.java:9)
at formsTesting.Square.<init>(Square.java:9)
at formsTesting.Square.<init>(Square.java:9)
at formsTesting.Square.<init>(Square.java:9)
at formsTesting.Square.<init>(Square.java:9)
at formsTesting.Square.<init>(Square.java:9)
at formsTesting.Square.<init>(Square.java:9)
at formsTesting.Square.<init>(Square.java:9)
at formsTesting.Square.<init>(Square.java:9)
at formsTesting.Square.<init>(Square.java:9)
at formsTesting.Square.<init>(Square.java:9)
at formsTesting.Square.<init>(Square.java:9)
at formsTesting.Square.<init>(Square.java:9)
at formsTesting.Square.<init>(Square.java:9)
at formsTesting.Square.<init>(Square.java:9)
at formsTesting.Square.<init>(Square.java:9)
at formsTesting.Square.<init>(Square.java:9)
at formsTesting.Square.<init>(Square.java:9)
at formsTesting.Square.<init>(Square.java:9)
at formsTesting.Square.<init>(Square.java:9)
at formsTesting.Square.<init>(Square.java:9)
at formsTesting.Square.<init>(Square.java:9)
at formsTesting.Square.<init>(Square.java:9)
at formsTesting.Square.<init>(Square.java:9)
at formsTesting.Square.<init>(Square.java:9)
at formsTesting.Square.<init>(Square.java:9)
at formsTesting.Square.<init>(Square.java:9)
at formsTesting.Square.<init>(Square.java:9)
at formsTesting.Square.<init>(Square.java:9)
at formsTesting.Square.<init>(Square.java:9)
at formsTesting.Square.<init>(Square.java:9)
at formsTesting.Square.<init>(Square.java:9)
at formsTesting.Square.<init>(Square.java:9)
at formsTesting.Square.<init>(Square.java:9)
at formsTesting.Square.<init>(Square.java:9)
at formsTesting.Square.<init>(Square.java:9)
at formsTesting.Square.<init>(Square.java:9)
at formsTesting.Square.<init>(Square.java:9)
at formsTesting.Square.<init>(Square.java:9)
at formsTesting.Square.<init>(Square.java:9)
at formsTesting.Square.<init>(Square.java:9)
at formsTesting.Square.<init>(Square.java:9)
at formsTesting.Square.<init>(Square.java:9)
at formsTesting.Square.<init>(Square.java:9)
at formsTesting.Square.<init>(Square.java:9)
at formsTesting.Square.<init>(Square.java:9)
at formsTesting.Square.<init>(Square.java:9)
at formsTesting.Square.<init>(Square.java:9)
at formsTesting.Square.<init>(Square.java:9)
at formsTesting.Square.<init>(Square.java:9)
at formsTesting.Square.<init>(Square.java:9)
at formsTesting.Square.<init>(Square.java:9)
at formsTesting.Square.<init>(Square.java:9)
at formsTesting.Square.<init>(Square.java:9)
at formsTesting.Square.<init>(Square.java:9)
at formsTesting.Square.<init>(Square.java:9)
at formsTesting.Square.<init>(Square.java:9)
at formsTesting.Square.<init>(Square.java:9)
at formsTesting.Square.<init>(Square.java:9)
at formsTesting.Square.<init>(Square.java:9)
at formsTesting.Square.<init>(Square.java:9)
at formsTesting.Square.<init>(Square.java:9)
at formsTesting.Square.<init>(Square.java:9)
at formsTesting.Square.<init>(Square.java:9)
at formsTesting.Square.<init>(Square.java:9)
at formsTesting.Square.<init>(Square.java:9)
at formsTesting.Square.<init>(Square.java:9)
at formsTesting.Square.<init>(Square.java:9)
at formsTesting.Square.<init>(Square.java:9)
at formsTesting.Square.<init>(Square.java:9)
at formsTesting.Square.<init>(Square.java:9)
at formsTesting.Square.<init>(Square.java:9)
at formsTesting.Square.<init>(Square.java:9)
at formsTesting.Square.<init>(Square.java:9)
at formsTesting.Square.<init>(Square.java:9)
at formsTesting.Square.<init>(Square.java:9)
at formsTesting.Square.<init>(Square.java:9)
at formsTesting.Square.<init>(Square.java:9)
at formsTesting.Square.<init>(Square.java:9)
at formsTesting.Square.<init>(Square.java:9)
at formsTesting.Square.<init>(Square.java:9)
at formsTesting.Square.<init>(Square.java:9)
at formsTesting.Square.<init>(Square.java:9)
at formsTesting.Square.<init>(Square.java:9)
at formsTesting.Square.<init>(Square.java:9)
at formsTesting.Square.<init>(Square.java:9)
at formsTesting.Square.<init>(Square.java:9)
at formsTesting.Square.<init>(Square.java:9)
at formsTesting.Square.<init>(Square.java:9)
at formsTesting.Square.<init>(Square.java:9)
at formsTesting.Square.<init>(Square.java:9)
at formsTesting.Square.<init>(Square.java:9)
at formsTesting.Square.<init>(Square.java:9)
at formsTesting.Square.<init>(Square.java:9)
at formsTesting.Square.<init>(Square.java:9)
at formsTesting.Square.<init>(Square.java:9)
at formsTesting.Square.<init>(Square.java:9)
at formsTesting.Square.<init>(Square.java:9)
at formsTesting.Square.<init>(Square.java:9)
at formsTesting.Square.<init>(Square.java:9)
at formsTesting.Square.<init>(Square.java:9)
at formsTesting.Square.<init>(Square.java:9)
at formsTesting.Square.<init>(Square.java:9)
at formsTesting.Square.<init>(Square.java:9)
at formsTesting.Square.<init>(Square.java:9)
at formsTesting.Square.<init>(Square.java:9)
at formsTesting.Square.<init>(Square.java:9)
at formsTesting.Square.<init>(Square.java:9)
at formsTesting.Square.<init>(Square.java:9)
at formsTesting.Square.<init>(Square.java:9)
at formsTesting.Square.<init>(Square.java:9)
at formsTesting.Square.<init>(Square.java:9)
at formsTesting.Square.<init>(Square.java:9)
at formsTesting.Square.<init>(Square.java:9)
at formsTesting.Square.<init>(Square.java:9)
at formsTesting.Square.<init>(Square.java:9)
at formsTesting.Square.<init>(Square.java:9)
at formsTesting.Square.<init>(Square.java:9)
at formsTesting.Square.<init>(Square.java:9)
at formsTesting.Square.<init>(Square.java:9)
at formsTesting.Square.<init>(Square.java:9)
at formsTesting.Square.<init>(Square.java:9)
at formsTesting.Square.<init>(Square.java:9)
at formsTesting.Square.<init>(Square.java:9)
at formsTesting.Square.<init>(Square.java:9)
at formsTesting.Square.<init>(Square.java:9)
at formsTesting.Square.<init>(Square.java:9)
at formsTesting.Square.<init>(Square.java:9)
at formsTesting.Square.<init>(Square.java:9)
at formsTesting.Square.<init>(Square.java:9)
at formsTesting.Square.<init>(Square.java:9)
at formsTesting.Square.<init>(Square.java:9)
at formsTesting.Square.<init>(Square.java:9)
at formsTesting.Square.<init>(Square.java:9)
at formsTesting.Square.<init>(Square.java:9)
at formsTesting.Square.<init>(Square.java:9)
at formsTesting.Square.<init>(Square.java:9)
at formsTesting.Square.<init>(Square.java:9)
at formsTesting.Square.<init>(Square.java:9)
at formsTesting.Square.<init>(Square.java:9)
at formsTesting.Square.<init>(Square.java:9)
at formsTesting.Square.<init>(Square.java:9)
at formsTesting.Square.<init>(Square.java:9)
at formsTesting.Square.<init>(Square.java:9)
at formsTesting.Square.<init>(Square.java:9)
at formsTesting.Square.<init>(Square.java:9)
at formsTesting.Square.<init>(Square.java:9)
at formsTesting.Square.<init>(Square.java:9)
at formsTesting.Square.<init>(Square.java:9)
at formsTesting.Square.<init>(Square.java:9)
at formsTesting.Square.<init>(Square.java:9)
at formsTesting.Square.<init>(Square.java:9)
at formsTesting.Square.<init>(Square.java:9)
at formsTesting.Square.<init>(Square.java:9)
at formsTesting.Square.<init>(Square.java:9)
at formsTesting.Square.<init>(Square.java:9)
at formsTesting.Square.<init>(Square.java:9)
at formsTesting.Square.<init>(Square.java:9)
at formsTesting.Square.<init>(Square.java:9)
at formsTesting.Square.<init>(Square.java:9)
at formsTesting.Square.<init>(Square.java:9)
at formsTesting.Square.<init>(Square.java:9)
at formsTesting.Square.<init>(Square.java:9)
at formsTesting.Square.<init>(Square.java:9)
at formsTesting.Square.<init>(Square.java:9)
at formsTesting.Square.<init>(Square.java:9)
at formsTesting.Square.<init>(Square.java:9)
at formsTesting.Square.<init>(Square.java:9)
at formsTesting.Square.<init>(Square.java:9)
at formsTesting.Square.<init>(Square.java:9)
at formsTesting.Square.<init>(Square.java:9)
at formsTesting.Square.<init>(Square.java:9)
at formsTesting.Square.<init>(Square.java:9)
at formsTesting.Square.<init>(Square.java:9)
at formsTesting.Square.<init>(Square.java:9)
at formsTesting.Square.<init>(Square.java:9)
at formsTesting.Square.<init>(Square.java:9)
at formsTesting.Square.<init>(Square.java:9)
at formsTesting.Square.<init>(Square.java:9)
at formsTesting.Square.<init>(Square.java:9)
at formsTesting.Square.<init>(Square.java:9)
at formsTesting.Square.<init>(Square.java:9)
at formsTesting.Square.<init>(Square.java:9)
at formsTesting.Square.<init>(Square.java:9)
at formsTesting.Square.<init>(Square.java:9)
at formsTesting.Square.<init>(Square.java:9)
at formsTesting.Square.<init>(Square.java:9)
at formsTesting.Square.<init>(Square.java:9)
at formsTesting.Square.<init>(Square.java:9)
at formsTesting.Square.<init>(Square.java:9)
at formsTesting.Square.<init>(Square.java:9)
at formsTesting.Square.<init>(Square.java:9)
at formsTesting.Square.<init>(Square.java:9)
at formsTesting.Square.<init>(Square.java:9)
at formsTesting.Square.<init>(Square.java:9)
at formsTesting.Square.<init>(Square.java:9)
at formsTesting.Square.<init>(Square.java:9)
at formsTesting.Square.<init>(Square.java:9)
at formsTesting.Square.<init>(Square.java:9)
at formsTesting.Square.<init>(Square.java:9)
at formsTesting.Square.<init>(Square.java:9)
at formsTesting.Square.<init>(Square.java:9)
at formsTesting.Square.<init>(Square.java:9)
at formsTesting.Square.<init>(Square.java:9)
at formsTesting.Square.<init>(Square.java:9)
at formsTesting.Square.<init>(Square.java:9)
at formsTesting.Square.<init>(Square.java:9)
at formsTesting.Square.<init>(Square.java:9)
at formsTesting.Square.<init>(Square.java:9)
at formsTesting.Square.<init>(Square.java:9)
at formsTesting.Square.<init>(Square.java:9)
at formsTesting.Square.<init>(Square.java:9)
at formsTesting.Square.<init>(Square.java:9)
at formsTesting.Square.<init>(Square.java:9)
at formsTesting.Square.<init>(Square.java:9)
at formsTesting.Square.<init>(Square.java:9)
at formsTesting.Square.<init>(Square.java:9)
at formsTesting.Square.<init>(Square.java:9)
at formsTesting.Square.<init>(Square.java:9)
at formsTesting.Square.<init>(Square.java:9)
at formsTesting.Square.<init>(Square.java:9)
at formsTesting.Square.<init>(Square.java:9)
at formsTesting.Square.<init>(Square.java:9)
at formsTesting.Square.<init>(Square.java:9)
at formsTesting.Square.<init>(Square.java:9)
at formsTesting.Square.<init>(Square.java:9)
at formsTesting.Square.<init>(Square.java:9)
at formsTesting.Square.<init>(Square.java:9)
at formsTesting.Square.<init>(Square.java:9)
at formsTesting.Square.<init>(Square.java:9)
at formsTesting.Square.<init>(Square.java:9)
at formsTesting.Square.<init>(Square.java:9)
at formsTesting.Square.<init>(Square.java:9)
at formsTesting.Square.<init>(Square.java:9)
at formsTesting.Square.<init>(Square.java:9)
at formsTesting.Square.<init>(Square.java:9)
at formsTesting.Square.<init>(Square.java:9)
at formsTesting.Square.<init>(Square.java:9)
at formsTesting.Square.<init>(Square.java:9)
at formsTesting.Square.<init>(Square.java:9)
at formsTesting.Square.<init>(Square.java:9)
at formsTesting.Square.<init>(Square.java:9)
at formsTesting.Square.<init>(Square.java:9)
at formsTesting.Square.<init>(Square.java:9)
at formsTesting.Square.<init>(Square.java:9)
at formsTesting.Square.<init>(Square.java:9)
at formsTesting.Square.<init>(Square.java:9)
at formsTesting.Square.<init>(Square.java:9)
at formsTesting.Square.<init>(Square.java:9)
at formsTesting.Square.<init>(Square.java:9)
at formsTesting.Square.<init>(Square.java:9)
at formsTesting.Square.<init>(Square.java:9)
at formsTesting.Square.<init>(Square.java:9)
at formsTesting.Square.<init>(Square.java:9)
at formsTesting.Square.<init>(Square.java:9)
at formsTesting.Square.<init>(Square.java:9)
at formsTesting.Square.<init>(Square.java:9)
at formsTesting.Square.<init>(Square.java:9)
at formsTesting.Square.<init>(Square.java:9)
at formsTesting.Square.<init>(Square.java:9)
at formsTesting.Square.<init>(Square.java:9)
at formsTesting.Square.<init>(Square.java:9)
at formsTesting.Square.<init>(Square.java:9)
at formsTesting.Square.<init>(Square.java:9)
at formsTesting.Square.<init>(Square.java:9)
at formsTesting.Square.<init>(Square.java:9)
at formsTesting.Square.<init>(Square.java:9)
at formsTesting.Square.<init>(Square.java:9)
at formsTesting.Square.<init>(Square.java:9)
at formsTesting.Square.<init>(Square.java:9)
at formsTesting.Square.<init>(Square.java:9)
at formsTesting.Square.<init>(Square.java:9)
at formsTesting.Square.<init>(Square.java:9)
at formsTesting.Square.<init>(Square.java:9)
at formsTesting.Square.<init>(Square.java:9)
at formsTesting.Square.<init>(Square.java:9)
at formsTesting.Square.<init>(Square.java:9)
at formsTesting.Square.<init>(Square.java:9)
at formsTesting.Square.<init>(Square.java:9)
at formsTesting.Square.<init>(Square.java:9)
at formsTesting.Square.<init>(Square.java:9)
at formsTesting.Square.<init>(Square.java:9)
at formsTesting.Square.<init>(Square.java:9)
at formsTesting.Square.<init>(Square.java:9)
at formsTesting.Square.<init>(Square.java:9)
at formsTesting.Square.<init>(Square.java:9)
at formsTesting.Square.<init>(Square.java:9)
at formsTesting.Square.<init>(Square.java:9)
at formsTesting.Square.<init>(Square.java:9)
at formsTesting.Square.<init>(Square.java:9)
at formsTesting.Square.<init>(Square.java:9)
at formsTesting.Square.<init>(Square.java:9)
at formsTesting.Square.<init>(Square.java:9)
at formsTesting.Square.<init>(Square.java:9)
at formsTesting.Square.<init>(Square.java:9)
at formsTesting.Square.<init>(Square.java:9)
at formsTesting.Square.<init>(Square.java:9)
at formsTesting.Square.<init>(Square.java:9)
at formsTesting.Square.<init>(Square.java:9)
at formsTesting.Square.<init>(Square.java:9)
at formsTesting.Square.<init>(Square.java:9)
at formsTesting.Square.<init>(Square.java:9)
at formsTesting.Square.<init>(Square.java:9)
at formsTesting.Square.<init>(Square.java:9)
at formsTesting.Square.<init>(Square.java:9)
at formsTesting.Square.<init>(Square.java:9)
at formsTesting.Square.<init>(Square.java:9)
at formsTesting.Square.<init>(Square.java:9)
at formsTesting.Square.<init>(Square.java:9)
at formsTesting.Square.<init>(Square.java:9)
at formsTesting.Square.<init>(Square.java:9)
at formsTesting.Square.<init>(Square.java:9)
at formsTesting.Square.<init>(Square.java:9)
at formsTesting.Square.<init>(Square.java:9)
at formsTesting.Square.<init>(Square.java:9)
at formsTesting.Square.<init>(Square.java:9)
at formsTesting.Square.<init>(Square.java:9)
at formsTesting.Square.<init>(Square.java:9)
at formsTesting.Square.<init>(Square.java:9)
at formsTesting.Square.<init>(Square.java:9)
at formsTesting.Square.<init>(Square.java:9)
at formsTesting.Square.<init>(Square.java:9)
at formsTesting.Square.<init>(Square.java:9)
at formsTesting.Square.<init>(Square.java:9)
at formsTesting.Square.<init>(Square.java:9)
at formsTesting.Square.<init>(Square.java:9)
at formsTesting.Square.<init>(Square.java:9)
at formsTesting.Square.<init>(Square.java:9)
at formsTesting.Square.<init>(Square.java:9)
at formsTesting.Square.<init>(Square.java:9)
at formsTesting.Square.<init>(Square.java:9)
at formsTesting.Square.<init>(Square.java:9)
at formsTesting.Square.<init>(Square.java:9)
at formsTesting.Square.<init>(Square.java:9)
at formsTesting.Square.<init>(Square.java:9)
at formsTesting.Square.<init>(Square.java:9)
at formsTesting.Square.<init>(Square.java:9)
at formsTesting.Square.<init>(Square.java:9)
at formsTesting.Square.<init>(Square.java:9)
at formsTesting.Square.<init>(Square.java:9)
at formsTesting.Square.<init>(Square.java:9)
at formsTesting.Square.<init>(Square.java:9)
at formsTesting.Square.<init>(Square.java:9)
at formsTesting.Square.<init>(Square.java:9)
at formsTesting.Square.<init>(Square.java:9)
at formsTesting.Square.<init>(Square.java:9)
at formsTesting.Square.<init>(Square.java:9)
at formsTesting.Square.<init>(Square.java:9)
at formsTesting.Square.<init>(Square.java:9)
at formsTesting.Square.<init>(Square.java:9)
at formsTesting.Square.<init>(Square.java:9)
at formsTesting.Square.<init>(Square.java:9)
at formsTesting.Square.<init>(Square.java:9)
at formsTesting.Square.<init>(Square.java:9)
at formsTesting.Square.<init>(Square.java:9)
at formsTesting.Square.<init>(Square.java:9)
at formsTesting.Square.<init>(Square.java:9)
at formsTesting.Square.<init>(Square.java:9)
at formsTesting.Square.<init>(Square.java:9)
at formsTesting.Square.<init>(Square.java:9)
at formsTesting.Square.<init>(Square.java:9)
at formsTesting.Square.<init>(Square.java:9)
at formsTesting.Square.<init>(Square.java:9)
at formsTesting.Square.<init>(Square.java:9)
at formsTesting.Square.<init>(Square.java:9)
at formsTesting.Square.<init>(Square.java:9)
at formsTesting.Square.<init>(Square.java:9)
at formsTesting.Square.<init>(Square.java:9)
at formsTesting.Square.<init>(Square.java:9)
at formsTesting.Square.<init>(Square.java:9)
at formsTesting.Square.<init>(Square.java:9)
at formsTesting.Square.<init>(Square.java:9)
at formsTesting.Square.<init>(Square.java:9)
at formsTesting.Square.<init>(Square.java:9)
at formsTesting.Square.<init>(Square.java:9)
at formsTesting.Square.<init>(Square.java:9)
at formsTesting.Square.<init>(Square.java:9)
at formsTesting.Square.<init>(Square.java:9)
at formsTesting.Square.<init>(Square.java:9)
at formsTesting.Square.<init>(Square.java:9)
at formsTesting.Square.<init>(Square.java:9)
at formsTesting.Square.<init>(Square.java:9)
at formsTesting.Square.<init>(Square.java:9)
at formsTesting.Square.<init>(Square.java:9)
at formsTesting.Square.<init>(Square.java:9)
at formsTesting.Square.<init>(Square.java:9)
at formsTesting.Square.<init>(Square.java:9)
at formsTesting.Square.<init>(Square.java:9)
at formsTesting.Square.<init>(Square.java:9)
at formsTesting.Square.<init>(Square.java:9)
at formsTesting.Square.<init>(Square.java:9)
at formsTesting.Square.<init>(Square.java:9)
at formsTesting.Square.<init>(Square.java:9)
at formsTesting.Square.<init>(Square.java:9)
at formsTesting.Square.<init>(Square.java:9)
at formsTesting.Square.<init>(Square.java:9)
at formsTesting.Square.<init>(Square.java:9)
at formsTesting.Square.<init>(Square.java:9)
at formsTesting.Square.<init>(Square.java:9)
at formsTesting.Square.<init>(Square.java:9)
at formsTesting.Square.<init>(Square.java:9)
at formsTesting.Square.<init>(Square.java:9)
at formsTesting.Square.<init>(Square.java:9)
at formsTesting.Square.<init>(Square.java:9)
at formsTesting.Square.<init>(Square.java:9)
at formsTesting.Square.<init>(Square.java:9)
at formsTesting.Square.<init>(Square.java:9)
at formsTesting.Square.<init>(Square.java:9)
at formsTesting.Square.<init>(Square.java:9)
at formsTesting.Square.<init>(Square.java:9)
at formsTesting.Square.<init>(Square.java:9)
at formsTesting.Square.<init>(Square.java:9)
at formsTesting.Square.<init>(Square.java:9)
at formsTesting.Square.<init>(Square.java:9)
at formsTesting.Square.<init>(Square.java:9)
at formsTesting.Square.<init>(Square.java:9)
at formsTesting.Square.<init>(Square.java:9)
at formsTesting.Square.<init>(Square.java:9)
at formsTesting.Square.<init>(Square.java:9)
at formsTesting.Square.<init>(Square.java:9)
at formsTesting.Square.<init>(Square.java:9)
at formsTesting.Square.<init>(Square.java:9)
at formsTesting.Square.<init>(Square.java:9)
at formsTesting.Square.<init>(Square.java:9)
at formsTesting.Square.<init>(Square.java:9)
at formsTesting.Square.<init>(Square.java:9)
at formsTesting.Square.<init>(Square.java:9)
at formsTesting.Square.<init>(Square.java:9)
at formsTesting.Square.<init>(Square.java:9)
at formsTesting.Square.<init>(Square.java:9)
at formsTesting.Square.<init>(Square.java:9)
at formsTesting.Square.<init>(Square.java:9)
at formsTesting.Square.<init>(Square.java:9)
at formsTesting.Square.<init>(Square.java:9)
at formsTesting.Square.<init>(Square.java:9)
at formsTesting.Square.<init>(Square.java:9)
at formsTesting.Square.<init>(Square.java:9)
at formsTesting.Square.<init>(Square.java:9)
at formsTesting.Square.<init>(Square.java:9)
at formsTesting.Square.<init>(Square.java:9)
at formsTesting.Square.<init>(Square.java:9)
at formsTesting.Square.<init>(Square.java:9)
at formsTesting.Square.<init>(Square.java:9)
at formsTesting.Square.<init>(Square.java:9)
at formsTesting.Square.<init>(Square.java:9)
at formsTesting.Square.<init>(Square.java:9)
at formsTesting.Square.<init>(Square.java:9)
at formsTesting.Square.<init>(Square.java:9)
at formsTesting.Square.<init>(Square.java:9)
at formsTesting.Square.<init>(Square.java:9)
at formsTesting.Square.<init>(Square.java:9)
at formsTesting.Square.<init>(Square.java:9)
at formsTesting.Square.<init>(Square.java:9)
at formsTesting.Square.<init>(Square.java:9)
at formsTesting.Square.<init>(Square.java:9)
at formsTesting.Square.<init>(Square.java:9)
at formsTesting.Square.<init>(Square.java:9)
at formsTesting.Square.<init>(Square.java:9)
at formsTesting.Square.<init>(Square.java:9)
at formsTesting.Square.<init>(Square.java:9)
at formsTesting.Square.<init>(Square.java:9)
at formsTesting.Square.<init>(Square.java:9)
at formsTesting.Square.<init>(Square.java:9)
at formsTesting.Square.<init>(Square.java:9)
at formsTesting.Square.<init>(Square.java:9)
at formsTesting.Square.<init>(Square.java:9)
at formsTesting.Square.<init>(Square.java:9)
at formsTesting.Square.<init>(Square.java:9)
at formsTesting.Square.<init>(Square.java:9)
at formsTesting.Square.<init>(Square.java:9)
at formsTesting.Square.<init>(Square.java:9)
at formsTesting.Square.<init>(Square.java:9)
at formsTesting.Square.<init>(Square.java:9)
at formsTesting.Square.<init>(Square.java:9)
at formsTesting.Square.<init>(Square.java:9)
at formsTesting.Square.<init>(Square.java:9)
at formsTesting.Square.<init>(Square.java:9)
at formsTesting.Square.<init>(Square.java:9)
at formsTesting.Square.<init>(Square.java:9)
at formsTesting.Square.<init>(Square.java:9)
at formsTesting.Square.<init>(Square.java:9)
at formsTesting.Square.<init>(Square.java:9)
at formsTesting.Square.<init>(Square.java:9)
at formsTesting.Square.<init>(Square.java:9)
at formsTesting.Square.<init>(Square.java:9)
at formsTesting.Square.<init>(Square.java:9)
at formsTesting.Square.<init>(Square.java:9)
at formsTesting.Square.<init>(Square.java:9)
at formsTesting.Square.<init>(Square.java:9)
at formsTesting.Square.<init>(Square.java:9)
at formsTesting.Square.<init>(Square.java:9)
at formsTesting.Square.<init>(Square.java:9)
at formsTesting.Square.<init>(Square.java:9)
at formsTesting.Square.<init>(Square.java:9)
at formsTesting.Square.<init>(Square.java:9)
at formsTesting.Square.<init>(Square.java:9)
at formsTesting.Square.<init>(Square.java:9)
at formsTesting.Square.<init>(Square.java:9)
at formsTesting.Square.<init>(Square.java:9)
at formsTesting.Square.<init>(Square.java:9)
at formsTesting.Square.<init>(Square.java:9)
at formsTesting.Square.<init>(Square.java:9)
at formsTesting.Square.<init>(Square.java:9)
at formsTesting.Square.<init>(Square.java:9)
at formsTesting.Square.<init>(Square.java:9)
at formsTesting.Square.<init>(Square.java:9)
at formsTesting.Square.<init>(Square.java:9)
at formsTesting.Square.<init>(Square.java:9)
at formsTesting.Square.<init>(Square.java:9)
at formsTesting.Square.<init>(Square.java:9)
at formsTesting.Square.<init>(Square.java:9)
at formsTesting.Square.<init>(Square.java:9)
at formsTesting.Square.<init>(Square.java:9)
at formsTesting.Square.<init>(Square.java:9)
at formsTesting.Square.<init>(Square.java:9)
at formsTesting.Square.<init>(Square.java:9)
at formsTesting.Square.<init>(Square.java:9)
at formsTesting.Square.<init>(Square.java:9)
at formsTesting.Square.<init>(Square.java:9)
at formsTesting.Square.<init>(Square.java:9)
at formsTesting.Square.<init>(Square.java:9)
at formsTesting.Square.<init>(Square.java:9)
at formsTesting.Square.<init>(Square.java:9)
at formsTesting.Square.<init>(Square.java:9)
at formsTesting.Square.<init>(Square.java:9)
at formsTesting.Square.<init>(Square.java:9)
at formsTesting.Square.<init>(Square.java:9)
at formsTesting.Square.<init>(Square.java:9)
at formsTesting.Square.<init>(Square.java:9)
at formsTesting.Square.<init>(Square.java:9)
at formsTesting.Square.<init>(Square.java:9)
at formsTesting.Square.<init>(Square.java:9)
at formsTesting.Square.<init>(Square.java:9)
at formsTesting.Square.<init>(Square.java:9)
at formsTesting.Square.<init>(Square.java:9)
at formsTesting.Square.<init>(Square.java:9)
at formsTesting.Square.<init>(Square.java:9)
at formsTesting.Square.<init>(Square.java:9)
at formsTesting.Square.<init>(Square.java:9)
at formsTesting.Square.<init>(Square.java:9)
at formsTesting.Square.<init>(Square.java:9)
at formsTesting.Square.<init>(Square.java:9)
at formsTesting.Square.<init>(Square.java:9)
at formsTesting.Square.<init>(Square.java:9)
at formsTesting.Square.<init>(Square.java:9)
at formsTesting.Square.<init>(Square.java:9)
at formsTesting.Square.<init>(Square.java:9)
at formsTesting.Square.<init>(Square.java:9)
at formsTesting.Square.<init>(Square.java:9)
at formsTesting.Square.<init>(Square.java:9)
at formsTesting.Square.<init>(Square.java:9)
at formsTesting.Square.<init>(Square.java:9)
at formsTesting.Square.<init>(Square.java:9)
at formsTesting.Square.<init>(Square.java:9)
at formsTesting.Square.<init>(Square.java:9)
at formsTesting.Square.<init>(Square.java:9)
]]>
    </error>
  </testcase> <!-- testCalculateArea -->
  <system-out/>
  <testcase classname="formsTesting.SquareTest" name="testToString" time="0.005">
    <error type="java.lang.StackOverflowError">
      <![CDATA[java.lang.StackOverflowError
at formsTesting.Square.<init>(Square.java:9)
at formsTesting.Square.<init>(Square.java:9)
at formsTesting.Square.<init>(Square.java:9)
at formsTesting.Square.<init>(Square.java:9)
at formsTesting.Square.<init>(Square.java:9)
at formsTesting.Square.<init>(Square.java:9)
at formsTesting.Square.<init>(Square.java:9)
at formsTesting.Square.<init>(Square.java:9)
at formsTesting.Square.<init>(Square.java:9)
at formsTesting.Square.<init>(Square.java:9)
at formsTesting.Square.<init>(Square.java:9)
at formsTesting.Square.<init>(Square.java:9)
at formsTesting.Square.<init>(Square.java:9)
at formsTesting.Square.<init>(Square.java:9)
at formsTesting.Square.<init>(Square.java:9)
at formsTesting.Square.<init>(Square.java:9)
at formsTesting.Square.<init>(Square.java:9)
at formsTesting.Square.<init>(Square.java:9)
at formsTesting.Square.<init>(Square.java:9)
at formsTesting.Square.<init>(Square.java:9)
at formsTesting.Square.<init>(Square.java:9)
at formsTesting.Square.<init>(Square.java:9)
at formsTesting.Square.<init>(Square.java:9)
at formsTesting.Square.<init>(Square.java:9)
at formsTesting.Square.<init>(Square.java:9)
at formsTesting.Square.<init>(Square.java:9)
at formsTesting.Square.<init>(Square.java:9)
at formsTesting.Square.<init>(Square.java:9)
at formsTesting.Square.<init>(Square.java:9)
at formsTesting.Square.<init>(Square.java:9)
at formsTesting.Square.<init>(Square.java:9)
at formsTesting.Square.<init>(Square.java:9)
at formsTesting.Square.<init>(Square.java:9)
at formsTesting.Square.<init>(Square.java:9)
at formsTesting.Square.<init>(Square.java:9)
at formsTesting.Square.<init>(Square.java:9)
at formsTesting.Square.<init>(Square.java:9)
at formsTesting.Square.<init>(Square.java:9)
at formsTesting.Square.<init>(Square.java:9)
at formsTesting.Square.<init>(Square.java:9)
at formsTesting.Square.<init>(Square.java:9)
at formsTesting.Square.<init>(Square.java:9)
at formsTesting.Square.<init>(Square.java:9)
at formsTesting.Square.<init>(Square.java:9)
at formsTesting.Square.<init>(Square.java:9)
at formsTesting.Square.<init>(Square.java:9)
at formsTesting.Square.<init>(Square.java:9)
at formsTesting.Square.<init>(Square.java:9)
at formsTesting.Square.<init>(Square.java:9)
at formsTesting.Square.<init>(Square.java:9)
at formsTesting.Square.<init>(Square.java:9)
at formsTesting.Square.<init>(Square.java:9)
at formsTesting.Square.<init>(Square.java:9)
at formsTesting.Square.<init>(Square.java:9)
at formsTesting.Square.<init>(Square.java:9)
at formsTesting.Square.<init>(Square.java:9)
at formsTesting.Square.<init>(Square.java:9)
at formsTesting.Square.<init>(Square.java:9)
at formsTesting.Square.<init>(Square.java:9)
at formsTesting.Square.<init>(Square.java:9)
at formsTesting.Square.<init>(Square.java:9)
at formsTesting.Square.<init>(Square.java:9)
at formsTesting.Square.<init>(Square.java:9)
at formsTesting.Square.<init>(Square.java:9)
at formsTesting.Square.<init>(Square.java:9)
at formsTesting.Square.<init>(Square.java:9)
at formsTesting.Square.<init>(Square.java:9)
at formsTesting.Square.<init>(Square.java:9)
at formsTesting.Square.<init>(Square.java:9)
at formsTesting.Square.<init>(Square.java:9)
at formsTesting.Square.<init>(Square.java:9)
at formsTesting.Square.<init>(Square.java:9)
at formsTesting.Square.<init>(Square.java:9)
at formsTesting.Square.<init>(Square.java:9)
at formsTesting.Square.<init>(Square.java:9)
at formsTesting.Square.<init>(Square.java:9)
at formsTesting.Square.<init>(Square.java:9)
at formsTesting.Square.<init>(Square.java:9)
at formsTesting.Square.<init>(Square.java:9)
at formsTesting.Square.<init>(Square.java:9)
at formsTesting.Square.<init>(Square.java:9)
at formsTesting.Square.<init>(Square.java:9)
at formsTesting.Square.<init>(Square.java:9)
at formsTesting.Square.<init>(Square.java:9)
at formsTesting.Square.<init>(Square.java:9)
at formsTesting.Square.<init>(Square.java:9)
at formsTesting.Square.<init>(Square.java:9)
at formsTesting.Square.<init>(Square.java:9)
at formsTesting.Square.<init>(Square.java:9)
at formsTesting.Square.<init>(Square.java:9)
at formsTesting.Square.<init>(Square.java:9)
at formsTesting.Square.<init>(Square.java:9)
at formsTesting.Square.<init>(Square.java:9)
at formsTesting.Square.<init>(Square.java:9)
at formsTesting.Square.<init>(Square.java:9)
at formsTesting.Square.<init>(Square.java:9)
at formsTesting.Square.<init>(Square.java:9)
at formsTesting.Square.<init>(Square.java:9)
at formsTesting.Square.<init>(Square.java:9)
at formsTesting.Square.<init>(Square.java:9)
at formsTesting.Square.<init>(Square.java:9)
at formsTesting.Square.<init>(Square.java:9)
at formsTesting.Square.<init>(Square.java:9)
at formsTesting.Square.<init>(Square.java:9)
at formsTesting.Square.<init>(Square.java:9)
at formsTesting.Square.<init>(Square.java:9)
at formsTesting.Square.<init>(Square.java:9)
at formsTesting.Square.<init>(Square.java:9)
at formsTesting.Square.<init>(Square.java:9)
at formsTesting.Square.<init>(Square.java:9)
at formsTesting.Square.<init>(Square.java:9)
at formsTesting.Square.<init>(Square.java:9)
at formsTesting.Square.<init>(Square.java:9)
at formsTesting.Square.<init>(Square.java:9)
at formsTesting.Square.<init>(Square.java:9)
at formsTesting.Square.<init>(Square.java:9)
at formsTesting.Square.<init>(Square.java:9)
at formsTesting.Square.<init>(Square.java:9)
at formsTesting.Square.<init>(Square.java:9)
at formsTesting.Square.<init>(Square.java:9)
at formsTesting.Square.<init>(Square.java:9)
at formsTesting.Square.<init>(Square.java:9)
at formsTesting.Square.<init>(Square.java:9)
at formsTesting.Square.<init>(Square.java:9)
at formsTesting.Square.<init>(Square.java:9)
at formsTesting.Square.<init>(Square.java:9)
at formsTesting.Square.<init>(Square.java:9)
at formsTesting.Square.<init>(Square.java:9)
at formsTesting.Square.<init>(Square.java:9)
at formsTesting.Square.<init>(Square.java:9)
at formsTesting.Square.<init>(Square.java:9)
at formsTesting.Square.<init>(Square.java:9)
at formsTesting.Square.<init>(Square.java:9)
at formsTesting.Square.<init>(Square.java:9)
at formsTesting.Square.<init>(Square.java:9)
at formsTesting.Square.<init>(Square.java:9)
at formsTesting.Square.<init>(Square.java:9)
at formsTesting.Square.<init>(Square.java:9)
at formsTesting.Square.<init>(Square.java:9)
at formsTesting.Square.<init>(Square.java:9)
at formsTesting.Square.<init>(Square.java:9)
at formsTesting.Square.<init>(Square.java:9)
at formsTesting.Square.<init>(Square.java:9)
at formsTesting.Square.<init>(Square.java:9)
at formsTesting.Square.<init>(Square.java:9)
at formsTesting.Square.<init>(Square.java:9)
at formsTesting.Square.<init>(Square.java:9)
at formsTesting.Square.<init>(Square.java:9)
at formsTesting.Square.<init>(Square.java:9)
at formsTesting.Square.<init>(Square.java:9)
at formsTesting.Square.<init>(Square.java:9)
at formsTesting.Square.<init>(Square.java:9)
at formsTesting.Square.<init>(Square.java:9)
at formsTesting.Square.<init>(Square.java:9)
at formsTesting.Square.<init>(Square.java:9)
at formsTesting.Square.<init>(Square.java:9)
at formsTesting.Square.<init>(Square.java:9)
at formsTesting.Square.<init>(Square.java:9)
at formsTesting.Square.<init>(Square.java:9)
at formsTesting.Square.<init>(Square.java:9)
at formsTesting.Square.<init>(Square.java:9)
at formsTesting.Square.<init>(Square.java:9)
at formsTesting.Square.<init>(Square.java:9)
at formsTesting.Square.<init>(Square.java:9)
at formsTesting.Square.<init>(Square.java:9)
at formsTesting.Square.<init>(Square.java:9)
at formsTesting.Square.<init>(Square.java:9)
at formsTesting.Square.<init>(Square.java:9)
at formsTesting.Square.<init>(Square.java:9)
at formsTesting.Square.<init>(Square.java:9)
at formsTesting.Square.<init>(Square.java:9)
at formsTesting.Square.<init>(Square.java:9)
at formsTesting.Square.<init>(Square.java:9)
at formsTesting.Square.<init>(Square.java:9)
at formsTesting.Square.<init>(Square.java:9)
at formsTesting.Square.<init>(Square.java:9)
at formsTesting.Square.<init>(Square.java:9)
at formsTesting.Square.<init>(Square.java:9)
at formsTesting.Square.<init>(Square.java:9)
at formsTesting.Square.<init>(Square.java:9)
at formsTesting.Square.<init>(Square.java:9)
at formsTesting.Square.<init>(Square.java:9)
at formsTesting.Square.<init>(Square.java:9)
at formsTesting.Square.<init>(Square.java:9)
at formsTesting.Square.<init>(Square.java:9)
at formsTesting.Square.<init>(Square.java:9)
at formsTesting.Square.<init>(Square.java:9)
at formsTesting.Square.<init>(Square.java:9)
at formsTesting.Square.<init>(Square.java:9)
at formsTesting.Square.<init>(Square.java:9)
at formsTesting.Square.<init>(Square.java:9)
at formsTesting.Square.<init>(Square.java:9)
at formsTesting.Square.<init>(Square.java:9)
at formsTesting.Square.<init>(Square.java:9)
at formsTesting.Square.<init>(Square.java:9)
at formsTesting.Square.<init>(Square.java:9)
at formsTesting.Square.<init>(Square.java:9)
at formsTesting.Square.<init>(Square.java:9)
at formsTesting.Square.<init>(Square.java:9)
at formsTesting.Square.<init>(Square.java:9)
at formsTesting.Square.<init>(Square.java:9)
at formsTesting.Square.<init>(Square.java:9)
at formsTesting.Square.<init>(Square.java:9)
at formsTesting.Square.<init>(Square.java:9)
at formsTesting.Square.<init>(Square.java:9)
at formsTesting.Square.<init>(Square.java:9)
at formsTesting.Square.<init>(Square.java:9)
at formsTesting.Square.<init>(Square.java:9)
at formsTesting.Square.<init>(Square.java:9)
at formsTesting.Square.<init>(Square.java:9)
at formsTesting.Square.<init>(Square.java:9)
at formsTesting.Square.<init>(Square.java:9)
at formsTesting.Square.<init>(Square.java:9)
at formsTesting.Square.<init>(Square.java:9)
at formsTesting.Square.<init>(Square.java:9)
at formsTesting.Square.<init>(Square.java:9)
at formsTesting.Square.<init>(Square.java:9)
at formsTesting.Square.<init>(Square.java:9)
at formsTesting.Square.<init>(Square.java:9)
at formsTesting.Square.<init>(Square.java:9)
at formsTesting.Square.<init>(Square.java:9)
at formsTesting.Square.<init>(Square.java:9)
at formsTesting.Square.<init>(Square.java:9)
at formsTesting.Square.<init>(Square.java:9)
at formsTesting.Square.<init>(Square.java:9)
at formsTesting.Square.<init>(Square.java:9)
at formsTesting.Square.<init>(Square.java:9)
at formsTesting.Square.<init>(Square.java:9)
at formsTesting.Square.<init>(Square.java:9)
at formsTesting.Square.<init>(Square.java:9)
at formsTesting.Square.<init>(Square.java:9)
at formsTesting.Square.<init>(Square.java:9)
at formsTesting.Square.<init>(Square.java:9)
at formsTesting.Square.<init>(Square.java:9)
at formsTesting.Square.<init>(Square.java:9)
at formsTesting.Square.<init>(Square.java:9)
at formsTesting.Square.<init>(Square.java:9)
at formsTesting.Square.<init>(Square.java:9)
at formsTesting.Square.<init>(Square.java:9)
at formsTesting.Square.<init>(Square.java:9)
at formsTesting.Square.<init>(Square.java:9)
at formsTesting.Square.<init>(Square.java:9)
at formsTesting.Square.<init>(Square.java:9)
at formsTesting.Square.<init>(Square.java:9)
at formsTesting.Square.<init>(Square.java:9)
at formsTesting.Square.<init>(Square.java:9)
at formsTesting.Square.<init>(Square.java:9)
at formsTesting.Square.<init>(Square.java:9)
at formsTesting.Square.<init>(Square.java:9)
at formsTesting.Square.<init>(Square.java:9)
at formsTesting.Square.<init>(Square.java:9)
at formsTesting.Square.<init>(Square.java:9)
at formsTesting.Square.<init>(Square.java:9)
at formsTesting.Square.<init>(Square.java:9)
at formsTesting.Square.<init>(Square.java:9)
at formsTesting.Square.<init>(Square.java:9)
at formsTesting.Square.<init>(Square.java:9)
at formsTesting.Square.<init>(Square.java:9)
at formsTesting.Square.<init>(Square.java:9)
at formsTesting.Square.<init>(Square.java:9)
at formsTesting.Square.<init>(Square.java:9)
at formsTesting.Square.<init>(Square.java:9)
at formsTesting.Square.<init>(Square.java:9)
at formsTesting.Square.<init>(Square.java:9)
at formsTesting.Square.<init>(Square.java:9)
at formsTesting.Square.<init>(Square.java:9)
at formsTesting.Square.<init>(Square.java:9)
at formsTesting.Square.<init>(Square.java:9)
at formsTesting.Square.<init>(Square.java:9)
at formsTesting.Square.<init>(Square.java:9)
at formsTesting.Square.<init>(Square.java:9)
at formsTesting.Square.<init>(Square.java:9)
at formsTesting.Square.<init>(Square.java:9)
at formsTesting.Square.<init>(Square.java:9)
at formsTesting.Square.<init>(Square.java:9)
at formsTesting.Square.<init>(Square.java:9)
at formsTesting.Square.<init>(Square.java:9)
at formsTesting.Square.<init>(Square.java:9)
at formsTesting.Square.<init>(Square.java:9)
at formsTesting.Square.<init>(Square.java:9)
at formsTesting.Square.<init>(Square.java:9)
at formsTesting.Square.<init>(Square.java:9)
at formsTesting.Square.<init>(Square.java:9)
at formsTesting.Square.<init>(Square.java:9)
at formsTesting.Square.<init>(Square.java:9)
at formsTesting.Square.<init>(Square.java:9)
at formsTesting.Square.<init>(Square.java:9)
at formsTesting.Square.<init>(Square.java:9)
at formsTesting.Square.<init>(Square.java:9)
at formsTesting.Square.<init>(Square.java:9)
at formsTesting.Square.<init>(Square.java:9)
at formsTesting.Square.<init>(Square.java:9)
at formsTesting.Square.<init>(Square.java:9)
at formsTesting.Square.<init>(Square.java:9)
at formsTesting.Square.<init>(Square.java:9)
at formsTesting.Square.<init>(Square.java:9)
at formsTesting.Square.<init>(Square.java:9)
at formsTesting.Square.<init>(Square.java:9)
at formsTesting.Square.<init>(Square.java:9)
at formsTesting.Square.<init>(Square.java:9)
at formsTesting.Square.<init>(Square.java:9)
at formsTesting.Square.<init>(Square.java:9)
at formsTesting.Square.<init>(Square.java:9)
at formsTesting.Square.<init>(Square.java:9)
at formsTesting.Square.<init>(Square.java:9)
at formsTesting.Square.<init>(Square.java:9)
at formsTesting.Square.<init>(Square.java:9)
at formsTesting.Square.<init>(Square.java:9)
at formsTesting.Square.<init>(Square.java:9)
at formsTesting.Square.<init>(Square.java:9)
at formsTesting.Square.<init>(Square.java:9)
at formsTesting.Square.<init>(Square.java:9)
at formsTesting.Square.<init>(Square.java:9)
at formsTesting.Square.<init>(Square.java:9)
at formsTesting.Square.<init>(Square.java:9)
at formsTesting.Square.<init>(Square.java:9)
at formsTesting.Square.<init>(Square.java:9)
at formsTesting.Square.<init>(Square.java:9)
at formsTesting.Square.<init>(Square.java:9)
at formsTesting.Square.<init>(Square.java:9)
at formsTesting.Square.<init>(Square.java:9)
at formsTesting.Square.<init>(Square.java:9)
at formsTesting.Square.<init>(Square.java:9)
at formsTesting.Square.<init>(Square.java:9)
at formsTesting.Square.<init>(Square.java:9)
at formsTesting.Square.<init>(Square.java:9)
at formsTesting.Square.<init>(Square.java:9)
at formsTesting.Square.<init>(Square.java:9)
at formsTesting.Square.<init>(Square.java:9)
at formsTesting.Square.<init>(Square.java:9)
at formsTesting.Square.<init>(Square.java:9)
at formsTesting.Square.<init>(Square.java:9)
at formsTesting.Square.<init>(Square.java:9)
at formsTesting.Square.<init>(Square.java:9)
at formsTesting.Square.<init>(Square.java:9)
at formsTesting.Square.<init>(Square.java:9)
at formsTesting.Square.<init>(Square.java:9)
at formsTesting.Square.<init>(Square.java:9)
at formsTesting.Square.<init>(Square.java:9)
at formsTesting.Square.<init>(Square.java:9)
at formsTesting.Square.<init>(Square.java:9)
at formsTesting.Square.<init>(Square.java:9)
at formsTesting.Square.<init>(Square.java:9)
at formsTesting.Square.<init>(Square.java:9)
at formsTesting.Square.<init>(Square.java:9)
at formsTesting.Square.<init>(Square.java:9)
at formsTesting.Square.<init>(Square.java:9)
at formsTesting.Square.<init>(Square.java:9)
at formsTesting.Square.<init>(Square.java:9)
at formsTesting.Square.<init>(Square.java:9)
at formsTesting.Square.<init>(Square.java:9)
at formsTesting.Square.<init>(Square.java:9)
at formsTesting.Square.<init>(Square.java:9)
at formsTesting.Square.<init>(Square.java:9)
at formsTesting.Square.<init>(Square.java:9)
at formsTesting.Square.<init>(Square.java:9)
at formsTesting.Square.<init>(Square.java:9)
at formsTesting.Square.<init>(Square.java:9)
at formsTesting.Square.<init>(Square.java:9)
at formsTesting.Square.<init>(Square.java:9)
at formsTesting.Square.<init>(Square.java:9)
at formsTesting.Square.<init>(Square.java:9)
at formsTesting.Square.<init>(Square.java:9)
at formsTesting.Square.<init>(Square.java:9)
at formsTesting.Square.<init>(Square.java:9)
at formsTesting.Square.<init>(Square.java:9)
at formsTesting.Square.<init>(Square.java:9)
at formsTesting.Square.<init>(Square.java:9)
at formsTesting.Square.<init>(Square.java:9)
at formsTesting.Square.<init>(Square.java:9)
at formsTesting.Square.<init>(Square.java:9)
at formsTesting.Square.<init>(Square.java:9)
at formsTesting.Square.<init>(Square.java:9)
at formsTesting.Square.<init>(Square.java:9)
at formsTesting.Square.<init>(Square.java:9)
at formsTesting.Square.<init>(Square.java:9)
at formsTesting.Square.<init>(Square.java:9)
at formsTesting.Square.<init>(Square.java:9)
at formsTesting.Square.<init>(Square.java:9)
at formsTesting.Square.<init>(Square.java:9)
at formsTesting.Square.<init>(Square.java:9)
at formsTesting.Square.<init>(Square.java:9)
at formsTesting.Square.<init>(Square.java:9)
at formsTesting.Square.<init>(Square.java:9)
at formsTesting.Square.<init>(Square.java:9)
at formsTesting.Square.<init>(Square.java:9)
at formsTesting.Square.<init>(Square.java:9)
at formsTesting.Square.<init>(Square.java:9)
at formsTesting.Square.<init>(Square.java:9)
at formsTesting.Square.<init>(Square.java:9)
at formsTesting.Square.<init>(Square.java:9)
at formsTesting.Square.<init>(Square.java:9)
at formsTesting.Square.<init>(Square.java:9)
at formsTesting.Square.<init>(Square.java:9)
at formsTesting.Square.<init>(Square.java:9)
at formsTesting.Square.<init>(Square.java:9)
at formsTesting.Square.<init>(Square.java:9)
at formsTesting.Square.<init>(Square.java:9)
at formsTesting.Square.<init>(Square.java:9)
at formsTesting.Square.<init>(Square.java:9)
at formsTesting.Square.<init>(Square.java:9)
at formsTesting.Square.<init>(Square.java:9)
at formsTesting.Square.<init>(Square.java:9)
at formsTesting.Square.<init>(Square.java:9)
at formsTesting.Square.<init>(Square.java:9)
at formsTesting.Square.<init>(Square.java:9)
at formsTesting.Square.<init>(Square.java:9)
at formsTesting.Square.<init>(Square.java:9)
at formsTesting.Square.<init>(Square.java:9)
at formsTesting.Square.<init>(Square.java:9)
at formsTesting.Square.<init>(Square.java:9)
at formsTesting.Square.<init>(Square.java:9)
at formsTesting.Square.<init>(Square.java:9)
at formsTesting.Square.<init>(Square.java:9)
at formsTesting.Square.<init>(Square.java:9)
at formsTesting.Square.<init>(Square.java:9)
at formsTesting.Square.<init>(Square.java:9)
at formsTesting.Square.<init>(Square.java:9)
at formsTesting.Square.<init>(Square.java:9)
at formsTesting.Square.<init>(Square.java:9)
at formsTesting.Square.<init>(Square.java:9)
at formsTesting.Square.<init>(Square.java:9)
at formsTesting.Square.<init>(Square.java:9)
at formsTesting.Square.<init>(Square.java:9)
at formsTesting.Square.<init>(Square.java:9)
at formsTesting.Square.<init>(Square.java:9)
at formsTesting.Square.<init>(Square.java:9)
at formsTesting.Square.<init>(Square.java:9)
at formsTesting.Square.<init>(Square.java:9)
at formsTesting.Square.<init>(Square.java:9)
at formsTesting.Square.<init>(Square.java:9)
at formsTesting.Square.<init>(Square.java:9)
at formsTesting.Square.<init>(Square.java:9)
at formsTesting.Square.<init>(Square.java:9)
at formsTesting.Square.<init>(Square.java:9)
at formsTesting.Square.<init>(Square.java:9)
at formsTesting.Square.<init>(Square.java:9)
at formsTesting.Square.<init>(Square.java:9)
at formsTesting.Square.<init>(Square.java:9)
at formsTesting.Square.<init>(Square.java:9)
at formsTesting.Square.<init>(Square.java:9)
at formsTesting.Square.<init>(Square.java:9)
at formsTesting.Square.<init>(Square.java:9)
at formsTesting.Square.<init>(Square.java:9)
at formsTesting.Square.<init>(Square.java:9)
at formsTesting.Square.<init>(Square.java:9)
at formsTesting.Square.<init>(Square.java:9)
at formsTesting.Square.<init>(Square.java:9)
at formsTesting.Square.<init>(Square.java:9)
at formsTesting.Square.<init>(Square.java:9)
at formsTesting.Square.<init>(Square.java:9)
at formsTesting.Square.<init>(Square.java:9)
at formsTesting.Square.<init>(Square.java:9)
at formsTesting.Square.<init>(Square.java:9)
at formsTesting.Square.<init>(Square.java:9)
at formsTesting.Square.<init>(Square.java:9)
at formsTesting.Square.<init>(Square.java:9)
at formsTesting.Square.<init>(Square.java:9)
at formsTesting.Square.<init>(Square.java:9)
at formsTesting.Square.<init>(Square.java:9)
at formsTesting.Square.<init>(Square.java:9)
at formsTesting.Square.<init>(Square.java:9)
at formsTesting.Square.<init>(Square.java:9)
at formsTesting.Square.<init>(Square.java:9)
at formsTesting.Square.<init>(Square.java:9)
at formsTesting.Square.<init>(Square.java:9)
at formsTesting.Square.<init>(Square.java:9)
at formsTesting.Square.<init>(Square.java:9)
at formsTesting.Square.<init>(Square.java:9)
at formsTesting.Square.<init>(Square.java:9)
at formsTesting.Square.<init>(Square.java:9)
at formsTesting.Square.<init>(Square.java:9)
at formsTesting.Square.<init>(Square.java:9)
at formsTesting.Square.<init>(Square.java:9)
at formsTesting.Square.<init>(Square.java:9)
at formsTesting.Square.<init>(Square.java:9)
at formsTesting.Square.<init>(Square.java:9)
at formsTesting.Square.<init>(Square.java:9)
at formsTesting.Square.<init>(Square.java:9)
at formsTesting.Square.<init>(Square.java:9)
at formsTesting.Square.<init>(Square.java:9)
at formsTesting.Square.<init>(Square.java:9)
at formsTesting.Square.<init>(Square.java:9)
at formsTesting.Square.<init>(Square.java:9)
at formsTesting.Square.<init>(Square.java:9)
at formsTesting.Square.<init>(Square.java:9)
at formsTesting.Square.<init>(Square.java:9)
at formsTesting.Square.<init>(Square.java:9)
at formsTesting.Square.<init>(Square.java:9)
at formsTesting.Square.<init>(Square.java:9)
at formsTesting.Square.<init>(Square.java:9)
at formsTesting.Square.<init>(Square.java:9)
at formsTesting.Square.<init>(Square.java:9)
at formsTesting.Square.<init>(Square.java:9)
at formsTesting.Square.<init>(Square.java:9)
at formsTesting.Square.<init>(Square.java:9)
at formsTesting.Square.<init>(Square.java:9)
at formsTesting.Square.<init>(Square.java:9)
at formsTesting.Square.<init>(Square.java:9)
at formsTesting.Square.<init>(Square.java:9)
at formsTesting.Square.<init>(Square.java:9)
at formsTesting.Square.<init>(Square.java:9)
at formsTesting.Square.<init>(Square.java:9)
at formsTesting.Square.<init>(Square.java:9)
at formsTesting.Square.<init>(Square.java:9)
at formsTesting.Square.<init>(Square.java:9)
at formsTesting.Square.<init>(Square.java:9)
at formsTesting.Square.<init>(Square.java:9)
at formsTesting.Square.<init>(Square.java:9)
at formsTesting.Square.<init>(Square.java:9)
at formsTesting.Square.<init>(Square.java:9)
at formsTesting.Square.<init>(Square.java:9)
at formsTesting.Square.<init>(Square.java:9)
at formsTesting.Square.<init>(Square.java:9)
at formsTesting.Square.<init>(Square.java:9)
at formsTesting.Square.<init>(Square.java:9)
at formsTesting.Square.<init>(Square.java:9)
at formsTesting.Square.<init>(Square.java:9)
at formsTesting.Square.<init>(Square.java:9)
at formsTesting.Square.<init>(Square.java:9)
at formsTesting.Square.<init>(Square.java:9)
at formsTesting.Square.<init>(Square.java:9)
at formsTesting.Square.<init>(Square.java:9)
at formsTesting.Square.<init>(Square.java:9)
at formsTesting.Square.<init>(Square.java:9)
at formsTesting.Square.<init>(Square.java:9)
at formsTesting.Square.<init>(Square.java:9)
at formsTesting.Square.<init>(Square.java:9)
at formsTesting.Square.<init>(Square.java:9)
at formsTesting.Square.<init>(Square.java:9)
at formsTesting.Square.<init>(Square.java:9)
at formsTesting.Square.<init>(Square.java:9)
at formsTesting.Square.<init>(Square.java:9)
at formsTesting.Square.<init>(Square.java:9)
at formsTesting.Square.<init>(Square.java:9)
at formsTesting.Square.<init>(Square.java:9)
at formsTesting.Square.<init>(Square.java:9)
at formsTesting.Square.<init>(Square.java:9)
at formsTesting.Square.<init>(Square.java:9)
at formsTesting.Square.<init>(Square.java:9)
at formsTesting.Square.<init>(Square.java:9)
at formsTesting.Square.<init>(Square.java:9)
at formsTesting.Square.<init>(Square.java:9)
at formsTesting.Square.<init>(Square.java:9)
at formsTesting.Square.<init>(Square.java:9)
at formsTesting.Square.<init>(Square.java:9)
at formsTesting.Square.<init>(Square.java:9)
at formsTesting.Square.<init>(Square.java:9)
at formsTesting.Square.<init>(Square.java:9)
at formsTesting.Square.<init>(Square.java:9)
at formsTesting.Square.<init>(Square.java:9)
at formsTesting.Square.<init>(Square.java:9)
at formsTesting.Square.<init>(Square.java:9)
at formsTesting.Square.<init>(Square.java:9)
at formsTesting.Square.<init>(Square.java:9)
at formsTesting.Square.<init>(Square.java:9)
at formsTesting.Square.<init>(Square.java:9)
at formsTesting.Square.<init>(Square.java:9)
at formsTesting.Square.<init>(Square.java:9)
at formsTesting.Square.<init>(Square.java:9)
at formsTesting.Square.<init>(Square.java:9)
at formsTesting.Square.<init>(Square.java:9)
at formsTesting.Square.<init>(Square.java:9)
at formsTesting.Square.<init>(Square.java:9)
at formsTesting.Square.<init>(Square.java:9)
at formsTesting.Square.<init>(Square.java:9)
at formsTesting.Square.<init>(Square.java:9)
at formsTesting.Square.<init>(Square.java:9)
at formsTesting.Square.<init>(Square.java:9)
at formsTesting.Square.<init>(Square.java:9)
at formsTesting.Square.<init>(Square.java:9)
at formsTesting.Square.<init>(Square.java:9)
at formsTesting.Square.<init>(Square.java:9)
at formsTesting.Square.<init>(Square.java:9)
at formsTesting.Square.<init>(Square.java:9)
at formsTesting.Square.<init>(Square.java:9)
at formsTesting.Square.<init>(Square.java:9)
at formsTesting.Square.<init>(Square.java:9)
at formsTesting.Square.<init>(Square.java:9)
at formsTesting.Square.<init>(Square.java:9)
at formsTesting.Square.<init>(Square.java:9)
at formsTesting.Square.<init>(Square.java:9)
at formsTesting.Square.<init>(Square.java:9)
at formsTesting.Square.<init>(Square.java:9)
at formsTesting.Square.<init>(Square.java:9)
at formsTesting.Square.<init>(Square.java:9)
at formsTesting.Square.<init>(Square.java:9)
at formsTesting.Square.<init>(Square.java:9)
at formsTesting.Square.<init>(Square.java:9)
at formsTesting.Square.<init>(Square.java:9)
at formsTesting.Square.<init>(Square.java:9)
at formsTesting.Square.<init>(Square.java:9)
at formsTesting.Square.<init>(Square.java:9)
at formsTesting.Square.<init>(Square.java:9)
at formsTesting.Square.<init>(Square.java:9)
at formsTesting.Square.<init>(Square.java:9)
at formsTesting.Square.<init>(Square.java:9)
at formsTesting.Square.<init>(Square.java:9)
at formsTesting.Square.<init>(Square.java:9)
at formsTesting.Square.<init>(Square.java:9)
at formsTesting.Square.<init>(Square.java:9)
at formsTesting.Square.<init>(Square.java:9)
at formsTesting.Square.<init>(Square.java:9)
at formsTesting.Square.<init>(Square.java:9)
at formsTesting.Square.<init>(Square.java:9)
at formsTesting.Square.<init>(Square.java:9)
at formsTesting.Square.<init>(Square.java:9)
at formsTesting.Square.<init>(Square.java:9)
at formsTesting.Square.<init>(Square.java:9)
at formsTesting.Square.<init>(Square.java:9)
at formsTesting.Square.<init>(Square.java:9)
at formsTesting.Square.<init>(Square.java:9)
at formsTesting.Square.<init>(Square.java:9)
at formsTesting.Square.<init>(Square.java:9)
at formsTesting.Square.<init>(Square.java:9)
at formsTesting.Square.<init>(Square.java:9)
at formsTesting.Square.<init>(Square.java:9)
at formsTesting.Square.<init>(Square.java:9)
at formsTesting.Square.<init>(Square.java:9)
at formsTesting.Square.<init>(Square.java:9)
at formsTesting.Square.<init>(Square.java:9)
at formsTesting.Square.<init>(Square.java:9)
at formsTesting.Square.<init>(Square.java:9)
at formsTesting.Square.<init>(Square.java:9)
at formsTesting.Square.<init>(Square.java:9)
at formsTesting.Square.<init>(Square.java:9)
at formsTesting.Square.<init>(Square.java:9)
at formsTesting.Square.<init>(Square.java:9)
at formsTesting.Square.<init>(Square.java:9)
at formsTesting.Square.<init>(Square.java:9)
at formsTesting.Square.<init>(Square.java:9)
at formsTesting.Square.<init>(Square.java:9)
at formsTesting.Square.<init>(Square.java:9)
at formsTesting.Square.<init>(Square.java:9)
at formsTesting.Square.<init>(Square.java:9)
at formsTesting.Square.<init>(Square.java:9)
at formsTesting.Square.<init>(Square.java:9)
at formsTesting.Square.<init>(Square.java:9)
at formsTesting.Square.<init>(Square.java:9)
at formsTesting.Square.<init>(Square.java:9)
at formsTesting.Square.<init>(Square.java:9)
at formsTesting.Square.<init>(Square.java:9)
at formsTesting.Square.<init>(Square.java:9)
at formsTesting.Square.<init>(Square.java:9)
at formsTesting.Square.<init>(Square.java:9)
at formsTesting.Square.<init>(Square.java:9)
at formsTesting.Square.<init>(Square.java:9)
at formsTesting.Square.<init>(Square.java:9)
at formsTesting.Square.<init>(Square.java:9)
at formsTesting.Square.<init>(Square.java:9)
at formsTesting.Square.<init>(Square.java:9)
at formsTesting.Square.<init>(Square.java:9)
at formsTesting.Square.<init>(Square.java:9)
at formsTesting.Square.<init>(Square.java:9)
at formsTesting.Square.<init>(Square.java:9)
at formsTesting.Square.<init>(Square.java:9)
at formsTesting.Square.<init>(Square.java:9)
at formsTesting.Square.<init>(Square.java:9)
at formsTesting.Square.<init>(Square.java:9)
at formsTesting.Square.<init>(Square.java:9)
at formsTesting.Square.<init>(Square.java:9)
at formsTesting.Square.<init>(Square.java:9)
at formsTesting.Square.<init>(Square.java:9)
at formsTesting.Square.<init>(Square.java:9)
at formsTesting.Square.<init>(Square.java:9)
at formsTesting.Square.<init>(Square.java:9)
at formsTesting.Square.<init>(Square.java:9)
at formsTesting.Square.<init>(Square.java:9)
at formsTesting.Square.<init>(Square.java:9)
at formsTesting.Square.<init>(Square.java:9)
at formsTesting.Square.<init>(Square.java:9)
at formsTesting.Square.<init>(Square.java:9)
at formsTesting.Square.<init>(Square.java:9)
at formsTesting.Square.<init>(Square.java:9)
at formsTesting.Square.<init>(Square.java:9)
at formsTesting.Square.<init>(Square.java:9)
at formsTesting.Square.<init>(Square.java:9)
at formsTesting.Square.<init>(Square.java:9)
at formsTesting.Square.<init>(Square.java:9)
at formsTesting.Square.<init>(Square.java:9)
at formsTesting.Square.<init>(Square.java:9)
at formsTesting.Square.<init>(Square.java:9)
at formsTesting.Square.<init>(Square.java:9)
at formsTesting.Square.<init>(Square.java:9)
at formsTesting.Square.<init>(Square.java:9)
at formsTesting.Square.<init>(Square.java:9)
at formsTesting.Square.<init>(Square.java:9)
at formsTesting.Square.<init>(Square.java:9)
at formsTesting.Square.<init>(Square.java:9)
at formsTesting.Square.<init>(Square.java:9)
at formsTesting.Square.<init>(Square.java:9)
at formsTesting.Square.<init>(Square.java:9)
at formsTesting.Square.<init>(Square.java:9)
at formsTesting.Square.<init>(Square.java:9)
at formsTesting.Square.<init>(Square.java:9)
at formsTesting.Square.<init>(Square.java:9)
at formsTesting.Square.<init>(Square.java:9)
at formsTesting.Square.<init>(Square.java:9)
at formsTesting.Square.<init>(Square.java:9)
at formsTesting.Square.<init>(Square.java:9)
at formsTesting.Square.<init>(Square.java:9)
at formsTesting.Square.<init>(Square.java:9)
at formsTesting.Square.<init>(Square.java:9)
at formsTesting.Square.<init>(Square.java:9)
at formsTesting.Square.<init>(Square.java:9)
at formsTesting.Square.<init>(Square.java:9)
at formsTesting.Square.<init>(Square.java:9)
at formsTesting.Square.<init>(Square.java:9)
at formsTesting.Square.<init>(Square.java:9)
at formsTesting.Square.<init>(Square.java:9)
at formsTesting.Square.<init>(Square.java:9)
at formsTesting.Square.<init>(Square.java:9)
at formsTesting.Square.<init>(Square.java:9)
at formsTesting.Square.<init>(Square.java:9)
at formsTesting.Square.<init>(Square.java:9)
at formsTesting.Square.<init>(Square.java:9)
at formsTesting.Square.<init>(Square.java:9)
at formsTesting.Square.<init>(Square.java:9)
at formsTesting.Square.<init>(Square.java:9)
at formsTesting.Square.<init>(Square.java:9)
at formsTesting.Square.<init>(Square.java:9)
at formsTesting.Square.<init>(Square.java:9)
at formsTesting.Square.<init>(Square.java:9)
at formsTesting.Square.<init>(Square.java:9)
at formsTesting.Square.<init>(Square.java:9)
at formsTesting.Square.<init>(Square.java:9)
at formsTesting.Square.<init>(Square.java:9)
at formsTesting.Square.<init>(Square.java:9)
at formsTesting.Square.<init>(Square.java:9)
at formsTesting.Square.<init>(Square.java:9)
at formsTesting.Square.<init>(Square.java:9)
at formsTesting.Square.<init>(Square.java:9)
at formsTesting.Square.<init>(Square.java:9)
at formsTesting.Square.<init>(Square.java:9)
at formsTesting.Square.<init>(Square.java:9)
at formsTesting.Square.<init>(Square.java:9)
at formsTesting.Square.<init>(Square.java:9)
at formsTesting.Square.<init>(Square.java:9)
[...]
at formsTesting.Square.<init>(Square.java:9)
at formsTesting.Square.<init>(Square.java:9)
at formsTesting.Square.<init>(Square.java:9)
at formsTesting.Square.<init>(Square.java:9)
at formsTesting.Square.<init>(Square.java:9)
at formsTesting.Square.<init>(Square.java:9)
at formsTesting.Square.<init>(Square.java:9)
at formsTesting.Square.<init>(Square.java:9)
at formsTesting.Square.<init>(Square.java:9)
at formsTesting.Square.<init>(Square.java:9)
at formsTesting.Square.<init>(Square.java:9)
at formsTesting.Square.<init>(Square.java:9)
at formsTesting.Square.<init>(Square.java:9)
at formsTesting.Square.<init>(Square.java:9)
at formsTesting.Square.<init>(Square.java:9)
at formsTesting.Square.<init>(Square.java:9)
at formsTesting.Square.<init>(Square.java:9)
at formsTesting.Square.<init>(Square.java:9)
at formsTesting.Square.<init>(Square.java:9)
at formsTesting.Square.<init>(Square.java:9)
at formsTesting.Square.<init>(Square.java:9)
at formsTesting.Square.<init>(Square.java:9)
at formsTesting.Square.<init>(Square.java:9)
at formsTesting.Square.<init>(Square.java:9)
at formsTesting.Square.<init>(Square.java:9)
at formsTesting.Square.<init>(Square.java:9)
at formsTesting.Square.<init>(Square.java:9)
at formsTesting.Square.<init>(Square.java:9)
at formsTesting.Square.<init>(Square.java:9)
at formsTesting.Square.<init>(Square.java:9)
at formsTesting.Square.<init>(Square.java:9)
at formsTesting.Square.<init>(Square.java:9)
at formsTesting.Square.<init>(Square.java:9)
at formsTesting.Square.<init>(Square.java:9)
at formsTesting.Square.<init>(Square.java:9)
at formsTesting.Square.<init>(Square.java:9)
at formsTesting.Square.<init>(Square.java:9)
at formsTesting.Square.<init>(Square.java:9)
at formsTesting.Square.<init>(Square.java:9)
at formsTesting.Square.<init>(Square.java:9)
at formsTesting.Square.<init>(Square.java:9)
at formsTesting.Square.<init>(Square.java:9)
at formsTesting.Square.<init>(Square.java:9)
at formsTesting.Square.<init>(Square.java:9)
at formsTesting.Square.<init>(Square.java:9)
at formsTesting.Square.<init>(Square.java:9)
at formsTesting.Square.<init>(Square.java:9)
at formsTesting.Square.<init>(Square.java:9)
at formsTesting.Square.<init>(Square.java:9)
at formsTesting.Square.<init>(Square.java:9)
at formsTesting.Square.<init>(Square.java:9)
at formsTesting.Square.<init>(Square.java:9)
at formsTesting.Square.<init>(Square.java:9)
at formsTesting.Square.<init>(Square.java:9)
at formsTesting.Square.<init>(Square.java:9)
at formsTesting.Square.<init>(Square.java:9)
at formsTesting.Square.<init>(Square.java:9)
at formsTesting.Square.<init>(Square.java:9)
at formsTesting.Square.<init>(Square.java:9)
at formsTesting.Square.<init>(Square.java:9)
at formsTesting.Square.<init>(Square.java:9)
at formsTesting.Square.<init>(Square.java:9)
at formsTesting.Square.<init>(Square.java:9)
at formsTesting.Square.<init>(Square.java:9)
at formsTesting.Square.<init>(Square.java:9)
at formsTesting.Square.<init>(Square.java:9)
at formsTesting.Square.<init>(Square.java:9)
at formsTesting.Square.<init>(Square.java:9)
at formsTesting.Square.<init>(Square.java:9)
at formsTesting.Square.<init>(Square.java:9)
at formsTesting.Square.<init>(Square.java:9)
at formsTesting.Square.<init>(Square.java:9)
at formsTesting.Square.<init>(Square.java:9)
at formsTesting.Square.<init>(Square.java:9)
at formsTesting.Square.<init>(Square.java:9)
at formsTesting.Square.<init>(Square.java:9)
at formsTesting.Square.<init>(Square.java:9)
at formsTesting.Square.<init>(Square.java:9)
at formsTesting.Square.<init>(Square.java:9)
at formsTesting.Square.<init>(Square.java:9)
at formsTesting.Square.<init>(Square.java:9)
at formsTesting.Square.<init>(Square.java:9)
at formsTesting.Square.<init>(Square.java:9)
at formsTesting.Square.<init>(Square.java:9)
at formsTesting.Square.<init>(Square.java:9)
at formsTesting.Square.<init>(Square.java:9)
at formsTesting.Square.<init>(Square.java:9)
at formsTesting.Square.<init>(Square.java:9)
at formsTesting.Square.<init>(Square.java:9)
at formsTesting.Square.<init>(Square.java:9)
at formsTesting.Square.<init>(Square.java:9)
at formsTesting.Square.<init>(Square.java:9)
at formsTesting.Square.<init>(Square.java:9)
at formsTesting.Square.<init>(Square.java:9)
at formsTesting.Square.<init>(Square.java:9)
at formsTesting.Square.<init>(Square.java:9)
at formsTesting.Square.<init>(Square.java:9)
at formsTesting.Square.<init>(Square.java:9)
at formsTesting.Square.<init>(Square.java:9)
at formsTesting.Square.<init>(Square.java:9)
at formsTesting.Square.<init>(Square.java:9)
at formsTesting.Square.<init>(Square.java:9)
at formsTesting.Square.<init>(Square.java:9)
at formsTesting.Square.<init>(Square.java:9)
at formsTesting.Square.<init>(Square.java:9)
at formsTesting.Square.<init>(Square.java:9)
at formsTesting.Square.<init>(Square.java:9)
at formsTesting.Square.<init>(Square.java:9)
at formsTesting.Square.<init>(Square.java:9)
at formsTesting.Square.<init>(Square.java:9)
at formsTesting.Square.<init>(Square.java:9)
at formsTesting.Square.<init>(Square.java:9)
at formsTesting.Square.<init>(Square.java:9)
at formsTesting.Square.<init>(Square.java:9)
at formsTesting.Square.<init>(Square.java:9)
at formsTesting.Square.<init>(Square.java:9)
at formsTesting.Square.<init>(Square.java:9)
at formsTesting.Square.<init>(Square.java:9)
at formsTesting.Square.<init>(Square.java:9)
at formsTesting.Square.<init>(Square.java:9)
at formsTesting.Square.<init>(Square.java:9)
at formsTesting.Square.<init>(Square.java:9)
at formsTesting.Square.<init>(Square.java:9)
at formsTesting.Square.<init>(Square.java:9)
at formsTesting.Square.<init>(Square.java:9)
at formsTesting.Square.<init>(Square.java:9)
at formsTesting.Square.<init>(Square.java:9)
at formsTesting.Square.<init>(Square.java:9)
at formsTesting.Square.<init>(Square.java:9)
at formsTesting.Square.<init>(Square.java:9)
at formsTesting.Square.<init>(Square.java:9)
at formsTesting.Square.<init>(Square.java:9)
at formsTesting.Square.<init>(Square.java:9)
at formsTesting.Square.<init>(Square.java:9)
at formsTesting.Square.<init>(Square.java:9)
at formsTesting.Square.<init>(Square.java:9)
at formsTesting.Square.<init>(Square.java:9)
at formsTesting.Square.<init>(Square.java:9)
at formsTesting.Square.<init>(Square.java:9)
at formsTesting.Square.<init>(Square.java:9)
at formsTesting.Square.<init>(Square.java:9)
at formsTesting.Square.<init>(Square.java:9)
at formsTesting.Square.<init>(Square.java:9)
at formsTesting.Square.<init>(Square.java:9)
at formsTesting.Square.<init>(Square.java:9)
at formsTesting.Square.<init>(Square.java:9)
at formsTesting.Square.<init>(Square.java:9)
at formsTesting.Square.<init>(Square.java:9)
at formsTesting.Square.<init>(Square.java:9)
at formsTesting.Square.<init>(Square.java:9)
at formsTesting.Square.<init>(Square.java:9)
at formsTesting.Square.<init>(Square.java:9)
at formsTesting.Square.<init>(Square.java:9)
at formsTesting.Square.<init>(Square.java:9)
at formsTesting.Square.<init>(Square.java:9)
at formsTesting.Square.<init>(Square.java:9)
at formsTesting.Square.<init>(Square.java:9)
at formsTesting.Square.<init>(Square.java:9)
at formsTesting.Square.<init>(Square.java:9)
at formsTesting.Square.<init>(Square.java:9)
at formsTesting.Square.<init>(Square.java:9)
at formsTesting.Square.<init>(Square.java:9)
at formsTesting.Square.<init>(Square.java:9)
at formsTesting.Square.<init>(Square.java:9)
at formsTesting.Square.<init>(Square.java:9)
at formsTesting.Square.<init>(Square.java:9)
at formsTesting.Square.<init>(Square.java:9)
at formsTesting.Square.<init>(Square.java:9)
at formsTesting.Square.<init>(Square.java:9)
at formsTesting.Square.<init>(Square.java:9)
at formsTesting.Square.<init>(Square.java:9)
at formsTesting.Square.<init>(Square.java:9)
at formsTesting.Square.<init>(Square.java:9)
at formsTesting.Square.<init>(Square.java:9)
at formsTesting.Square.<init>(Square.java:9)
at formsTesting.Square.<init>(Square.java:9)
at formsTesting.Square.<init>(Square.java:9)
at formsTesting.Square.<init>(Square.java:9)
at formsTesting.Square.<init>(Square.java:9)
at formsTesting.Square.<init>(Square.java:9)
at formsTesting.Square.<init>(Square.java:9)
at formsTesting.Square.<init>(Square.java:9)
at formsTesting.Square.<init>(Square.java:9)
at formsTesting.Square.<init>(Square.java:9)
at formsTesting.Square.<init>(Square.java:9)
at formsTesting.Square.<init>(Square.java:9)
at formsTesting.Square.<init>(Square.java:9)
at formsTesting.Square.<init>(Square.java:9)
at formsTesting.Square.<init>(Square.java:9)
at formsTesting.Square.<init>(Square.java:9)
at formsTesting.Square.<init>(Square.java:9)
at formsTesting.Square.<init>(Square.java:9)
at formsTesting.Square.<init>(Square.java:9)
at formsTesting.Square.<init>(Square.java:9)
at formsTesting.Square.<init>(Square.java:9)
at formsTesting.Square.<init>(Square.java:9)
at formsTesting.Square.<init>(Square.java:9)
at formsTesting.Square.<init>(Square.java:9)
at formsTesting.Square.<init>(Square.java:9)
at formsTesting.Square.<init>(Square.java:9)
at formsTesting.Square.<init>(Square.java:9)
at formsTesting.Square.<init>(Square.java:9)
at formsTesting.Square.<init>(Square.java:9)
at formsTesting.Square.<init>(Square.java:9)
at formsTesting.Square.<init>(Square.java:9)
at formsTesting.Square.<init>(Square.java:9)
at formsTesting.Square.<init>(Square.java:9)
at formsTesting.Square.<init>(Square.java:9)
at formsTesting.Square.<init>(Square.java:9)
at formsTesting.Square.<init>(Square.java:9)
at formsTesting.Square.<init>(Square.java:9)
at formsTesting.Square.<init>(Square.java:9)
at formsTesting.Square.<init>(Square.java:9)
at formsTesting.Square.<init>(Square.java:9)
at formsTesting.Square.<init>(Square.java:9)
at formsTesting.Square.<init>(Square.java:9)
at formsTesting.Square.<init>(Square.java:9)
at formsTesting.Square.<init>(Square.java:9)
at formsTesting.Square.<init>(Square.java:9)
at formsTesting.Square.<init>(Square.java:9)
at formsTesting.Square.<init>(Square.java:9)
at formsTesting.Square.<init>(Square.java:9)
at formsTesting.Square.<init>(Square.java:9)
at formsTesting.Square.<init>(Square.java:9)
at formsTesting.Square.<init>(Square.java:9)
at formsTesting.Square.<init>(Square.java:9)
at formsTesting.Square.<init>(Square.java:9)
at formsTesting.Square.<init>(Square.java:9)
at formsTesting.Square.<init>(Square.java:9)
at formsTesting.Square.<init>(Square.java:9)
at formsTesting.Square.<init>(Square.java:9)
at formsTesting.Square.<init>(Square.java:9)
at formsTesting.Square.<init>(Square.java:9)
at formsTesting.Square.<init>(Square.java:9)
at formsTesting.Square.<init>(Square.java:9)
at formsTesting.Square.<init>(Square.java:9)
at formsTesting.Square.<init>(Square.java:9)
at formsTesting.Square.<init>(Square.java:9)
at formsTesting.Square.<init>(Square.java:9)
at formsTesting.Square.<init>(Square.java:9)
at formsTesting.Square.<init>(Square.java:9)
at formsTesting.Square.<init>(Square.java:9)
at formsTesting.Square.<init>(Square.java:9)
at formsTesting.Square.<init>(Square.java:9)
at formsTesting.Square.<init>(Square.java:9)
at formsTesting.Square.<init>(Square.java:9)
at formsTesting.Square.<init>(Square.java:9)
at formsTesting.Square.<init>(Square.java:9)
at formsTesting.Square.<init>(Square.java:9)
at formsTesting.Square.<init>(Square.java:9)
at formsTesting.Square.<init>(Square.java:9)
at formsTesting.Square.<init>(Square.java:9)
at formsTesting.Square.<init>(Square.java:9)
at formsTesting.Square.<init>(Square.java:9)
at formsTesting.Square.<init>(Square.java:9)
at formsTesting.Square.<init>(Square.java:9)
at formsTesting.Square.<init>(Square.java:9)
at formsTesting.Square.<init>(Square.java:9)
at formsTesting.Square.<init>(Square.java:9)
at formsTesting.Square.<init>(Square.java:9)
at formsTesting.Square.<init>(Square.java:9)
at formsTesting.Square.<init>(Square.java:9)
at formsTesting.Square.<init>(Square.java:9)
at formsTesting.Square.<init>(Square.java:9)
at formsTesting.Square.<init>(Square.java:9)
at formsTesting.Square.<init>(Square.java:9)
at formsTesting.Square.<init>(Square.java:9)
at formsTesting.Square.<init>(Square.java:9)
at formsTesting.Square.<init>(Square.java:9)
at formsTesting.Square.<init>(Square.java:9)
at formsTesting.Square.<init>(Square.java:9)
at formsTesting.Square.<init>(Square.java:9)
at formsTesting.Square.<init>(Square.java:9)
at formsTesting.Square.<init>(Square.java:9)
at formsTesting.Square.<init>(Square.java:9)
at formsTesting.Square.<init>(Square.java:9)
at formsTesting.Square.<init>(Square.java:9)
at formsTesting.Square.<init>(Square.java:9)
at formsTesting.Square.<init>(Square.java:9)
at formsTesting.Square.<init>(Square.java:9)
at formsTesting.Square.<init>(Square.java:9)
at formsTesting.Square.<init>(Square.java:9)
at formsTesting.Square.<init>(Square.java:9)
at formsTesting.Square.<init>(Square.java:9)
at formsTesting.Square.<init>(Square.java:9)
at formsTesting.Square.<init>(Square.java:9)
at formsTesting.Square.<init>(Square.java:9)
at formsTesting.Square.<init>(Square.java:9)
at formsTesting.Square.<init>(Square.java:9)
at formsTesting.Square.<init>(Square.java:9)
at formsTesting.Square.<init>(Square.java:9)
at formsTesting.Square.<init>(Square.java:9)
at formsTesting.Square.<init>(Square.java:9)
at formsTesting.Square.<init>(Square.java:9)
at formsTesting.Square.<init>(Square.java:9)
at formsTesting.Square.<init>(Square.java:9)
at formsTesting.Square.<init>(Square.java:9)
at formsTesting.Square.<init>(Square.java:9)
at formsTesting.Square.<init>(Square.java:9)
at formsTesting.Square.<init>(Square.java:9)
at formsTesting.Square.<init>(Square.java:9)
at formsTesting.Square.<init>(Square.java:9)
at formsTesting.Square.<init>(Square.java:9)
at formsTesting.Square.<init>(Square.java:9)
at formsTesting.Square.<init>(Square.java:9)
at formsTesting.Square.<init>(Square.java:9)
at formsTesting.Square.<init>(Square.java:9)
at formsTesting.Square.<init>(Square.java:9)
at formsTesting.Square.<init>(Square.java:9)
at formsTesting.Square.<init>(Square.java:9)
at formsTesting.Square.<init>(Square.java:9)
at formsTesting.Square.<init>(Square.java:9)
at formsTesting.Square.<init>(Square.java:9)
at formsTesting.Square.<init>(Square.java:9)
at formsTesting.Square.<init>(Square.java:9)
at formsTesting.Square.<init>(Square.java:9)
at formsTesting.Square.<init>(Square.java:9)
at formsTesting.Square.<init>(Square.java:9)
at formsTesting.Square.<init>(Square.java:9)
at formsTesting.Square.<init>(Square.java:9)
at formsTesting.Square.<init>(Square.java:9)
at formsTesting.Square.<init>(Square.java:9)
at formsTesting.Square.<init>(Square.java:9)
at formsTesting.Square.<init>(Square.java:9)
at formsTesting.Square.<init>(Square.java:9)
at formsTesting.Square.<init>(Square.java:9)
at formsTesting.Square.<init>(Square.java:9)
at formsTesting.Square.<init>(Square.java:9)
at formsTesting.Square.<init>(Square.java:9)
at formsTesting.Square.<init>(Square.java:9)
at formsTesting.Square.<init>(Square.java:9)
at formsTesting.Square.<init>(Square.java:9)
at formsTesting.Square.<init>(Square.java:9)
at formsTesting.Square.<init>(Square.java:9)
at formsTesting.Square.<init>(Square.java:9)
at formsTesting.Square.<init>(Square.java:9)
at formsTesting.Square.<init>(Square.java:9)
at formsTesting.Square.<init>(Square.java:9)
at formsTesting.Square.<init>(Square.java:9)
at formsTesting.Square.<init>(Square.java:9)
at formsTesting.Square.<init>(Square.java:9)
at formsTesting.Square.<init>(Square.java:9)
at formsTesting.Square.<init>(Square.java:9)
at formsTesting.Square.<init>(Square.java:9)
at formsTesting.Square.<init>(Square.java:9)
at formsTesting.Square.<init>(Square.java:9)
at formsTesting.Square.<init>(Square.java:9)
at formsTesting.Square.<init>(Square.java:9)
at formsTesting.Square.<init>(Square.java:9)
at formsTesting.Square.<init>(Square.java:9)
at formsTesting.Square.<init>(Square.java:9)
at formsTesting.Square.<init>(Square.java:9)
at formsTesting.Square.<init>(Square.java:9)
at formsTesting.Square.<init>(Square.java:9)
at formsTesting.Square.<init>(Square.java:9)
at formsTesting.Square.<init>(Square.java:9)
at formsTesting.Square.<init>(Square.java:9)
at formsTesting.Square.<init>(Square.java:9)
at formsTesting.Square.<init>(Square.java:9)
at formsTesting.Square.<init>(Square.java:9)
at formsTesting.Square.<init>(Square.java:9)
at formsTesting.Square.<init>(Square.java:9)
at formsTesting.Square.<init>(Square.java:9)
at formsTesting.Square.<init>(Square.java:9)
at formsTesting.Square.<init>(Square.java:9)
at formsTesting.Square.<init>(Square.java:9)
at formsTesting.Square.<init>(Square.java:9)
at formsTesting.Square.<init>(Square.java:9)
at formsTesting.Square.<init>(Square.java:9)
at formsTesting.Square.<init>(Square.java:9)
at formsTesting.Square.<init>(Square.java:9)
at formsTesting.Square.<init>(Square.java:9)
at formsTesting.Square.<init>(Square.java:9)
at formsTesting.Square.<init>(Square.java:9)
at formsTesting.Square.<init>(Square.java:9)
at formsTesting.Square.<init>(Square.java:9)
at formsTesting.Square.<init>(Square.java:9)
at formsTesting.Square.<init>(Square.java:9)
at formsTesting.Square.<init>(Square.java:9)
at formsTesting.Square.<init>(Square.java:9)
at formsTesting.Square.<init>(Square.java:9)
at formsTesting.Square.<init>(Square.java:9)
at formsTesting.Square.<init>(Square.java:9)
at formsTesting.Square.<init>(Square.java:9)
at formsTesting.Square.<init>(Square.java:9)
at formsTesting.Square.<init>(Square.java:9)
at formsTesting.Square.<init>(Square.java:9)
at formsTesting.Square.<init>(Square.java:9)
at formsTesting.Square.<init>(Square.java:9)
at formsTesting.Square.<init>(Square.java:9)
at formsTesting.Square.<init>(Square.java:9)
at formsTesting.Square.<init>(Square.java:9)
at formsTesting.Square.<init>(Square.java:9)
at formsTesting.Square.<init>(Square.java:9)
at formsTesting.Square.<init>(Square.java:9)
at formsTesting.Square.<init>(Square.java:9)
at formsTesting.Square.<init>(Square.java:9)
at formsTesting.Square.<init>(Square.java:9)
at formsTesting.Square.<init>(Square.java:9)
at formsTesting.Square.<init>(Square.java:9)
at formsTesting.Square.<init>(Square.java:9)
at formsTesting.Square.<init>(Square.java:9)
at formsTesting.Square.<init>(Square.java:9)
at formsTesting.Square.<init>(Square.java:9)
at formsTesting.Square.<init>(Square.java:9)
at formsTesting.Square.<init>(Square.java:9)
at formsTesting.Square.<init>(Square.java:9)
at formsTesting.Square.<init>(Square.java:9)
at formsTesting.Square.<init>(Square.java:9)
at formsTesting.Square.<init>(Square.java:9)
at formsTesting.Square.<init>(Square.java:9)
at formsTesting.Square.<init>(Square.java:9)
at formsTesting.Square.<init>(Square.java:9)
at formsTesting.Square.<init>(Square.java:9)
at formsTesting.Square.<init>(Square.java:9)
at formsTesting.Square.<init>(Square.java:9)
at formsTesting.Square.<init>(Square.java:9)
at formsTesting.Square.<init>(Square.java:9)
at formsTesting.Square.<init>(Square.java:9)
at formsTesting.Square.<init>(Square.java:9)
at formsTesting.Square.<init>(Square.java:9)
at formsTesting.Square.<init>(Square.java:9)
at formsTesting.Square.<init>(Square.java:9)
at formsTesting.Square.<init>(Square.java:9)
at formsTesting.Square.<init>(Square.java:9)
at formsTesting.Square.<init>(Square.java:9)
at formsTesting.Square.<init>(Square.java:9)
at formsTesting.Square.<init>(Square.java:9)
at formsTesting.Square.<init>(Square.java:9)
at formsTesting.Square.<init>(Square.java:9)
at formsTesting.Square.<init>(Square.java:9)
at formsTesting.Square.<init>(Square.java:9)
at formsTesting.Square.<init>(Square.java:9)
at formsTesting.Square.<init>(Square.java:9)
at formsTesting.Square.<init>(Square.java:9)
at formsTesting.Square.<init>(Square.java:9)
at formsTesting.Square.<init>(Square.java:9)
at formsTesting.Square.<init>(Square.java:9)
at formsTesting.Square.<init>(Square.java:9)
at formsTesting.Square.<init>(Square.java:9)
at formsTesting.Square.<init>(Square.java:9)
]]>
    </error>
  </testcase> <!-- testCalculateCircumference -->
  <system-out/>
</testsuite> <!-- formsTesting.SquareTest -->
